TpTrace Verbose: 0 : 18756, 1, 2024/03/05, 00:48:48.923, 391457075652, vstest.console.dll, Version: 17.7.1-release-23418-01 Current process architecture: X64
TpTrace Verbose: 0 : 18756, 1, 2024/03/05, 00:48:48.925, 391457098425, vstest.console.dll, Runtime location: C:\Program Files\dotnet\shared\Microsoft.NETCore.App\7.0.12
TpTrace Verbose: 0 : 18756, 1, 2024/03/05, 00:48:48.928, 391457130301, vstest.console.dll, ArtifactProcessingPostProcessModeProcessorExecutor.Initialize: ArtifactProcessingMode.Collect
TpTrace Verbose: 0 : 18756, 1, 2024/03/05, 00:48:48.928, 391457131716, vstest.console.dll, TestSessionCorrelationIdProcessorModeProcessorExecutor.Initialize: TestSessionCorrelationId '18052_457ba5ff-8cf5-42bf-a98f-d2c5c1ab83a7'
TpTrace Information: 0 : 18756, 1, 2024/03/05, 00:48:48.937, 391457214696, vstest.console.dll, FilePatternParser: The given file C:\Users\A C E R\Desktop\FastX - BusTicketBooking\FastXSolution\FastXAppTest\bin\Debug\net6.0\fine-code-coverage\build-output\FastXAppTest.dll is a full path.
TpTrace Verbose: 0 : 18756, 1, 2024/03/05, 00:48:48.942, 391457268332, vstest.console.dll, TestPluginCache.DiscoverTestExtensions: finding test extensions in assemblies ends with: RuntimeProvider.dll TPluginInfo: Microsoft.VisualStudio.TestPlatform.Common.ExtensionFramework.Utilities.TestRuntimePluginInformation TExtension: Microsoft.VisualStudio.TestPlatform.ObjectModel.Host.ITestRuntimeProvider
TpTrace Verbose: 0 : 18756, 1, 2024/03/05, 00:48:48.942, 391457273198, vstest.console.dll, TestPluginCache.GetExtensionPaths: Filtered extension paths: 
TpTrace Verbose: 0 : 18756, 1, 2024/03/05, 00:48:48.943, 391457275363, vstest.console.dll, TestPluginCache.GetExtensionPaths: Added default extension paths: C:\Program Files\dotnet\sdk\7.0.402\Extensions\Microsoft.Diagnostics.NETCore.Client.dll
C:\Program Files\dotnet\sdk\7.0.402\Extensions\Microsoft.TestPlatform.Extensions.BlameDataCollector.dll
C:\Program Files\dotnet\sdk\7.0.402\Extensions\Microsoft.TestPlatform.Extensions.EventLogCollector.dll
C:\Program Files\dotnet\sdk\7.0.402\Extensions\Microsoft.TestPlatform.TestHostRuntimeProvider.dll
C:\Program Files\dotnet\sdk\7.0.402\Extensions\Microsoft.VisualStudio.TestPlatform.Extensions.Html.TestLogger.dll
C:\Program Files\dotnet\sdk\7.0.402\Extensions\Microsoft.VisualStudio.TestPlatform.Extensions.Trx.TestLogger.dll
TpTrace Verbose: 0 : 18756, 1, 2024/03/05, 00:48:48.943, 391457276125, vstest.console.dll, TestPluginCache.GetExtensionPaths: Added unfilterableExtensionPaths: 
TpTrace Information: 0 : 18756, 1, 2024/03/05, 00:48:48.944, 391457287385, vstest.console.dll, AssemblyResolver.ctor: Creating AssemblyResolver with searchDirectories C:\Program Files\dotnet\sdk\7.0.402\Extensions,C:\Program Files\dotnet\sdk\7.0.402
TpTrace Verbose: 0 : 18756, 1, 2024/03/05, 00:48:48.946, 391457308783, vstest.console.dll, TestPluginCache.DiscoverTestExtensions: Discovering the extensions using extension path.
TpTrace Verbose: 0 : 18756, 1, 2024/03/05, 00:48:48.946, 391457312771, vstest.console.dll, TestPluginCache.GetExtensionPaths: Filtered extension paths: 
TpTrace Verbose: 0 : 18756, 1, 2024/03/05, 00:48:48.947, 391457313702, vstest.console.dll, TestPluginCache.GetExtensionPaths: Added default extension paths: C:\Program Files\dotnet\sdk\7.0.402\Extensions\Microsoft.Diagnostics.NETCore.Client.dll
C:\Program Files\dotnet\sdk\7.0.402\Extensions\Microsoft.TestPlatform.Extensions.BlameDataCollector.dll
C:\Program Files\dotnet\sdk\7.0.402\Extensions\Microsoft.TestPlatform.Extensions.EventLogCollector.dll
C:\Program Files\dotnet\sdk\7.0.402\Extensions\Microsoft.TestPlatform.TestHostRuntimeProvider.dll
C:\Program Files\dotnet\sdk\7.0.402\Extensions\Microsoft.VisualStudio.TestPlatform.Extensions.Html.TestLogger.dll
C:\Program Files\dotnet\sdk\7.0.402\Extensions\Microsoft.VisualStudio.TestPlatform.Extensions.Trx.TestLogger.dll
TpTrace Verbose: 0 : 18756, 1, 2024/03/05, 00:48:48.947, 391457314538, vstest.console.dll, TestPluginCache.GetExtensionPaths: Added unfilterableExtensionPaths: 
TpTrace Verbose: 0 : 18756, 1, 2024/03/05, 00:48:48.947, 391457316192, vstest.console.dll, TestPluginCache.DiscoverTestExtensions: Discovering the extensions using allExtensionPaths: C:\Program Files\dotnet\sdk\7.0.402\Extensions\Microsoft.Diagnostics.NETCore.Client.dll
C:\Program Files\dotnet\sdk\7.0.402\Extensions\Microsoft.TestPlatform.Extensions.BlameDataCollector.dll
C:\Program Files\dotnet\sdk\7.0.402\Extensions\Microsoft.TestPlatform.Extensions.EventLogCollector.dll
C:\Program Files\dotnet\sdk\7.0.402\Extensions\Microsoft.TestPlatform.TestHostRuntimeProvider.dll
C:\Program Files\dotnet\sdk\7.0.402\Extensions\Microsoft.VisualStudio.TestPlatform.Extensions.Html.TestLogger.dll
C:\Program Files\dotnet\sdk\7.0.402\Extensions\Microsoft.VisualStudio.TestPlatform.Extensions.Trx.TestLogger.dll
TpTrace Information: 0 : 18756, 1, 2024/03/05, 00:48:48.947, 391457321506, vstest.console.dll, AssemblyResolver.AddSearchDirectories: Adding more searchDirectories C:\Program Files\dotnet\sdk\7.0.402\Extensions,C:\Program Files\dotnet\sdk\7.0.402
TpTrace Information: 0 : 18756, 1, 2024/03/05, 00:48:48.947, 391457322781, vstest.console.dll, AssemblyResolver.AddSearchDirectories: Adding more searchDirectories C:\Program Files\dotnet\sdk\7.0.402\Extensions,C:\Program Files\dotnet\sdk\7.0.402
TpTrace Information: 0 : 18756, 1, 2024/03/05, 00:48:48.947, 391457323536, vstest.console.dll, AssemblyResolver.AddSearchDirectories: Adding more searchDirectories C:\Program Files\dotnet\sdk\7.0.402\Extensions,C:\Program Files\dotnet\sdk\7.0.402
TpTrace Information: 0 : 18756, 1, 2024/03/05, 00:48:48.948, 391457324065, vstest.console.dll, AssemblyResolver.AddSearchDirectories: Adding more searchDirectories C:\Program Files\dotnet\sdk\7.0.402\Extensions,C:\Program Files\dotnet\sdk\7.0.402
TpTrace Information: 0 : 18756, 1, 2024/03/05, 00:48:48.948, 391457325280, vstest.console.dll, AssemblyResolver.AddSearchDirectories: Adding more searchDirectories C:\Program Files\dotnet\sdk\7.0.402\Extensions,C:\Program Files\dotnet\sdk\7.0.402
TpTrace Information: 0 : 18756, 1, 2024/03/05, 00:48:48.948, 391457325849, vstest.console.dll, AssemblyResolver.AddSearchDirectories: Adding more searchDirectories C:\Program Files\dotnet\sdk\7.0.402\Extensions,C:\Program Files\dotnet\sdk\7.0.402
TpTrace Information: 0 : 18756, 1, 2024/03/05, 00:48:48.948, 391457332124, vstest.console.dll, AssemblyResolver.OnResolve: Microsoft.Diagnostics.NETCore.Client: Resolving assembly.
TpTrace Information: 0 : 18756, 1, 2024/03/05, 00:48:48.948, 391457333119, vstest.console.dll, AssemblyResolver.OnResolve: Microsoft.Diagnostics.NETCore.Client: Searching in: 'C:\Program Files\dotnet\sdk\7.0.402\Extensions'.
TpTrace Information: 0 : 18756, 1, 2024/03/05, 00:48:48.955, 391457402681, vstest.console.dll, AssemblyResolver.OnResolve: Microsoft.Diagnostics.NETCore.Client: Loading assembly 'C:\Program Files\dotnet\sdk\7.0.402\Extensions\Microsoft.Diagnostics.NETCore.Client.dll'.
TpTrace Information: 0 : 18756, 1, 2024/03/05, 00:48:48.956, 391457407766, vstest.console.dll, AssemblyResolver.OnResolve: Resolved assembly: Microsoft.Diagnostics.NETCore.Client, from path: C:\Program Files\dotnet\sdk\7.0.402\Extensions\Microsoft.Diagnostics.NETCore.Client.dll
TpTrace Verbose: 0 : 18756, 1, 2024/03/05, 00:48:48.957, 391457423594, vstest.console.dll, MetadataReaderExtensionsHelper: Discovering extensions inside assembly 'Microsoft.Diagnostics.NETCore.Client, Version=0.2.8.21101, Culture=neutral, PublicKeyToken=31bf3856ad364e35' file path 'C:\Program Files\dotnet\sdk\7.0.402\Extensions\Microsoft.Diagnostics.NETCore.Client.dll'
TpTrace Information: 0 : 18756, 1, 2024/03/05, 00:48:48.961, 391457463140, vstest.console.dll, AssemblyResolver.OnResolve: Microsoft.Bcl.AsyncInterfaces: Resolving assembly.
TpTrace Information: 0 : 18756, 1, 2024/03/05, 00:48:48.962, 391457464182, vstest.console.dll, AssemblyResolver.OnResolve: Microsoft.Bcl.AsyncInterfaces: Searching in: 'C:\Program Files\dotnet\sdk\7.0.402\Extensions'.
TpTrace Information: 0 : 18756, 1, 2024/03/05, 00:48:48.962, 391457464916, vstest.console.dll, AssemblyResolver.OnResolve: Microsoft.Bcl.AsyncInterfaces: Assembly path does not exist: 'C:\Program Files\dotnet\sdk\7.0.402\Extensions\Microsoft.Bcl.AsyncInterfaces.dll', returning.
TpTrace Information: 0 : 18756, 1, 2024/03/05, 00:48:48.962, 391457465822, vstest.console.dll, AssemblyResolver.OnResolve: Microsoft.Bcl.AsyncInterfaces: Assembly path does not exist: 'C:\Program Files\dotnet\sdk\7.0.402\Extensions\Microsoft.Bcl.AsyncInterfaces.exe', returning.
TpTrace Information: 0 : 18756, 1, 2024/03/05, 00:48:48.962, 391457466184, vstest.console.dll, AssemblyResolver.OnResolve: Microsoft.Bcl.AsyncInterfaces: Searching in: 'C:\Program Files\dotnet\sdk\7.0.402'.
TpTrace Information: 0 : 18756, 1, 2024/03/05, 00:48:48.962, 391457466680, vstest.console.dll, AssemblyResolver.OnResolve: Microsoft.Bcl.AsyncInterfaces: Assembly path does not exist: 'C:\Program Files\dotnet\sdk\7.0.402\Microsoft.Bcl.AsyncInterfaces.dll', returning.
TpTrace Information: 0 : 18756, 1, 2024/03/05, 00:48:48.962, 391457467231, vstest.console.dll, AssemblyResolver.OnResolve: Microsoft.Bcl.AsyncInterfaces: Assembly path does not exist: 'C:\Program Files\dotnet\sdk\7.0.402\Microsoft.Bcl.AsyncInterfaces.exe', returning.
TpTrace Information: 0 : 18756, 1, 2024/03/05, 00:48:48.962, 391457467529, vstest.console.dll, AssemblyResolver.OnResolve: Microsoft.Bcl.AsyncInterfaces: Failed to load assembly.
TpTrace Verbose: 0 : 18756, 1, 2024/03/05, 00:48:48.962, 391457467872, vstest.console.dll, CurrentDomainAssemblyResolve: Resolving assembly 'Microsoft.Bcl.AsyncInterfaces'.
TpTrace Information: 0 : 18756, 1, 2024/03/05, 00:48:48.962, 391457468479, vstest.console.dll, AssemblyResolver.OnResolve: Microsoft.Bcl.AsyncInterfaces: Resolving assembly.
TpTrace Information: 0 : 18756, 1, 2024/03/05, 00:48:48.962, 391457468862, vstest.console.dll, AssemblyResolver.OnResolve: Microsoft.Bcl.AsyncInterfaces: Resolved from cache.
TpTrace Verbose: 0 : 18756, 1, 2024/03/05, 00:48:48.962, 391457469189, vstest.console.dll, CurrentDomainAssemblyResolve: Resolving assembly 'Microsoft.Bcl.AsyncInterfaces'.
TpTrace Verbose: 0 : 18756, 1, 2024/03/05, 00:48:48.962, 391457469792, vstest.console.dll, CurrentDomainAssemblyResolve: Failed to resolve assembly 'Microsoft.Bcl.AsyncInterfaces'.
TpTrace Verbose: 0 : 18756, 1, 2024/03/05, 00:48:48.963, 391457479999, vstest.console.dll, CurrentDomainAssemblyResolve: Failed to resolve assembly 'Microsoft.Bcl.AsyncInterfaces'.
TpTrace Warning: 0 : 18756, 1, 2024/03/05, 00:48:48.973, 391457580729, vstest.console.dll, TestPluginDiscoverer: Failed to get types from assembly 'Microsoft.Diagnostics.NETCore.Client, Version=0.2.8.21101, Culture=neutral, PublicKeyToken=31bf3856ad364e35'. Error: System.Reflection.ReflectionTypeLoadException: Unable to load one or more of the requested types.
Could not load file or assembly 'Microsoft.Bcl.AsyncInterfaces, Version=1.0.0.0, Culture=neutral, PublicKeyToken=cc7b13ffcd2ddd51'. The system cannot find the file specified.
   at System.Reflection.RuntimeModule.GetTypes(RuntimeModule module)
   at System.Reflection.Assembly.GetTypes()
   at Microsoft.VisualStudio.TestPlatform.Common.ExtensionFramework.TestPluginDiscoverer.GetTestExtensionsFromAssembly[TPluginInfo,TExtension](Assembly assembly, Dictionary`2 pluginInfos, String filePath) in /_/src/Microsoft.TestPlatform.Common/ExtensionFramework/TestPluginDiscoverer.cs:line 158
System.IO.FileNotFoundException: Could not load file or assembly 'Microsoft.Bcl.AsyncInterfaces, Version=1.0.0.0, Culture=neutral, PublicKeyToken=cc7b13ffcd2ddd51'. The system cannot find the file specified.
File name: 'Microsoft.Bcl.AsyncInterfaces, Version=1.0.0.0, Culture=neutral, PublicKeyToken=cc7b13ffcd2ddd51'
 ---> System.IO.FileNotFoundException: Could not load file or assembly 'Microsoft.Bcl.AsyncInterfaces, Culture=neutral, PublicKeyToken=null'. The system cannot find the file specified.
File name: 'Microsoft.Bcl.AsyncInterfaces, Culture=neutral, PublicKeyToken=null'
   at System.Reflection.RuntimeAssembly.InternalLoad(AssemblyName assemblyName, StackCrawlMark& stackMark, AssemblyLoadContext assemblyLoadContext, RuntimeAssembly requestingAssembly, Boolean throwOnFileNotFound)
   at System.Reflection.Assembly.Load(AssemblyName assemblyRef)
   at Microsoft.VisualStudio.TestPlatform.Common.ExtensionFramework.TestPluginCache.CurrentDomainAssemblyResolve(Object sender, AssemblyResolveEventArgs args) in /_/src/Microsoft.TestPlatform.Common/ExtensionFramework/TestPluginCache.cs:line 513
   at System.Runtime.Loader.AssemblyLoadContext.GetFirstResolvedAssemblyFromResolvingEvent(AssemblyName assemblyName)
   at System.Runtime.Loader.AssemblyLoadContext.ResolveUsingEvent(AssemblyName assemblyName)
   at System.Runtime.Loader.AssemblyLoadContext.ResolveUsingResolvingEvent(IntPtr gchManagedAssemblyLoadContext, AssemblyName assemblyName)
TpTrace Warning: 0 : 18756, 1, 2024/03/05, 00:48:48.974, 391457585074, vstest.console.dll, LoaderExceptions: System.IO.FileNotFoundException: Could not load file or assembly 'Microsoft.Bcl.AsyncInterfaces, Version=1.0.0.0, Culture=neutral, PublicKeyToken=cc7b13ffcd2ddd51'. The system cannot find the file specified.
File name: 'Microsoft.Bcl.AsyncInterfaces, Version=1.0.0.0, Culture=neutral, PublicKeyToken=cc7b13ffcd2ddd51'
 ---> System.IO.FileNotFoundException: Could not load file or assembly 'Microsoft.Bcl.AsyncInterfaces, Culture=neutral, PublicKeyToken=null'. The system cannot find the file specified.
File name: 'Microsoft.Bcl.AsyncInterfaces, Culture=neutral, PublicKeyToken=null'
   at System.Reflection.RuntimeAssembly.InternalLoad(AssemblyName assemblyName, StackCrawlMark& stackMark, AssemblyLoadContext assemblyLoadContext, RuntimeAssembly requestingAssembly, Boolean throwOnFileNotFound)
   at System.Reflection.Assembly.Load(AssemblyName assemblyRef)
   at Microsoft.VisualStudio.TestPlatform.Common.ExtensionFramework.TestPluginCache.CurrentDomainAssemblyResolve(Object sender, AssemblyResolveEventArgs args) in /_/src/Microsoft.TestPlatform.Common/ExtensionFramework/TestPluginCache.cs:line 513
   at System.Runtime.Loader.AssemblyLoadContext.GetFirstResolvedAssemblyFromResolvingEvent(AssemblyName assemblyName)
   at System.Runtime.Loader.AssemblyLoadContext.ResolveUsingEvent(AssemblyName assemblyName)
   at System.Runtime.Loader.AssemblyLoadContext.ResolveUsingResolvingEvent(IntPtr gchManagedAssemblyLoadContext, AssemblyName assemblyName)
TpTrace Information: 0 : 18756, 1, 2024/03/05, 00:48:48.974, 391457586762, vstest.console.dll, AssemblyResolver.OnResolve: Microsoft.TestPlatform.Extensions.BlameDataCollector: Resolving assembly.
TpTrace Information: 0 : 18756, 1, 2024/03/05, 00:48:48.974, 391457587257, vstest.console.dll, AssemblyResolver.OnResolve: Microsoft.TestPlatform.Extensions.BlameDataCollector: Searching in: 'C:\Program Files\dotnet\sdk\7.0.402\Extensions'.
TpTrace Information: 0 : 18756, 1, 2024/03/05, 00:48:48.974, 391457590479, vstest.console.dll, AssemblyResolver.OnResolve: Microsoft.TestPlatform.Extensions.BlameDataCollector: Loading assembly 'C:\Program Files\dotnet\sdk\7.0.402\Extensions\Microsoft.TestPlatform.Extensions.BlameDataCollector.dll'.
TpTrace Information: 0 : 18756, 1, 2024/03/05, 00:48:48.975, 391457594882, vstest.console.dll, AssemblyResolver.OnResolve: Resolved assembly: Microsoft.TestPlatform.Extensions.BlameDataCollector, from path: C:\Program Files\dotnet\sdk\7.0.402\Extensions\Microsoft.TestPlatform.Extensions.BlameDataCollector.dll
TpTrace Verbose: 0 : 18756, 1, 2024/03/05, 00:48:48.975, 391457595577, vstest.console.dll, MetadataReaderExtensionsHelper: Discovering extensions inside assembly 'Microsoft.TestPlatform.Extensions.BlameDataCollector, Version=15.0.0.0, Culture=neutral, PublicKeyToken=b03f5f7f11d50a3a' file path 'C:\Program Files\dotnet\sdk\7.0.402\Extensions\Microsoft.TestPlatform.Extensions.BlameDataCollector.dll'
TpTrace Information: 0 : 18756, 1, 2024/03/05, 00:48:48.976, 391457609316, vstest.console.dll, AssemblyResolver.OnResolve: Microsoft.TestPlatform.Extensions.EventLogCollector: Resolving assembly.
TpTrace Information: 0 : 18756, 1, 2024/03/05, 00:48:48.976, 391457609971, vstest.console.dll, AssemblyResolver.OnResolve: Microsoft.TestPlatform.Extensions.EventLogCollector: Searching in: 'C:\Program Files\dotnet\sdk\7.0.402\Extensions'.
TpTrace Information: 0 : 18756, 1, 2024/03/05, 00:48:48.977, 391457614318, vstest.console.dll, AssemblyResolver.OnResolve: Microsoft.TestPlatform.Extensions.EventLogCollector: Loading assembly 'C:\Program Files\dotnet\sdk\7.0.402\Extensions\Microsoft.TestPlatform.Extensions.EventLogCollector.dll'.
TpTrace Information: 0 : 18756, 1, 2024/03/05, 00:48:48.977, 391457617133, vstest.console.dll, AssemblyResolver.OnResolve: Resolved assembly: Microsoft.TestPlatform.Extensions.EventLogCollector, from path: C:\Program Files\dotnet\sdk\7.0.402\Extensions\Microsoft.TestPlatform.Extensions.EventLogCollector.dll
TpTrace Verbose: 0 : 18756, 1, 2024/03/05, 00:48:48.977, 391457617703, vstest.console.dll, MetadataReaderExtensionsHelper: Discovering extensions inside assembly 'Microsoft.TestPlatform.Extensions.EventLogCollector, Version=15.0.0.0, Culture=neutral, PublicKeyToken=b03f5f7f11d50a3a' file path 'C:\Program Files\dotnet\sdk\7.0.402\Extensions\Microsoft.TestPlatform.Extensions.EventLogCollector.dll'
TpTrace Information: 0 : 18756, 1, 2024/03/05, 00:48:48.978, 391457632904, vstest.console.dll, AssemblyResolver.OnResolve: Microsoft.TestPlatform.TestHostRuntimeProvider: Resolving assembly.
TpTrace Information: 0 : 18756, 1, 2024/03/05, 00:48:48.978, 391457633559, vstest.console.dll, AssemblyResolver.OnResolve: Microsoft.TestPlatform.TestHostRuntimeProvider: Searching in: 'C:\Program Files\dotnet\sdk\7.0.402\Extensions'.
TpTrace Information: 0 : 18756, 1, 2024/03/05, 00:48:48.979, 391457635676, vstest.console.dll, AssemblyResolver.OnResolve: Microsoft.TestPlatform.TestHostRuntimeProvider: Loading assembly 'C:\Program Files\dotnet\sdk\7.0.402\Extensions\Microsoft.TestPlatform.TestHostRuntimeProvider.dll'.
TpTrace Information: 0 : 18756, 1, 2024/03/05, 00:48:48.979, 391457639073, vstest.console.dll, AssemblyResolver.OnResolve: Resolved assembly: Microsoft.TestPlatform.TestHostRuntimeProvider, from path: C:\Program Files\dotnet\sdk\7.0.402\Extensions\Microsoft.TestPlatform.TestHostRuntimeProvider.dll
TpTrace Verbose: 0 : 18756, 1, 2024/03/05, 00:48:48.979, 391457639860, vstest.console.dll, MetadataReaderExtensionsHelper: Discovering extensions inside assembly 'Microsoft.TestPlatform.TestHostRuntimeProvider, Version=15.0.0.0, Culture=neutral, PublicKeyToken=b03f5f7f11d50a3a' file path 'C:\Program Files\dotnet\sdk\7.0.402\Extensions\Microsoft.TestPlatform.TestHostRuntimeProvider.dll'
TpTrace Information: 0 : 18756, 1, 2024/03/05, 00:48:48.981, 391457655129, vstest.console.dll, GetTestExtensionFromType: Register extension with identifier data 'HostProvider://DefaultTestHost' and type 'Microsoft.VisualStudio.TestPlatform.CrossPlatEngine.Hosting.DefaultTestHostManager, Microsoft.TestPlatform.TestHostRuntimeProvider, Version=15.0.0.0, Culture=neutral, PublicKeyToken=b03f5f7f11d50a3a' inside file 'C:\Program Files\dotnet\sdk\7.0.402\Extensions\Microsoft.TestPlatform.TestHostRuntimeProvider.dll'
TpTrace Information: 0 : 18756, 1, 2024/03/05, 00:48:48.981, 391457657336, vstest.console.dll, GetTestExtensionFromType: Register extension with identifier data 'HostProvider://DotnetTestHost' and type 'Microsoft.VisualStudio.TestPlatform.CrossPlatEngine.Hosting.DotnetTestHostManager, Microsoft.TestPlatform.TestHostRuntimeProvider, Version=15.0.0.0, Culture=neutral, PublicKeyToken=b03f5f7f11d50a3a' inside file 'C:\Program Files\dotnet\sdk\7.0.402\Extensions\Microsoft.TestPlatform.TestHostRuntimeProvider.dll'
TpTrace Information: 0 : 18756, 1, 2024/03/05, 00:48:48.981, 391457658120, vstest.console.dll, AssemblyResolver.OnResolve: Microsoft.VisualStudio.TestPlatform.Extensions.Html.TestLogger: Resolving assembly.
TpTrace Information: 0 : 18756, 1, 2024/03/05, 00:48:48.981, 391457658473, vstest.console.dll, AssemblyResolver.OnResolve: Microsoft.VisualStudio.TestPlatform.Extensions.Html.TestLogger: Searching in: 'C:\Program Files\dotnet\sdk\7.0.402\Extensions'.
TpTrace Information: 0 : 18756, 1, 2024/03/05, 00:48:48.981, 391457660504, vstest.console.dll, AssemblyResolver.OnResolve: Microsoft.VisualStudio.TestPlatform.Extensions.Html.TestLogger: Loading assembly 'C:\Program Files\dotnet\sdk\7.0.402\Extensions\Microsoft.VisualStudio.TestPlatform.Extensions.Html.TestLogger.dll'.
TpTrace Information: 0 : 18756, 1, 2024/03/05, 00:48:48.981, 391457663479, vstest.console.dll, AssemblyResolver.OnResolve: Resolved assembly: Microsoft.VisualStudio.TestPlatform.Extensions.Html.TestLogger, from path: C:\Program Files\dotnet\sdk\7.0.402\Extensions\Microsoft.VisualStudio.TestPlatform.Extensions.Html.TestLogger.dll
TpTrace Verbose: 0 : 18756, 1, 2024/03/05, 00:48:48.982, 391457664061, vstest.console.dll, MetadataReaderExtensionsHelper: Discovering extensions inside assembly 'Microsoft.VisualStudio.TestPlatform.Extensions.Html.TestLogger, Version=15.0.0.0, Culture=neutral, PublicKeyToken=b03f5f7f11d50a3a' file path 'C:\Program Files\dotnet\sdk\7.0.402\Extensions\Microsoft.VisualStudio.TestPlatform.Extensions.Html.TestLogger.dll'
TpTrace Information: 0 : 18756, 1, 2024/03/05, 00:48:48.982, 391457671589, vstest.console.dll, AssemblyResolver.OnResolve: Microsoft.VisualStudio.TestPlatform.Extensions.Trx.TestLogger: Resolving assembly.
TpTrace Information: 0 : 18756, 1, 2024/03/05, 00:48:48.982, 391457672216, vstest.console.dll, AssemblyResolver.OnResolve: Microsoft.VisualStudio.TestPlatform.Extensions.Trx.TestLogger: Searching in: 'C:\Program Files\dotnet\sdk\7.0.402\Extensions'.
TpTrace Information: 0 : 18756, 1, 2024/03/05, 00:48:48.983, 391457674206, vstest.console.dll, AssemblyResolver.OnResolve: Microsoft.VisualStudio.TestPlatform.Extensions.Trx.TestLogger: Loading assembly 'C:\Program Files\dotnet\sdk\7.0.402\Extensions\Microsoft.VisualStudio.TestPlatform.Extensions.Trx.TestLogger.dll'.
TpTrace Information: 0 : 18756, 1, 2024/03/05, 00:48:48.983, 391457677588, vstest.console.dll, AssemblyResolver.OnResolve: Resolved assembly: Microsoft.VisualStudio.TestPlatform.Extensions.Trx.TestLogger, from path: C:\Program Files\dotnet\sdk\7.0.402\Extensions\Microsoft.VisualStudio.TestPlatform.Extensions.Trx.TestLogger.dll
TpTrace Verbose: 0 : 18756, 1, 2024/03/05, 00:48:48.983, 391457678191, vstest.console.dll, MetadataReaderExtensionsHelper: Discovering extensions inside assembly 'Microsoft.VisualStudio.TestPlatform.Extensions.Trx.TestLogger, Version=15.0.0.0, Culture=neutral, PublicKeyToken=b03f5f7f11d50a3a' file path 'C:\Program Files\dotnet\sdk\7.0.402\Extensions\Microsoft.VisualStudio.TestPlatform.Extensions.Trx.TestLogger.dll'
TpTrace Verbose: 0 : 18756, 1, 2024/03/05, 00:48:48.984, 391457686615, vstest.console.dll, TestPluginCache: Discovered the extensions using extension path ''.
TpTrace Verbose: 0 : 18756, 1, 2024/03/05, 00:48:48.984, 391457687162, vstest.console.dll, TestPluginCache: Discoverers are ''.
TpTrace Verbose: 0 : 18756, 1, 2024/03/05, 00:48:48.984, 391457687482, vstest.console.dll, TestPluginCache: Executors are ''.
TpTrace Verbose: 0 : 18756, 1, 2024/03/05, 00:48:48.984, 391457687727, vstest.console.dll, TestPluginCache: Executors2 are ''.
TpTrace Verbose: 0 : 18756, 1, 2024/03/05, 00:48:48.984, 391457687956, vstest.console.dll, TestPluginCache: Setting providers are ''.
TpTrace Verbose: 0 : 18756, 1, 2024/03/05, 00:48:48.984, 391457688181, vstest.console.dll, TestPluginCache: Loggers are ''.
TpTrace Verbose: 0 : 18756, 1, 2024/03/05, 00:48:48.984, 391457689415, vstest.console.dll, TestPluginCache: TestHosts are 'HostProvider://DefaultTestHost,HostProvider://DotnetTestHost'.
TpTrace Verbose: 0 : 18756, 1, 2024/03/05, 00:48:48.984, 391457689770, vstest.console.dll, TestPluginCache: DataCollectors are ''.
TpTrace Information: 0 : 18756, 1, 2024/03/05, 00:48:48.995, 391457800030, vstest.console.dll, RunTestsArgumentProcessor:Execute: Test run is starting.
TpTrace Verbose: 0 : 18756, 1, 2024/03/05, 00:48:48.995, 391457800964, vstest.console.dll, RunTestsArgumentProcessor:Execute: Queuing Test run.
TpTrace Information: 0 : 18756, 1, 2024/03/05, 00:48:48.995, 391457803050, vstest.console.dll, TestRequestManager.RunTests: run tests started.
TpTrace Information: 0 : 18756, 1, 2024/03/05, 00:48:48.997, 391457815671, vstest.console.dll, AssemblyMetadataProvider.GetFrameworkName: Determined framework:'.NETCoreApp,Version=v6.0' for source: 'C:\Users\A C E R\Desktop\FastX - BusTicketBooking\FastXSolution\FastXAppTest\bin\Debug\net6.0\fine-code-coverage\build-output\FastXAppTest.dll'
TpTrace Information: 0 : 18756, 1, 2024/03/05, 00:48:48.997, 391457817323, vstest.console.dll, Determined framework for all sources: .NETCoreApp,Version=v6.0
TpTrace Verbose: 0 : 18756, 1, 2024/03/05, 00:48:48.997, 391457821189, vstest.console.dll, TestRequestManager.UpdateRunSettingsIfRequired: Default architecture: X64 IsDefaultTargetArchitecture: True, Current process architecture: X64 OperatingSystem: Windows.
TpTrace Information: 0 : 18756, 1, 2024/03/05, 00:48:48.999, 391457838212, vstest.console.dll, AssemblyMetadataProvider.GetArchitecture: Determined architecture:AnyCPU info for assembly: C:\Users\A C E R\Desktop\FastX - BusTicketBooking\FastXSolution\FastXAppTest\bin\Debug\net6.0\fine-code-coverage\build-output\FastXAppTest.dll
TpTrace Information: 0 : 18756, 1, 2024/03/05, 00:48:48.999, 391457838707, vstest.console.dll, Determined platform for source 'C:\Users\A C E R\Desktop\FastX - BusTicketBooking\FastXSolution\FastXAppTest\bin\Debug\net6.0\fine-code-coverage\build-output\FastXAppTest.dll' was AnyCPU and it will use the default plaform X64.
TpTrace Information: 0 : 18756, 1, 2024/03/05, 00:48:48.999, 391457838995, vstest.console.dll, None of the sources provided any runnable platform, using the default platform: X64
TpTrace Information: 0 : 18756, 1, 2024/03/05, 00:48:48.999, 391457839696, vstest.console.dll, Platform was updated to 'X64'.
TpTrace Information: 0 : 18756, 1, 2024/03/05, 00:48:49.002, 391457871704, vstest.console.dll, InferRunSettingsHelper.IsTestSettingsEnabled: Unable to navigate to RunSettings/MSTest. Current node: RunSettings
TpTrace Information: 0 : 18756, 1, 2024/03/05, 00:48:49.003, 391457878222, vstest.console.dll, AssemblyResolver.OnResolve: Microsoft.VisualStudio.TestPlatform.Fakes: Resolving assembly.
TpTrace Information: 0 : 18756, 1, 2024/03/05, 00:48:49.003, 391457878799, vstest.console.dll, AssemblyResolver.OnResolve: Microsoft.VisualStudio.TestPlatform.Fakes: Searching in: 'C:\Program Files\dotnet\sdk\7.0.402\Extensions'.
TpTrace Information: 0 : 18756, 1, 2024/03/05, 00:48:49.003, 391457879552, vstest.console.dll, AssemblyResolver.OnResolve: Microsoft.VisualStudio.TestPlatform.Fakes: Assembly path does not exist: 'C:\Program Files\dotnet\sdk\7.0.402\Extensions\Microsoft.VisualStudio.TestPlatform.Fakes.dll', returning.
TpTrace Information: 0 : 18756, 1, 2024/03/05, 00:48:49.003, 391457880068, vstest.console.dll, AssemblyResolver.OnResolve: Microsoft.VisualStudio.TestPlatform.Fakes: Assembly path does not exist: 'C:\Program Files\dotnet\sdk\7.0.402\Extensions\Microsoft.VisualStudio.TestPlatform.Fakes.exe', returning.
TpTrace Information: 0 : 18756, 1, 2024/03/05, 00:48:49.003, 391457880417, vstest.console.dll, AssemblyResolver.OnResolve: Microsoft.VisualStudio.TestPlatform.Fakes: Searching in: 'C:\Program Files\dotnet\sdk\7.0.402'.
TpTrace Information: 0 : 18756, 1, 2024/03/05, 00:48:49.003, 391457880898, vstest.console.dll, AssemblyResolver.OnResolve: Microsoft.VisualStudio.TestPlatform.Fakes: Assembly path does not exist: 'C:\Program Files\dotnet\sdk\7.0.402\Microsoft.VisualStudio.TestPlatform.Fakes.dll', returning.
TpTrace Information: 0 : 18756, 1, 2024/03/05, 00:48:49.003, 391457881406, vstest.console.dll, AssemblyResolver.OnResolve: Microsoft.VisualStudio.TestPlatform.Fakes: Assembly path does not exist: 'C:\Program Files\dotnet\sdk\7.0.402\Microsoft.VisualStudio.TestPlatform.Fakes.exe', returning.
TpTrace Information: 0 : 18756, 1, 2024/03/05, 00:48:49.003, 391457881732, vstest.console.dll, AssemblyResolver.OnResolve: Microsoft.VisualStudio.TestPlatform.Fakes: Failed to load assembly.
TpTrace Information: 0 : 18756, 1, 2024/03/05, 00:48:49.004, 391457885945, vstest.console.dll, Failed to load assembly Microsoft.VisualStudio.TestPlatform.Fakes, Version=17.0.0.0, Culture=neutral. Reason:System.IO.FileNotFoundException: Could not load file or assembly 'Microsoft.VisualStudio.TestPlatform.Fakes, Version=17.0.0.0, Culture=neutral, PublicKeyToken=null'. The system cannot find the file specified.
File name: 'Microsoft.VisualStudio.TestPlatform.Fakes, Version=17.0.0.0, Culture=neutral, PublicKeyToken=null'
   at System.Reflection.RuntimeAssembly.InternalLoad(AssemblyName assemblyName, StackCrawlMark& stackMark, AssemblyLoadContext assemblyLoadContext, RuntimeAssembly requestingAssembly, Boolean throwOnFileNotFound)
   at System.Reflection.Assembly.Load(AssemblyName assemblyRef)
   at Microsoft.VisualStudio.TestPlatform.Common.Utilities.FakesUtilities.LoadTestPlatformAssembly() in /_/src/Microsoft.TestPlatform.Common/Utilities/FakesUtilities.cs:line 272
TpTrace Verbose: 0 : 18756, 1, 2024/03/05, 00:48:49.007, 391457919879, vstest.console.dll, TestPluginCache.DiscoverTestExtensions: finding test extensions in assemblies ends with: TestLogger.dll TPluginInfo: Microsoft.VisualStudio.TestPlatform.Common.ExtensionFramework.Utilities.TestLoggerPluginInformation TExtension: Microsoft.VisualStudio.TestPlatform.ObjectModel.Client.ITestLogger
TpTrace Verbose: 0 : 18756, 1, 2024/03/05, 00:48:49.007, 391457920811, vstest.console.dll, TestPluginCache.GetExtensionPaths: Filtered extension paths: 
TpTrace Verbose: 0 : 18756, 1, 2024/03/05, 00:48:49.007, 391457921316, vstest.console.dll, TestPluginCache.GetExtensionPaths: Added default extension paths: C:\Program Files\dotnet\sdk\7.0.402\Extensions\Microsoft.Diagnostics.NETCore.Client.dll
C:\Program Files\dotnet\sdk\7.0.402\Extensions\Microsoft.TestPlatform.Extensions.BlameDataCollector.dll
C:\Program Files\dotnet\sdk\7.0.402\Extensions\Microsoft.TestPlatform.Extensions.EventLogCollector.dll
C:\Program Files\dotnet\sdk\7.0.402\Extensions\Microsoft.TestPlatform.TestHostRuntimeProvider.dll
C:\Program Files\dotnet\sdk\7.0.402\Extensions\Microsoft.VisualStudio.TestPlatform.Extensions.Html.TestLogger.dll
C:\Program Files\dotnet\sdk\7.0.402\Extensions\Microsoft.VisualStudio.TestPlatform.Extensions.Trx.TestLogger.dll
TpTrace Verbose: 0 : 18756, 1, 2024/03/05, 00:48:49.007, 391457921576, vstest.console.dll, TestPluginCache.GetExtensionPaths: Added unfilterableExtensionPaths: 
TpTrace Information: 0 : 18756, 1, 2024/03/05, 00:48:49.007, 391457922617, vstest.console.dll, AssemblyResolver.AddSearchDirectories: Adding more searchDirectories C:\Program Files\dotnet\sdk\7.0.402\Extensions,C:\Program Files\dotnet\sdk\7.0.402
TpTrace Verbose: 0 : 18756, 1, 2024/03/05, 00:48:49.007, 391457922992, vstest.console.dll, TestPluginCache.DiscoverTestExtensions: Discovering the extensions using extension path.
TpTrace Verbose: 0 : 18756, 1, 2024/03/05, 00:48:49.007, 391457923279, vstest.console.dll, TestPluginCache.GetExtensionPaths: Filtered extension paths: 
TpTrace Verbose: 0 : 18756, 1, 2024/03/05, 00:48:49.007, 391457923560, vstest.console.dll, TestPluginCache.GetExtensionPaths: Added default extension paths: C:\Program Files\dotnet\sdk\7.0.402\Extensions\Microsoft.Diagnostics.NETCore.Client.dll
C:\Program Files\dotnet\sdk\7.0.402\Extensions\Microsoft.TestPlatform.Extensions.BlameDataCollector.dll
C:\Program Files\dotnet\sdk\7.0.402\Extensions\Microsoft.TestPlatform.Extensions.EventLogCollector.dll
C:\Program Files\dotnet\sdk\7.0.402\Extensions\Microsoft.TestPlatform.TestHostRuntimeProvider.dll
C:\Program Files\dotnet\sdk\7.0.402\Extensions\Microsoft.VisualStudio.TestPlatform.Extensions.Html.TestLogger.dll
C:\Program Files\dotnet\sdk\7.0.402\Extensions\Microsoft.VisualStudio.TestPlatform.Extensions.Trx.TestLogger.dll
TpTrace Verbose: 0 : 18756, 1, 2024/03/05, 00:48:49.008, 391457923805, vstest.console.dll, TestPluginCache.GetExtensionPaths: Added unfilterableExtensionPaths: 
TpTrace Verbose: 0 : 18756, 1, 2024/03/05, 00:48:49.008, 391457924159, vstest.console.dll, TestPluginCache.DiscoverTestExtensions: Discovering the extensions using allExtensionPaths: C:\Program Files\dotnet\sdk\7.0.402\Extensions\Microsoft.Diagnostics.NETCore.Client.dll
C:\Program Files\dotnet\sdk\7.0.402\Extensions\Microsoft.TestPlatform.Extensions.BlameDataCollector.dll
C:\Program Files\dotnet\sdk\7.0.402\Extensions\Microsoft.TestPlatform.Extensions.EventLogCollector.dll
C:\Program Files\dotnet\sdk\7.0.402\Extensions\Microsoft.TestPlatform.TestHostRuntimeProvider.dll
C:\Program Files\dotnet\sdk\7.0.402\Extensions\Microsoft.VisualStudio.TestPlatform.Extensions.Html.TestLogger.dll
C:\Program Files\dotnet\sdk\7.0.402\Extensions\Microsoft.VisualStudio.TestPlatform.Extensions.Trx.TestLogger.dll
TpTrace Information: 0 : 18756, 1, 2024/03/05, 00:48:49.008, 391457924953, vstest.console.dll, AssemblyResolver.AddSearchDirectories: Adding more searchDirectories C:\Program Files\dotnet\sdk\7.0.402\Extensions,C:\Program Files\dotnet\sdk\7.0.402
TpTrace Information: 0 : 18756, 1, 2024/03/05, 00:48:49.008, 391457925295, vstest.console.dll, AssemblyResolver.AddSearchDirectories: Adding more searchDirectories C:\Program Files\dotnet\sdk\7.0.402\Extensions,C:\Program Files\dotnet\sdk\7.0.402
TpTrace Information: 0 : 18756, 1, 2024/03/05, 00:48:49.008, 391457925596, vstest.console.dll, AssemblyResolver.AddSearchDirectories: Adding more searchDirectories C:\Program Files\dotnet\sdk\7.0.402\Extensions,C:\Program Files\dotnet\sdk\7.0.402
TpTrace Information: 0 : 18756, 1, 2024/03/05, 00:48:49.008, 391457925856, vstest.console.dll, AssemblyResolver.AddSearchDirectories: Adding more searchDirectories C:\Program Files\dotnet\sdk\7.0.402\Extensions,C:\Program Files\dotnet\sdk\7.0.402
TpTrace Information: 0 : 18756, 1, 2024/03/05, 00:48:49.008, 391457926107, vstest.console.dll, AssemblyResolver.AddSearchDirectories: Adding more searchDirectories C:\Program Files\dotnet\sdk\7.0.402\Extensions,C:\Program Files\dotnet\sdk\7.0.402
TpTrace Information: 0 : 18756, 1, 2024/03/05, 00:48:49.008, 391457926389, vstest.console.dll, AssemblyResolver.AddSearchDirectories: Adding more searchDirectories C:\Program Files\dotnet\sdk\7.0.402\Extensions,C:\Program Files\dotnet\sdk\7.0.402
TpTrace Verbose: 0 : 18756, 1, 2024/03/05, 00:48:49.008, 391457927277, vstest.console.dll, MetadataReaderExtensionsHelper: Discovering extensions inside assembly 'Microsoft.Diagnostics.NETCore.Client, Version=0.2.8.21101, Culture=neutral, PublicKeyToken=31bf3856ad364e35' file path 'C:\Program Files\dotnet\sdk\7.0.402\Extensions\Microsoft.Diagnostics.NETCore.Client.dll'
TpTrace Information: 0 : 18756, 1, 2024/03/05, 00:48:49.008, 391457932595, vstest.console.dll, AssemblyResolver.OnResolve: Microsoft.Bcl.AsyncInterfaces: Resolving assembly.
TpTrace Information: 0 : 18756, 1, 2024/03/05, 00:48:49.008, 391457933201, vstest.console.dll, AssemblyResolver.OnResolve: Microsoft.Bcl.AsyncInterfaces: Resolved from cache.
TpTrace Verbose: 0 : 18756, 1, 2024/03/05, 00:48:49.008, 391457933467, vstest.console.dll, CurrentDomainAssemblyResolve: Resolving assembly 'Microsoft.Bcl.AsyncInterfaces'.
TpTrace Information: 0 : 18756, 1, 2024/03/05, 00:48:49.009, 391457933823, vstest.console.dll, AssemblyResolver.OnResolve: Microsoft.Bcl.AsyncInterfaces: Resolving assembly.
TpTrace Information: 0 : 18756, 1, 2024/03/05, 00:48:49.009, 391457934071, vstest.console.dll, AssemblyResolver.OnResolve: Microsoft.Bcl.AsyncInterfaces: Resolved from cache.
TpTrace Verbose: 0 : 18756, 1, 2024/03/05, 00:48:49.009, 391457934289, vstest.console.dll, CurrentDomainAssemblyResolve: Resolving assembly 'Microsoft.Bcl.AsyncInterfaces'.
TpTrace Verbose: 0 : 18756, 1, 2024/03/05, 00:48:49.009, 391457934500, vstest.console.dll, CurrentDomainAssemblyResolve: Failed to resolve assembly 'Microsoft.Bcl.AsyncInterfaces'.
TpTrace Verbose: 0 : 18756, 1, 2024/03/05, 00:48:49.009, 391457935727, vstest.console.dll, CurrentDomainAssemblyResolve: Failed to resolve assembly 'Microsoft.Bcl.AsyncInterfaces'.
TpTrace Warning: 0 : 18756, 1, 2024/03/05, 00:48:49.009, 391457938745, vstest.console.dll, TestPluginDiscoverer: Failed to get types from assembly 'Microsoft.Diagnostics.NETCore.Client, Version=0.2.8.21101, Culture=neutral, PublicKeyToken=31bf3856ad364e35'. Error: System.Reflection.ReflectionTypeLoadException: Unable to load one or more of the requested types.
Could not load file or assembly 'Microsoft.Bcl.AsyncInterfaces, Version=1.0.0.0, Culture=neutral, PublicKeyToken=cc7b13ffcd2ddd51'. The system cannot find the file specified.
   at System.Reflection.RuntimeModule.GetTypes(RuntimeModule module)
   at System.Reflection.Assembly.GetTypes()
   at Microsoft.VisualStudio.TestPlatform.Common.ExtensionFramework.TestPluginDiscoverer.GetTestExtensionsFromAssembly[TPluginInfo,TExtension](Assembly assembly, Dictionary`2 pluginInfos, String filePath) in /_/src/Microsoft.TestPlatform.Common/ExtensionFramework/TestPluginDiscoverer.cs:line 158
System.IO.FileNotFoundException: Could not load file or assembly 'Microsoft.Bcl.AsyncInterfaces, Version=1.0.0.0, Culture=neutral, PublicKeyToken=cc7b13ffcd2ddd51'. The system cannot find the file specified.
File name: 'Microsoft.Bcl.AsyncInterfaces, Version=1.0.0.0, Culture=neutral, PublicKeyToken=cc7b13ffcd2ddd51'
 ---> System.IO.FileNotFoundException: Could not load file or assembly 'Microsoft.Bcl.AsyncInterfaces, Culture=neutral, PublicKeyToken=null'. The system cannot find the file specified.
File name: 'Microsoft.Bcl.AsyncInterfaces, Culture=neutral, PublicKeyToken=null'
   at System.Reflection.RuntimeAssembly.InternalLoad(AssemblyName assemblyName, StackCrawlMark& stackMark, AssemblyLoadContext assemblyLoadContext, RuntimeAssembly requestingAssembly, Boolean throwOnFileNotFound)
   at System.Reflection.Assembly.Load(AssemblyName assemblyRef)
   at Microsoft.VisualStudio.TestPlatform.Common.ExtensionFramework.TestPluginCache.CurrentDomainAssemblyResolve(Object sender, AssemblyResolveEventArgs args) in /_/src/Microsoft.TestPlatform.Common/ExtensionFramework/TestPluginCache.cs:line 513
   at System.Runtime.Loader.AssemblyLoadContext.GetFirstResolvedAssemblyFromResolvingEvent(AssemblyName assemblyName)
   at System.Runtime.Loader.AssemblyLoadContext.ResolveUsingEvent(AssemblyName assemblyName)
   at System.Runtime.Loader.AssemblyLoadContext.ResolveUsingResolvingEvent(IntPtr gchManagedAssemblyLoadContext, AssemblyName assemblyName)
TpTrace Warning: 0 : 18756, 1, 2024/03/05, 00:48:49.009, 391457940142, vstest.console.dll, LoaderExceptions: System.IO.FileNotFoundException: Could not load file or assembly 'Microsoft.Bcl.AsyncInterfaces, Version=1.0.0.0, Culture=neutral, PublicKeyToken=cc7b13ffcd2ddd51'. The system cannot find the file specified.
File name: 'Microsoft.Bcl.AsyncInterfaces, Version=1.0.0.0, Culture=neutral, PublicKeyToken=cc7b13ffcd2ddd51'
 ---> System.IO.FileNotFoundException: Could not load file or assembly 'Microsoft.Bcl.AsyncInterfaces, Culture=neutral, PublicKeyToken=null'. The system cannot find the file specified.
File name: 'Microsoft.Bcl.AsyncInterfaces, Culture=neutral, PublicKeyToken=null'
   at System.Reflection.RuntimeAssembly.InternalLoad(AssemblyName assemblyName, StackCrawlMark& stackMark, AssemblyLoadContext assemblyLoadContext, RuntimeAssembly requestingAssembly, Boolean throwOnFileNotFound)
   at System.Reflection.Assembly.Load(AssemblyName assemblyRef)
   at Microsoft.VisualStudio.TestPlatform.Common.ExtensionFramework.TestPluginCache.CurrentDomainAssemblyResolve(Object sender, AssemblyResolveEventArgs args) in /_/src/Microsoft.TestPlatform.Common/ExtensionFramework/TestPluginCache.cs:line 513
   at System.Runtime.Loader.AssemblyLoadContext.GetFirstResolvedAssemblyFromResolvingEvent(AssemblyName assemblyName)
   at System.Runtime.Loader.AssemblyLoadContext.ResolveUsingEvent(AssemblyName assemblyName)
   at System.Runtime.Loader.AssemblyLoadContext.ResolveUsingResolvingEvent(IntPtr gchManagedAssemblyLoadContext, AssemblyName assemblyName)
TpTrace Verbose: 0 : 18756, 1, 2024/03/05, 00:48:49.009, 391457940965, vstest.console.dll, MetadataReaderExtensionsHelper: Discovering extensions inside assembly 'Microsoft.TestPlatform.Extensions.BlameDataCollector, Version=15.0.0.0, Culture=neutral, PublicKeyToken=b03f5f7f11d50a3a' file path 'C:\Program Files\dotnet\sdk\7.0.402\Extensions\Microsoft.TestPlatform.Extensions.BlameDataCollector.dll'
TpTrace Information: 0 : 18756, 1, 2024/03/05, 00:48:49.010, 391457944277, vstest.console.dll, GetTestExtensionFromType: Register extension with identifier data 'logger://Microsoft/TestPlatform/Extensions/Blame/v1' and type 'Microsoft.TestPlatform.Extensions.BlameDataCollector.BlameLogger, Microsoft.TestPlatform.Extensions.BlameDataCollector, Version=15.0.0.0, Culture=neutral, PublicKeyToken=b03f5f7f11d50a3a' inside file 'C:\Program Files\dotnet\sdk\7.0.402\Extensions\Microsoft.TestPlatform.Extensions.BlameDataCollector.dll'
TpTrace Verbose: 0 : 18756, 1, 2024/03/05, 00:48:49.010, 391457944814, vstest.console.dll, MetadataReaderExtensionsHelper: Discovering extensions inside assembly 'Microsoft.TestPlatform.Extensions.EventLogCollector, Version=15.0.0.0, Culture=neutral, PublicKeyToken=b03f5f7f11d50a3a' file path 'C:\Program Files\dotnet\sdk\7.0.402\Extensions\Microsoft.TestPlatform.Extensions.EventLogCollector.dll'
TpTrace Verbose: 0 : 18756, 1, 2024/03/05, 00:48:49.010, 391457946795, vstest.console.dll, MetadataReaderExtensionsHelper: Discovering extensions inside assembly 'Microsoft.TestPlatform.TestHostRuntimeProvider, Version=15.0.0.0, Culture=neutral, PublicKeyToken=b03f5f7f11d50a3a' file path 'C:\Program Files\dotnet\sdk\7.0.402\Extensions\Microsoft.TestPlatform.TestHostRuntimeProvider.dll'
TpTrace Verbose: 0 : 18756, 1, 2024/03/05, 00:48:49.010, 391457949027, vstest.console.dll, MetadataReaderExtensionsHelper: Discovering extensions inside assembly 'Microsoft.VisualStudio.TestPlatform.Extensions.Html.TestLogger, Version=15.0.0.0, Culture=neutral, PublicKeyToken=b03f5f7f11d50a3a' file path 'C:\Program Files\dotnet\sdk\7.0.402\Extensions\Microsoft.VisualStudio.TestPlatform.Extensions.Html.TestLogger.dll'
TpTrace Information: 0 : 18756, 1, 2024/03/05, 00:48:49.010, 391457952461, vstest.console.dll, GetTestExtensionFromType: Register extension with identifier data 'logger://Microsoft/TestPlatform/HtmlLogger/v1' and type 'Microsoft.VisualStudio.TestPlatform.Extensions.HtmlLogger.HtmlLogger, Microsoft.VisualStudio.TestPlatform.Extensions.Html.TestLogger, Version=15.0.0.0, Culture=neutral, PublicKeyToken=b03f5f7f11d50a3a' inside file 'C:\Program Files\dotnet\sdk\7.0.402\Extensions\Microsoft.VisualStudio.TestPlatform.Extensions.Html.TestLogger.dll'
TpTrace Verbose: 0 : 18756, 1, 2024/03/05, 00:48:49.010, 391457953042, vstest.console.dll, MetadataReaderExtensionsHelper: Discovering extensions inside assembly 'Microsoft.VisualStudio.TestPlatform.Extensions.Trx.TestLogger, Version=15.0.0.0, Culture=neutral, PublicKeyToken=b03f5f7f11d50a3a' file path 'C:\Program Files\dotnet\sdk\7.0.402\Extensions\Microsoft.VisualStudio.TestPlatform.Extensions.Trx.TestLogger.dll'
TpTrace Information: 0 : 18756, 1, 2024/03/05, 00:48:49.011, 391457955483, vstest.console.dll, GetTestExtensionFromType: Register extension with identifier data 'logger://Microsoft/TestPlatform/TrxLogger/v1' and type 'Microsoft.VisualStudio.TestPlatform.Extensions.TrxLogger.TrxLogger, Microsoft.VisualStudio.TestPlatform.Extensions.Trx.TestLogger, Version=15.0.0.0, Culture=neutral, PublicKeyToken=b03f5f7f11d50a3a' inside file 'C:\Program Files\dotnet\sdk\7.0.402\Extensions\Microsoft.VisualStudio.TestPlatform.Extensions.Trx.TestLogger.dll'
TpTrace Verbose: 0 : 18756, 1, 2024/03/05, 00:48:49.011, 391457956152, vstest.console.dll, TestPluginCache: Discovered the extensions using extension path ''.
TpTrace Verbose: 0 : 18756, 1, 2024/03/05, 00:48:49.011, 391457956461, vstest.console.dll, TestPluginCache: Discoverers are ''.
TpTrace Verbose: 0 : 18756, 1, 2024/03/05, 00:48:49.011, 391457956785, vstest.console.dll, TestPluginCache: Executors are ''.
TpTrace Verbose: 0 : 18756, 1, 2024/03/05, 00:48:49.011, 391457957003, vstest.console.dll, TestPluginCache: Executors2 are ''.
TpTrace Verbose: 0 : 18756, 1, 2024/03/05, 00:48:49.011, 391457957208, vstest.console.dll, TestPluginCache: Setting providers are ''.
TpTrace Verbose: 0 : 18756, 1, 2024/03/05, 00:48:49.011, 391457957744, vstest.console.dll, TestPluginCache: Loggers are 'logger://Microsoft/TestPlatform/Extensions/Blame/v1,logger://Microsoft/TestPlatform/HtmlLogger/v1,logger://Microsoft/TestPlatform/TrxLogger/v1'.
TpTrace Verbose: 0 : 18756, 1, 2024/03/05, 00:48:49.011, 391457958132, vstest.console.dll, TestPluginCache: TestHosts are 'HostProvider://DefaultTestHost,HostProvider://DotnetTestHost'.
TpTrace Verbose: 0 : 18756, 1, 2024/03/05, 00:48:49.011, 391457958385, vstest.console.dll, TestPluginCache: DataCollectors are ''.
TpTrace Information: 0 : 18756, 1, 2024/03/05, 00:48:49.012, 391457965360, vstest.console.dll, TestPluginManager.CreateTestExtension: Attempting to load test extension: Microsoft.TestPlatform.Extensions.BlameDataCollector.BlameLogger
TpTrace Verbose: 0 : 18756, 1, 2024/03/05, 00:48:49.018, 391458024513, vstest.console.dll, TestEngine: Initializing Parallel Execution as MaxCpuCount is set to: 1
TpTrace Information: 0 : 18756, 1, 2024/03/05, 00:48:49.019, 391458038434, vstest.console.dll, TestPluginManager.CreateTestExtension: Attempting to load test extension: Microsoft.VisualStudio.TestPlatform.CrossPlatEngine.Hosting.DefaultTestHostManager
TpTrace Information: 0 : 18756, 1, 2024/03/05, 00:48:49.020, 391458046293, vstest.console.dll, TestPluginManager.CreateTestExtension: Attempting to load test extension: Microsoft.VisualStudio.TestPlatform.CrossPlatEngine.Hosting.DotnetTestHostManager
TpTrace Information: 0 : 18756, 1, 2024/03/05, 00:48:49.021, 391458056214, vstest.console.dll, InferRunSettingsHelper.IsTestSettingsEnabled: Unable to navigate to RunSettings/MSTest. Current node: RunSettings
TpTrace Verbose: 0 : 18756, 1, 2024/03/05, 00:48:49.022, 391458064874, vstest.console.dll, ParallelOperationManager.ClearSlots: Clearing all slots. Slots should accept more work: True
TpTrace Verbose: 0 : 18756, 1, 2024/03/05, 00:48:49.022, 391458070962, vstest.console.dll, ParallelOperationManager.SetOccupiedSlotCount: Setting slot counts AvailableSlotCount = 1, OccupiedSlotCount = 0.
TpTrace Verbose: 0 : 18756, 1, 2024/03/05, 00:48:49.023, 391458074927, vstest.console.dll, Occupied slots:

TpTrace Verbose: 0 : 18756, 1, 2024/03/05, 00:48:49.025, 391458101446, vstest.console.dll, TestEngine.GetExecutionManager: Chosen execution manager 'Microsoft.VisualStudio.TestPlatform.CrossPlatEngine.Client.Parallel.ParallelProxyExecutionManager, Microsoft.TestPlatform.CrossPlatEngine, Version=15.0.0.0, Culture=neutral, PublicKeyToken=b03f5f7f11d50a3a' ParallelLevel '1'.
TpTrace Verbose: 0 : 18756, 1, 2024/03/05, 00:48:49.025, 391458102659, vstest.console.dll, TestRunRequest.ExecuteAsync: Creating test run request.
TpTrace Verbose: 0 : 18756, 1, 2024/03/05, 00:48:49.026, 391458104593, vstest.console.dll, TestRunRequest.ExecuteAsync: Starting.
TpTrace Information: 0 : 18756, 1, 2024/03/05, 00:48:49.026, 391458106698, vstest.console.dll, TestRunRequest.ExecuteAsync: Starting run with settings:TestRunCriteria:
   KeepAlive=False,FrequencyOfRunStatsChangeEvent=10,RunStatsChangeEventTimeout=00:00:01.5000000,TestCaseFilter=,TestExecutorLauncher=
   Settingsxml=<RunSettings>
  <RunConfiguration>
    <ResultsDirectory>C:\Users\A C E R\Desktop\FastX - BusTicketBooking\FastXSolution\FastXAppTest\bin\Debug\net6.0\fine-code-coverage\coverage-tool-output</ResultsDirectory>
    <TargetPlatform>X64</TargetPlatform>
    <TargetFrameworkVersion>.NETCoreApp,Version=v6.0</TargetFrameworkVersion>
    <DesignMode>False</DesignMode>
    <CollectSourceInformation>False</CollectSourceInformation>
  </RunConfiguration>
  <LoggerRunSettings>
    <Loggers>
      <Logger friendlyName="blame" enabled="True" />
      <Logger friendlyName="Console" uri="logger://microsoft/TestPlatform/ConsoleLogger/v1" assemblyQualifiedName="Microsoft.VisualStudio.TestPlatform.CommandLine.Internal.ConsoleLogger, vstest.console, Version=15.0.0.0, Culture=neutral, PublicKeyToken=b03f5f7f11d50a3a" codeBase="C:\Program Files\dotnet\sdk\7.0.402\vstest.console.dll" enabled="True" />
    </Loggers>
  </LoggerRunSettings>
  <DataCollectionRunSettings>
    <DataCollectors>
      <DataCollector friendlyName="blame" enabled="True">
        <Configuration>
          <ResultsDirectory>C:\Users\A C E R\Desktop\FastX - BusTicketBooking\FastXSolution\FastXAppTest\bin\Debug\net6.0\fine-code-coverage\coverage-tool-output</ResultsDirectory>
        </Configuration>
      </DataCollector>
    </DataCollectors>
  </DataCollectionRunSettings>
</RunSettings>

TpTrace Verbose: 0 : 18756, 1, 2024/03/05, 00:48:49.026, 391458107301, vstest.console.dll, TestRunRequest.ExecuteAsync: Wait for the first run request is over.
TpTrace Verbose: 0 : 18756, 1, 2024/03/05, 00:48:49.026, 391458109636, vstest.console.dll, MulticastDelegateUtilities.SafeInvoke: TestRun.TestRunStart: Invoking callbacks was skipped because there are no subscribers.
TpTrace Verbose: 0 : 18756, 4, 2024/03/05, 00:48:49.026, 391458111868, vstest.console.dll, MulticastDelegateUtilities.SafeInvoke: InternalTestLoggerEvents.SendTestRunStart: Invoking callback 1/1 for Microsoft.VisualStudio.TestPlatform.CommandLine.Internal.ConsoleLogger., took 0 ms.
TpTrace Verbose: 0 : 18756, 1, 2024/03/05, 00:48:49.027, 391458121527, vstest.console.dll, ParallelProxyExecutionManager: Start execution. Total sources: 1
TpTrace Verbose: 0 : 18756, 1, 2024/03/05, 00:48:49.028, 391458124372, vstest.console.dll, ParallelOperationManager.StartWork: Starting adding 1 workloads.
TpTrace Verbose: 0 : 18756, 1, 2024/03/05, 00:48:49.028, 391458125418, vstest.console.dll, ParallelOperationManager.ClearSlots: Clearing all slots. Slots should accept more work: True
TpTrace Verbose: 0 : 18756, 1, 2024/03/05, 00:48:49.028, 391458126024, vstest.console.dll, ParallelOperationManager.SetOccupiedSlotCount: Setting slot counts AvailableSlotCount = 1, OccupiedSlotCount = 0.
TpTrace Verbose: 0 : 18756, 1, 2024/03/05, 00:48:49.028, 391458126390, vstest.console.dll, Occupied slots:

TpTrace Verbose: 0 : 18756, 1, 2024/03/05, 00:48:49.029, 391458142149, vstest.console.dll, TestRequestSender is acting as server.
TpTrace Verbose: 0 : 18756, 1, 2024/03/05, 00:48:49.031, 391458154096, vstest.console.dll, ParallelOperationManager.RunWorkInParallel: Adding 1 workload to slot, remaining workloads 0.
TpTrace Verbose: 0 : 18756, 1, 2024/03/05, 00:48:49.031, 391458154761, vstest.console.dll, ParallelOperationManager.SetOccupiedSlotCount: Setting slot counts AvailableSlotCount = 0, OccupiedSlotCount = 1.
TpTrace Verbose: 0 : 18756, 1, 2024/03/05, 00:48:49.031, 391458155692, vstest.console.dll, Occupied slots:
0: C:\Users\A C E R\Desktop\FastX - BusTicketBooking\FastXSolution\FastXAppTest\bin\Debug\net6.0\fine-code-coverage\build-output\FastXAppTest.dll
TpTrace Verbose: 0 : 18756, 1, 2024/03/05, 00:48:49.032, 391458165844, vstest.console.dll, ParallelOperationManager.RunWorkInParallel: Started host in slot number 0 for work (source): C:\Users\A C E R\Desktop\FastX - BusTicketBooking\FastXSolution\FastXAppTest\bin\Debug\net6.0\fine-code-coverage\build-output\FastXAppTest.dll.
TpTrace Verbose: 0 : 18756, 1, 2024/03/05, 00:48:49.033, 391458173966, vstest.console.dll, ParallelOperationManager.RunWorkInParallel: We started 1 work items, which is the max parallel level. Won't start more work.
TpTrace Verbose: 0 : 18756, 1, 2024/03/05, 00:48:49.033, 391458174885, vstest.console.dll, ParallelOperationManager.RunWorkInParallel: We started 1 work items in here, returning True.
TpTrace Information: 0 : 18756, 1, 2024/03/05, 00:48:49.033, 391458175470, vstest.console.dll, TestRunRequest.ExecuteAsync: Started.
TpTrace Verbose: 0 : 18756, 5, 2024/03/05, 00:48:49.033, 391458175564, vstest.console.dll, ParallelProxyExecutionManager.StartTestRunOnConcurrentManager: Initializing uninitialized client. Started clients: 0
TpTrace Verbose: 0 : 18756, 1, 2024/03/05, 00:48:49.033, 391458176412, vstest.console.dll, TestRunRequest.WaitForCompletion: Waiting with timeout -1.
TpTrace Verbose: 0 : 18756, 5, 2024/03/05, 00:48:49.033, 391458177176, vstest.console.dll, DataCollectionRequestSender.InitializeCommunication : Initialize communication. 
TpTrace Information: 0 : 18756, 5, 2024/03/05, 00:48:49.038, 391458231566, vstest.console.dll, Listening on Endpoint : 127.0.0.1:8930
TpTrace Verbose: 0 : 18756, 5, 2024/03/05, 00:48:49.046, 391458305463, vstest.console.dll, DotnetDataCollectionLauncher: Adding  --runtimeconfig "C:\Program Files\dotnet\sdk\7.0.402\datacollector.runtimeconfig.json" in args
TpTrace Verbose: 0 : 18756, 5, 2024/03/05, 00:48:49.046, 391458307299, vstest.console.dll, DotnetDataCollectionLauncher: Adding  --depsfile "C:\Program Files\dotnet\sdk\7.0.402\datacollector.deps.json" in args
TpTrace Verbose: 0 : 18756, 5, 2024/03/05, 00:48:49.046, 391458310967, vstest.console.dll, DotnetDataCollectionLauncher: Full path of dotnet.exe is C:\Program Files\dotnet\dotnet.exe
TpTrace Information: 0 : 18756, 5, 2024/03/05, 00:48:49.052, 391458364827, vstest.console.dll, ProxyDataCollectionManager.Initialize: Launched datacollector processId: 13640 port: 8930
TpTrace Information: 0 : 18756, 5, 2024/03/05, 00:48:49.052, 391458366576, vstest.console.dll, ProxyDataCollectionManager.Initialize: waiting for connection with timeout: 90 seconds
TpTrace Verbose: 0 : 18756, 5, 2024/03/05, 00:48:49.052, 391458367322, vstest.console.dll, DataCollectionRequestSender.WaitForRequestHandlerConnection : Waiting for connection with timeout: 90000
TpTrace Information: 0 : 18756, 7, 2024/03/05, 00:48:49.246, 391460305402, vstest.console.dll, Using the buffer size of 16384 bytes
TpTrace Verbose: 0 : 18756, 5, 2024/03/05, 00:48:49.246, 391460305588, vstest.console.dll, SocketCommunicationManager.WaitForClientConnection took: 193 ms, with 90000 ms timeout, and finished with True.
TpTrace Information: 0 : 18756, 7, 2024/03/05, 00:48:49.246, 391460307489, vstest.console.dll, Accepted Client request and set the flag
TpTrace Verbose: 0 : 18756, 5, 2024/03/05, 00:48:49.246, 391460309466, vstest.console.dll, ProxyDataCollectionManager.InvokeDataCollectionServiceAction: Starting.
TpTrace Information: 0 : 18756, 5, 2024/03/05, 00:48:49.246, 391460310930, vstest.console.dll, ProxyDataCollectionManager.BeforeTestRunStart: Get environment variable and port for datacollector processId: 13640 port: 8930
TpTrace Verbose: 0 : 18756, 5, 2024/03/05, 00:48:49.246, 391460312730, vstest.console.dll, DataCollectionRequestSender.SendBeforeTestRunStartAndGetResult: Send BeforeTestRunStart message with settingsXml <RunSettings><RunConfiguration><ResultsDirectory>C:\Users\A C E R\Desktop\FastX - BusTicketBooking\FastXSolution\FastXAppTest\bin\Debug\net6.0\fine-code-coverage\coverage-tool-output</ResultsDirectory><TargetPlatform>X64</TargetPlatform><TargetFrameworkVersion>.NETCoreApp,Version=v6.0</TargetFrameworkVersion><DesignMode>False</DesignMode><CollectSourceInformation>False</CollectSourceInformation><TestAdaptersPaths>C:\Program Files\dotnet\sdk\7.0.402\Extensions</TestAdaptersPaths></RunConfiguration><LoggerRunSettings><Loggers><Logger friendlyName="blame" enabled="True" /><Logger friendlyName="Console" uri="logger://microsoft/TestPlatform/ConsoleLogger/v1" assemblyQualifiedName="Microsoft.VisualStudio.TestPlatform.CommandLine.Internal.ConsoleLogger, vstest.console, Version=15.0.0.0, Culture=neutral, PublicKeyToken=b03f5f7f11d50a3a" codeBase="C:\Program Files\dotnet\sdk\7.0.402\vstest.console.dll" enabled="True" /></Loggers></LoggerRunSettings><DataCollectionRunSettings><DataCollectors><DataCollector friendlyName="blame" enabled="True"><Configuration><ResultsDirectory>C:\Users\A C E R\Desktop\FastX - BusTicketBooking\FastXSolution\FastXAppTest\bin\Debug\net6.0\fine-code-coverage\coverage-tool-output</ResultsDirectory></Configuration></DataCollector></DataCollectors></DataCollectionRunSettings></RunSettings> and sources System.Collections.Generic.List`1[System.String]: 
TpTrace Verbose: 0 : 18756, 5, 2024/03/05, 00:48:49.352, 391461364907, vstest.console.dll, DataCollectionRequestSender.SendBeforeTestRunStartAndGetResult: Received message: (DataCollection.SendMessage) -> {"MessageType":"DataCollection.SendMessage","Payload":{"FriendlyName":null,"Uri":null,"TestCaseId":"00000000-0000-0000-0000-000000000000","Message":"Logging DataCollector Diagnostics in file: C:\\Users\\A C E R\\Desktop\\FastX - BusTicketBooking\\FastXSolution\\FastXAppTest\\bin\\Debug\\net6.0\\fine-code-coverage\\coverage-tool-output\\diagnostics.datacollector.24-03-05_00-48-49_04589_5.log","Level":0}}
TpTrace Verbose: 0 : 18756, 5, 2024/03/05, 00:48:49.455, 391462400589, vstest.console.dll, DataCollectionRequestSender.SendBeforeTestRunStartAndGetResult: Received message: (DataCollection.BeforeTestRunStartResult) -> {"MessageType":"DataCollection.BeforeTestRunStartResult","Payload":{"EnvironmentVariables":{},"DataCollectionEventsPort":8932}}
TpTrace Information: 0 : 18756, 5, 2024/03/05, 00:48:49.461, 391462461464, vstest.console.dll, ProxyDataCollectionManager.BeforeTestRunStart: SendBeforeTestRunStartAndGetResult successful, env variable from datacollector:   and testhost port: 8932
TpTrace Information: 0 : 18756, 5, 2024/03/05, 00:48:49.461, 391462462534, vstest.console.dll, ProxyDataCollectionManager.InvokeDataCollectionServiceAction: Completed.
TpTrace Verbose: 0 : 18756, 5, 2024/03/05, 00:48:49.461, 391462462926, vstest.console.dll, ParallelProxyExecutionManager.StartTestRunOnConcurrentManager: Initializing test run. Started clients: 0
TpTrace Verbose: 0 : 18756, 5, 2024/03/05, 00:48:49.462, 391462463704, vstest.console.dll, ProxyExecutionManager: Test host is always Lazy initialize.
TpTrace Verbose: 0 : 18756, 5, 2024/03/05, 00:48:49.462, 391462466237, vstest.console.dll, TestRequestSender.InitializeCommunication: initialize communication. 
TpTrace Information: 0 : 18756, 5, 2024/03/05, 00:48:49.462, 391462471048, vstest.console.dll, SocketServer.Start: Listening on endpoint : 127.0.0.1:8933
TpTrace Verbose: 0 : 18756, 5, 2024/03/05, 00:48:49.464, 391462487062, vstest.console.dll, DotnetTestHostmanager.GetTestHostProcessStartInfo: Platform environment 'X64' target architecture 'X64' framework '.NETCoreApp,Version=v6.0' OS 'Windows'
TpTrace Verbose: 0 : 18756, 5, 2024/03/05, 00:48:49.464, 391462491252, vstest.console.dll, DotnetTestHostmanager: Adding  --runtimeconfig "C:\Users\A C E R\Desktop\FastX - BusTicketBooking\FastXSolution\FastXAppTest\bin\Debug\net6.0\fine-code-coverage\build-output\FastXAppTest.runtimeconfig.json" in args
TpTrace Verbose: 0 : 18756, 5, 2024/03/05, 00:48:49.464, 391462492970, vstest.console.dll, DotnetTestHostmanager: Adding  --depsfile "C:\Users\A C E R\Desktop\FastX - BusTicketBooking\FastXSolution\FastXAppTest\bin\Debug\net6.0\fine-code-coverage\build-output\FastXAppTest.deps.json" in args
TpTrace Verbose: 0 : 18756, 5, 2024/03/05, 00:48:49.465, 391462497015, vstest.console.dll, DotnetTestHostmanager.IsWinOnArm: Current PROCESSOR_ARCHITECTURE from environment variable 'AMD64'
TpTrace Verbose: 0 : 18756, 5, 2024/03/05, 00:48:49.465, 391462498061, vstest.console.dll, DotnetTestHostmanager.IsWinOnArm: Is Windows on ARM 'False'
TpTrace Verbose: 0 : 18756, 5, 2024/03/05, 00:48:49.465, 391462499322, vstest.console.dll, DotnetTestHostManager: testhost.exe found at path: C:\Users\A C E R\Desktop\FastX - BusTicketBooking\FastXSolution\FastXAppTest\bin\Debug\net6.0\fine-code-coverage\build-output\testhost.exe
TpTrace Verbose: 0 : 18756, 5, 2024/03/05, 00:48:49.465, 391462500281, vstest.console.dll, DotnetTestHostmanager: Full path of host exe is C:\Users\A C E R\Desktop\FastX - BusTicketBooking\FastXSolution\FastXAppTest\bin\Debug\net6.0\fine-code-coverage\build-output\testhost.exe
TpTrace Verbose: 0 : 18756, 5, 2024/03/05, 00:48:49.465, 391462502554, vstest.console.dll, DotnetTestHostmanager.LaunchTestHostAsync: Found 'VSTEST_WINAPPHOST_DOTNET_ROOT' in env variables, value 'C:\Program Files\dotnet', forwarding to 'DOTNET_ROOT'
TpTrace Verbose: 0 : 18756, 5, 2024/03/05, 00:48:49.466, 391462505214, vstest.console.dll, DotnetTestHostManager: Starting process 'C:\Users\A C E R\Desktop\FastX - BusTicketBooking\FastXSolution\FastXAppTest\bin\Debug\net6.0\fine-code-coverage\build-output\testhost.exe' with command line ' --runtimeconfig "C:\Users\A C E R\Desktop\FastX - BusTicketBooking\FastXSolution\FastXAppTest\bin\Debug\net6.0\fine-code-coverage\build-output\FastXAppTest.runtimeconfig.json" --depsfile "C:\Users\A C E R\Desktop\FastX - BusTicketBooking\FastXSolution\FastXAppTest\bin\Debug\net6.0\fine-code-coverage\build-output\FastXAppTest.deps.json" --port 8933 --endpoint 127.0.0.1:08933 --role client --parentprocessid 18756 --diag "C:\Users\A C E R\Desktop\FastX - BusTicketBooking\FastXSolution\FastXAppTest\bin\Debug\net6.0\fine-code-coverage\coverage-tool-output\diagnostics.host.24-03-05_00-48-49_46331_5.log" --tracelevel 4 --datacollectionport 8932 --telemetryoptedin false'
TpTrace Verbose: 0 : 18756, 5, 2024/03/05, 00:48:49.473, 391462581782, vstest.console.dll, MulticastDelegateUtilities.SafeInvoke: HostProviderEvents.OnHostLaunched: Invoking callback 1/2 for Microsoft.VisualStudio.TestPlatform.CrossPlatEngine.Client.ProxyExecutionManagerWithDataCollection., took 1 ms.
TpTrace Verbose: 0 : 18756, 5, 2024/03/05, 00:48:49.474, 391462585773, vstest.console.dll, Test Runtime launched
TpTrace Verbose: 0 : 18756, 5, 2024/03/05, 00:48:49.474, 391462586927, vstest.console.dll, MulticastDelegateUtilities.SafeInvoke: HostProviderEvents.OnHostLaunched: Invoking callback 2/2 for Microsoft.VisualStudio.TestPlatform.CrossPlatEngine.Client.ProxyOperationManager., took 0 ms.
TpTrace Verbose: 0 : 18756, 5, 2024/03/05, 00:48:49.474, 391462589194, vstest.console.dll, TestRequestSender.WaitForRequestHandlerConnection: waiting for connection with timeout: 90000.
TpTrace Verbose: 0 : 18756, 7, 2024/03/05, 00:48:49.658, 391464424388, vstest.console.dll, MulticastDelegateUtilities.SafeInvoke: SocketServer: ClientConnected: Invoking callback 1/1 for Microsoft.VisualStudio.TestPlatform.CommunicationUtilities.TestRequestSender., took 0 ms.
TpTrace Verbose: 0 : 18756, 5, 2024/03/05, 00:48:49.658, 391464424372, vstest.console.dll, TestRequestSender.WaitForRequestHandlerConnection: waiting took 183 ms, with timeout 90000 ms, and result 0, which is success.
TpTrace Verbose: 0 : 18756, 7, 2024/03/05, 00:48:49.658, 391464427340, vstest.console.dll, SocketServer.OnClientConnected: Client connected for endPoint: 127.0.0.1:8933, starting MessageLoopAsync:
TpTrace Verbose: 0 : 18756, 7, 2024/03/05, 00:48:49.658, 391464430561, vstest.console.dll, TcpClientExtensions.MessageLoopAsync: Polling on remoteEndPoint: 127.0.0.1:8934 localEndPoint: 127.0.0.1:8933
TpTrace Verbose: 0 : 18756, 5, 2024/03/05, 00:48:49.660, 391464445368, vstest.console.dll, TestRequestSender.CheckVersionWithTestHost: Sending check version message: {"MessageType":"ProtocolVersion","Payload":7}
TpTrace Verbose: 0 : 18756, 7, 2024/03/05, 00:48:49.856, 391466411435, vstest.console.dll, TcpClientExtensions.MessageLoopAsync: NotifyDataAvailable remoteEndPoint: 127.0.0.1:8934 localEndPoint: 127.0.0.1:8933
TpTrace Verbose: 0 : 18756, 7, 2024/03/05, 00:48:49.856, 391466413672, vstest.console.dll, TestRequestSender.CheckVersionWithTestHost: onMessageReceived received message: (ProtocolVersion) -> {"MessageType":"ProtocolVersion","Payload":7}
TpTrace Verbose: 0 : 18756, 7, 2024/03/05, 00:48:49.857, 391466420599, vstest.console.dll, MulticastDelegateUtilities.SafeInvoke: LengthPrefixCommunicationChannel: MessageReceived: Invoking callback 1/1 for Microsoft.VisualStudio.TestPlatform.CommunicationUtilities.TestRequestSender+<>c__DisplayClass29_0., took 0 ms.
TpTrace Verbose: 0 : 18756, 7, 2024/03/05, 00:48:49.857, 391466421624, vstest.console.dll, TcpClientExtensions.MessageLoopAsync: Polling on remoteEndPoint: 127.0.0.1:8934 localEndPoint: 127.0.0.1:8933
TpTrace Verbose: 0 : 18756, 5, 2024/03/05, 00:48:49.857, 391466421855, vstest.console.dll, TestPluginCache.GetExtensionPaths: Filtered extension paths: 
TpTrace Verbose: 0 : 18756, 5, 2024/03/05, 00:48:49.857, 391466422672, vstest.console.dll, TestPluginCache.GetExtensionPaths: Added default extension paths: C:\Program Files\dotnet\sdk\7.0.402\Extensions\Microsoft.Diagnostics.NETCore.Client.dll
C:\Program Files\dotnet\sdk\7.0.402\Extensions\Microsoft.TestPlatform.Extensions.BlameDataCollector.dll
C:\Program Files\dotnet\sdk\7.0.402\Extensions\Microsoft.TestPlatform.Extensions.EventLogCollector.dll
C:\Program Files\dotnet\sdk\7.0.402\Extensions\Microsoft.TestPlatform.TestHostRuntimeProvider.dll
C:\Program Files\dotnet\sdk\7.0.402\Extensions\Microsoft.VisualStudio.TestPlatform.Extensions.Html.TestLogger.dll
C:\Program Files\dotnet\sdk\7.0.402\Extensions\Microsoft.VisualStudio.TestPlatform.Extensions.Trx.TestLogger.dll
TpTrace Verbose: 0 : 18756, 5, 2024/03/05, 00:48:49.858, 391466423849, vstest.console.dll, TestPluginCache.GetExtensionPaths: Added unfilterableExtensionPaths: 
TpTrace Verbose: 0 : 18756, 5, 2024/03/05, 00:48:49.861, 391466462033, vstest.console.dll, TestRequestSender.InitializeExecution: Sending initialize execution with message: {"Version":7,"MessageType":"TestExecution.Initialize","Payload":["C:\\Users\\A C E R\\Desktop\\FastX - BusTicketBooking\\FastXSolution\\FastXAppTest\\bin\\Debug\\net6.0\\fine-code-coverage\\build-output\\NUnit3.TestAdapter.dll"]}
TpTrace Verbose: 0 : 18756, 5, 2024/03/05, 00:48:49.862, 391466465347, vstest.console.dll, ParallelProxyExecutionManager.StartTestRunOnConcurrentManager: Execution starting. Started clients: 1
TpTrace Verbose: 0 : 18756, 5, 2024/03/05, 00:48:49.862, 391466469335, vstest.console.dll, TestRunRequest:SendTestRunMessage: Starting.
TpTrace Verbose: 0 : 18756, 5, 2024/03/05, 00:48:49.862, 391466471253, vstest.console.dll, MulticastDelegateUtilities.SafeInvoke: TestRun.LogMessages: Invoking callback 1/1 for Microsoft.VisualStudio.TestPlatform.CommandLine.TestRunResultAggregator., took 0 ms.
TpTrace Information: 0 : 18756, 5, 2024/03/05, 00:48:49.862, 391466471969, vstest.console.dll, TestRunRequest:SendTestRunMessage: Completed.
TpTrace Verbose: 0 : 18756, 4, 2024/03/05, 00:48:49.863, 391466474398, vstest.console.dll, MulticastDelegateUtilities.SafeInvoke: InternalTestLoggerEvents.SendTestRunMessage: Invoking callback 1/1 for Microsoft.VisualStudio.TestPlatform.CommandLine.Internal.ConsoleLogger., took 0 ms.
TpTrace Warning: 0 : 18756, 5, 2024/03/05, 00:48:49.863, 391466481264, vstest.console.dll, InferRunSettingsHelper.MakeRunsettingsCompatible: Removing the following settings: TargetPlatform from RunSettings file. To use those settings please move to latest version of Microsoft.NET.Test.Sdk
TpTrace Verbose: 0 : 18756, 7, 2024/03/05, 00:48:49.864, 391466486947, vstest.console.dll, TcpClientExtensions.MessageLoopAsync: NotifyDataAvailable remoteEndPoint: 127.0.0.1:8934 localEndPoint: 127.0.0.1:8933
TpTrace Verbose: 0 : 18756, 7, 2024/03/05, 00:48:49.864, 391466489243, vstest.console.dll, LengthPrefixCommunicationChannel.NotifyDataAvailable: New data are waiting to be received, but there is no subscriber to be notified. Not reading them from the stream.
TpTrace Verbose: 0 : 18756, 7, 2024/03/05, 00:48:49.864, 391466490292, vstest.console.dll, TcpClientExtensions.MessageLoopAsync: Polling on remoteEndPoint: 127.0.0.1:8934 localEndPoint: 127.0.0.1:8933
TpTrace Verbose: 0 : 18756, 7, 2024/03/05, 00:48:49.864, 391466491173, vstest.console.dll, TcpClientExtensions.MessageLoopAsync: NotifyDataAvailable remoteEndPoint: 127.0.0.1:8934 localEndPoint: 127.0.0.1:8933
TpTrace Verbose: 0 : 18756, 7, 2024/03/05, 00:48:49.865, 391466497232, vstest.console.dll, TestRequestSender.OnExecutionMessageReceived: Received message: {"Version":7,"MessageType":"TestSession.Message","Payload":{"MessageLevel":0,"Message":"Logging TestHost Diagnostics in file: C:\\Users\\A C E R\\Desktop\\FastX - BusTicketBooking\\FastXSolution\\FastXAppTest\\bin\\Debug\\net6.0\\fine-code-coverage\\coverage-tool-output\\diagnostics.host.24-03-05_00-48-49_46331_5.log"}}
TpTrace Verbose: 0 : 18756, 7, 2024/03/05, 00:48:49.874, 391466591865, vstest.console.dll, TestRunRequest:SendTestRunMessage: Starting.
TpTrace Verbose: 0 : 18756, 7, 2024/03/05, 00:48:49.875, 391466594958, vstest.console.dll, MulticastDelegateUtilities.SafeInvoke: TestRun.LogMessages: Invoking callback 1/1 for Microsoft.VisualStudio.TestPlatform.CommandLine.TestRunResultAggregator., took 0 ms.
TpTrace Information: 0 : 18756, 7, 2024/03/05, 00:48:49.875, 391466596074, vstest.console.dll, TestRunRequest:SendTestRunMessage: Completed.
TpTrace Verbose: 0 : 18756, 4, 2024/03/05, 00:48:49.875, 391466594958, vstest.console.dll, MulticastDelegateUtilities.SafeInvoke: InternalTestLoggerEvents.SendTestRunMessage: Invoking callback 1/1 for Microsoft.VisualStudio.TestPlatform.CommandLine.Internal.ConsoleLogger., took 0 ms.
TpTrace Verbose: 0 : 18756, 7, 2024/03/05, 00:48:49.875, 391466596904, vstest.console.dll, MulticastDelegateUtilities.SafeInvoke: LengthPrefixCommunicationChannel: MessageReceived: Invoking callback 1/1 for Microsoft.VisualStudio.TestPlatform.CommunicationUtilities.TestRequestSender+<>c__DisplayClass34_0., took 10 ms.
TpTrace Verbose: 0 : 18756, 7, 2024/03/05, 00:48:49.875, 391466598968, vstest.console.dll, TcpClientExtensions.MessageLoopAsync: Polling on remoteEndPoint: 127.0.0.1:8934 localEndPoint: 127.0.0.1:8933
TpTrace Verbose: 0 : 18756, 5, 2024/03/05, 00:48:49.880, 391466648208, vstest.console.dll, TestRequestSender.StartTestRun: Sending test run with message: {"Version":7,"MessageType":"TestExecution.StartWithSources","Payload":{"AdapterSourceMap":{"_none_":["C:\\Users\\A C E R\\Desktop\\FastX - BusTicketBooking\\FastXSolution\\FastXAppTest\\bin\\Debug\\net6.0\\fine-code-coverage\\build-output\\FastXAppTest.dll"]},"RunSettings":"<RunSettings>\r\n  <RunConfiguration>\r\n    <ResultsDirectory>C:\\Users\\A C E R\\Desktop\\FastX - BusTicketBooking\\FastXSolution\\FastXAppTest\\bin\\Debug\\net6.0\\fine-code-coverage\\coverage-tool-output</ResultsDirectory>\r\n    <TargetFrameworkVersion>.NETCoreApp,Version=v6.0</TargetFrameworkVersion>\r\n    <DesignMode>False</DesignMode>\r\n    <CollectSourceInformation>False</CollectSourceInformation>\r\n  </RunConfiguration>\r\n  <LoggerRunSettings>\r\n    <Loggers>\r\n      <Logger friendlyName=\"blame\" enabled=\"True\" />\r\n      <Logger friendlyName=\"Console\" uri=\"logger://microsoft/TestPlatform/ConsoleLogger/v1\" assemblyQualifiedName=\"Microsoft.VisualStudio.TestPlatform.CommandLine.Internal.ConsoleLogger, vstest.console, Version=15.0.0.0, Culture=neutral, PublicKeyToken=b03f5f7f11d50a3a\" codeBase=\"C:\\Program Files\\dotnet\\sdk\\7.0.402\\vstest.console.dll\" enabled=\"True\" />\r\n    </Loggers>\r\n  </LoggerRunSettings>\r\n  <DataCollectionRunSettings>\r\n    <DataCollectors>\r\n      <DataCollector friendlyName=\"blame\" enabled=\"True\">\r\n        <Configuration>\r\n          <ResultsDirectory>C:\\Users\\A C E R\\Desktop\\FastX - BusTicketBooking\\FastXSolution\\FastXAppTest\\bin\\Debug\\net6.0\\fine-code-coverage\\coverage-tool-output</ResultsDirectory>\r\n        </Configuration>\r\n      </DataCollector>\r\n    </DataCollectors>\r\n  </DataCollectionRunSettings>\r\n</RunSettings>","TestExecutionContext":{"FrequencyOfRunStatsChangeEvent":10,"RunStatsChangeEventTimeout":"00:00:01.5000000","InIsolation":false,"KeepAlive":false,"AreTestCaseLevelEventsRequired":false,"IsDebug":false,"TestCaseFilter":null,"FilterOptions":null},"Package":null}}
TpTrace Verbose: 0 : 18756, 5, 2024/03/05, 00:48:49.880, 391466650384, vstest.console.dll, ParallelProxyExecutionManager.StartTestRunOnConcurrentManager: Execution started. Started clients: 1
TpTrace Verbose: 0 : 18756, 7, 2024/03/05, 00:48:50.133, 391469175830, vstest.console.dll, TcpClientExtensions.MessageLoopAsync: NotifyDataAvailable remoteEndPoint: 127.0.0.1:8934 localEndPoint: 127.0.0.1:8933
TpTrace Verbose: 0 : 18756, 7, 2024/03/05, 00:48:50.133, 391469179202, vstest.console.dll, TestRequestSender.OnExecutionMessageReceived: Received message: {"Version":7,"MessageType":"TestSession.Message","Payload":{"MessageLevel":0,"Message":"NUnit Adapter 4.4.0.0: Test execution started"}}
TpTrace Verbose: 0 : 18756, 7, 2024/03/05, 00:48:50.134, 391469185864, vstest.console.dll, TestRunRequest:SendTestRunMessage: Starting.
TpTrace Verbose: 0 : 18756, 7, 2024/03/05, 00:48:50.134, 391469187152, vstest.console.dll, MulticastDelegateUtilities.SafeInvoke: TestRun.LogMessages: Invoking callback 1/1 for Microsoft.VisualStudio.TestPlatform.CommandLine.TestRunResultAggregator., took 0 ms.
TpTrace Verbose: 0 : 18756, 4, 2024/03/05, 00:48:50.134, 391469187621, vstest.console.dll, MulticastDelegateUtilities.SafeInvoke: InternalTestLoggerEvents.SendTestRunMessage: Invoking callback 1/1 for Microsoft.VisualStudio.TestPlatform.CommandLine.Internal.ConsoleLogger., took 0 ms.
TpTrace Information: 0 : 18756, 7, 2024/03/05, 00:48:50.134, 391469187723, vstest.console.dll, TestRunRequest:SendTestRunMessage: Completed.
TpTrace Verbose: 0 : 18756, 7, 2024/03/05, 00:48:50.134, 391469189624, vstest.console.dll, MulticastDelegateUtilities.SafeInvoke: LengthPrefixCommunicationChannel: MessageReceived: Invoking callback 1/1 for Microsoft.VisualStudio.TestPlatform.CommunicationUtilities.TestRequestSender+<>c__DisplayClass34_0., took 1 ms.
TpTrace Verbose: 0 : 18756, 7, 2024/03/05, 00:48:50.134, 391469190283, vstest.console.dll, TcpClientExtensions.MessageLoopAsync: Polling on remoteEndPoint: 127.0.0.1:8934 localEndPoint: 127.0.0.1:8933
TpTrace Verbose: 0 : 18756, 7, 2024/03/05, 00:48:50.169, 391469538991, vstest.console.dll, TcpClientExtensions.MessageLoopAsync: NotifyDataAvailable remoteEndPoint: 127.0.0.1:8934 localEndPoint: 127.0.0.1:8933
TpTrace Verbose: 0 : 18756, 7, 2024/03/05, 00:48:50.169, 391469540500, vstest.console.dll, TestRequestSender.OnExecutionMessageReceived: Received message: {"Version":7,"MessageType":"TestSession.Message","Payload":{"MessageLevel":0,"Message":"Running all tests in C:\\Users\\A C E R\\Desktop\\FastX - BusTicketBooking\\FastXSolution\\FastXAppTest\\bin\\Debug\\net6.0\\fine-code-coverage\\build-output\\FastXAppTest.dll"}}
TpTrace Verbose: 0 : 18756, 7, 2024/03/05, 00:48:50.169, 391469541782, vstest.console.dll, TestRunRequest:SendTestRunMessage: Starting.
TpTrace Verbose: 0 : 18756, 7, 2024/03/05, 00:48:50.169, 391469542588, vstest.console.dll, MulticastDelegateUtilities.SafeInvoke: TestRun.LogMessages: Invoking callback 1/1 for Microsoft.VisualStudio.TestPlatform.CommandLine.TestRunResultAggregator., took 0 ms.
TpTrace Information: 0 : 18756, 7, 2024/03/05, 00:48:50.169, 391469542990, vstest.console.dll, TestRunRequest:SendTestRunMessage: Completed.
TpTrace Verbose: 0 : 18756, 7, 2024/03/05, 00:48:50.169, 391469543331, vstest.console.dll, MulticastDelegateUtilities.SafeInvoke: LengthPrefixCommunicationChannel: MessageReceived: Invoking callback 1/1 for Microsoft.VisualStudio.TestPlatform.CommunicationUtilities.TestRequestSender+<>c__DisplayClass34_0., took 0 ms.
TpTrace Verbose: 0 : 18756, 4, 2024/03/05, 00:48:50.169, 391469543307, vstest.console.dll, MulticastDelegateUtilities.SafeInvoke: InternalTestLoggerEvents.SendTestRunMessage: Invoking callback 1/1 for Microsoft.VisualStudio.TestPlatform.CommandLine.Internal.ConsoleLogger., took 0 ms.
TpTrace Verbose: 0 : 18756, 7, 2024/03/05, 00:48:50.170, 391469543718, vstest.console.dll, TcpClientExtensions.MessageLoopAsync: Polling on remoteEndPoint: 127.0.0.1:8934 localEndPoint: 127.0.0.1:8933
TpTrace Verbose: 0 : 18756, 7, 2024/03/05, 00:48:50.404, 391471885920, vstest.console.dll, TcpClientExtensions.MessageLoopAsync: NotifyDataAvailable remoteEndPoint: 127.0.0.1:8934 localEndPoint: 127.0.0.1:8933
TpTrace Verbose: 0 : 18756, 7, 2024/03/05, 00:48:50.404, 391471887832, vstest.console.dll, TestRequestSender.OnExecutionMessageReceived: Received message: {"Version":7,"MessageType":"TestSession.Message","Payload":{"MessageLevel":0,"Message":"   NUnit3TestExecutor discovered 70 of 70 NUnit test cases using Current Discovery mode, Non-Explicit run"}}
TpTrace Verbose: 0 : 18756, 7, 2024/03/05, 00:48:50.404, 391471889313, vstest.console.dll, TestRunRequest:SendTestRunMessage: Starting.
TpTrace Verbose: 0 : 18756, 7, 2024/03/05, 00:48:50.404, 391471890046, vstest.console.dll, MulticastDelegateUtilities.SafeInvoke: TestRun.LogMessages: Invoking callback 1/1 for Microsoft.VisualStudio.TestPlatform.CommandLine.TestRunResultAggregator., took 0 ms.
TpTrace Information: 0 : 18756, 7, 2024/03/05, 00:48:50.404, 391471890400, vstest.console.dll, TestRunRequest:SendTestRunMessage: Completed.
TpTrace Verbose: 0 : 18756, 7, 2024/03/05, 00:48:50.404, 391471890732, vstest.console.dll, MulticastDelegateUtilities.SafeInvoke: LengthPrefixCommunicationChannel: MessageReceived: Invoking callback 1/1 for Microsoft.VisualStudio.TestPlatform.CommunicationUtilities.TestRequestSender+<>c__DisplayClass34_0., took 0 ms.
TpTrace Verbose: 0 : 18756, 4, 2024/03/05, 00:48:50.404, 391471890417, vstest.console.dll, MulticastDelegateUtilities.SafeInvoke: InternalTestLoggerEvents.SendTestRunMessage: Invoking callback 1/1 for Microsoft.VisualStudio.TestPlatform.CommandLine.Internal.ConsoleLogger., took 0 ms.
TpTrace Verbose: 0 : 18756, 7, 2024/03/05, 00:48:50.404, 391471891206, vstest.console.dll, TcpClientExtensions.MessageLoopAsync: Polling on remoteEndPoint: 127.0.0.1:8934 localEndPoint: 127.0.0.1:8933
TpTrace Verbose: 0 : 18756, 7, 2024/03/05, 00:48:50.800, 391475849140, vstest.console.dll, TcpClientExtensions.MessageLoopAsync: NotifyDataAvailable remoteEndPoint: 127.0.0.1:8934 localEndPoint: 127.0.0.1:8933
TpTrace Verbose: 0 : 18756, 7, 2024/03/05, 00:48:50.801, 391475854204, vstest.console.dll, TestRequestSender.OnExecutionMessageReceived: Received message: {"Version":7,"MessageType":"TestExecution.StatsChange","Payload":{"NewTestResults":[{"TestCase":{"Id":"89af7900-c5cb-a137-b528-724c2a2ab258","FullyQualifiedName":"FastX.Tests.AllUserServiceTests.LoginTest","DisplayName":"LoginTest","ExecutorUri":"executor://NUnit3TestExecutor","Source":"C:\\Users\\A C E R\\Desktop\\FastX - BusTicketBooking\\FastXSolution\\FastXAppTest\\bin\\Debug\\net6.0\\fine-code-coverage\\build-output\\FastXAppTest.dll","CodeFilePath":null,"LineNumber":0,"Properties":[{"Key":{"Id":"NUnit.Seed","Label":"Seed","Category":"","Description":"","Attributes":0,"ValueType":"System.String"},"Value":"1242644143"}]},"Attachments":[],"Outcome":2,"ErrorMessage":"FastX.Exceptions.InvlidUserException : Invalid username or password","ErrorStackTrace":"   at FastX.Services.AllUserService.Login(LoginUserInputDTO userInput) in C:\\Users\\A C E R\\Desktop\\FastX - BusTicketBooking\\FastXSolution\\FastX\\Services\\AllUserService.cs:line 127\r\n   at FastX.Tests.AllUserServiceTests.LoginTest() in C:\\Users\\A C E R\\Desktop\\FastX - BusTicketBooking\\FastXSolution\\FastXAppTest\\AllUserServiceTest.cs:line 173\r\n   at NUnit.Framework.Internal.TaskAwaitAdapter.GenericAdapter`1.GetResult()\r\n   at NUnit.Framework.Internal.AsyncToSyncAdapter.Await(Func`1 invoke)\r\n   at NUnit.Framework.Internal.Commands.TestMethodCommand.RunTestMethod(TestExecutionContext context)\r\n   at NUnit.Framework.Internal.Commands.TestMethodCommand.Execute(TestExecutionContext context)\r\n   at NUnit.Framework.Internal.Commands.BeforeAndAfterTestCommand.<>c__DisplayClass1_0.<Execute>b__0()\r\n   at NUnit.Framework.Internal.Commands.DelegatingTestCommand.RunTestMethodInThreadAbortSafeZone(TestExecutionContext context, Action action)\n","DisplayName":"LoginTest","Messages":[],"ComputerName":"DESKTOP-7RD6P2A","Duration":"00:00:00.1884190","StartTime":"2024-03-04T19:18:50.4341431+00:00","EndTime":"2024-03-04T19:18:50.6224327+00:00","Properties":[{"Key":{"Id":"NUnit.Seed","Label":"Seed","Category":"","Description":"","Attributes":0,"ValueType":"System.String"},"Value":"1242644143"}]},{"TestCase":{"Id":"be6cb0b6-8e48-2514-7b98-723798402a68","FullyQualifiedName":"FastX.Tests.AllUserServiceTests.Register_ExistingUser_ThrowsUserAlreadyExistsException","DisplayName":"Register_ExistingUser_ThrowsUserAlreadyExistsException","ExecutorUri":"executor://NUnit3TestExecutor","Source":"C:\\Users\\A C E R\\Desktop\\FastX - BusTicketBooking\\FastXSolution\\FastXAppTest\\bin\\Debug\\net6.0\\fine-code-coverage\\build-output\\FastXAppTest.dll","CodeFilePath":null,"LineNumber":0,"Properties":[{"Key":{"Id":"NUnit.Seed","Label":"Seed","Category":"","Description":"","Attributes":0,"ValueType":"System.String"},"Value":"219705020"}]},"Attachments":[],"Outcome":1,"ErrorMessage":null,"ErrorStackTrace":null,"DisplayName":"Register_ExistingUser_ThrowsUserAlreadyExistsException","Messages":[],"ComputerName":"DESKTOP-7RD6P2A","Duration":"00:00:00.0130870","StartTime":"2024-03-04T19:18:50.6252381+00:00","EndTime":"2024-03-04T19:18:50.6383253+00:00","Properties":[{"Key":{"Id":"NUnit.Seed","Label":"Seed","Category":"","Description":"","Attributes":0,"ValueType":"System.String"},"Value":"219705020"}]},{"TestCase":{"Id":"bc540c10-b21e-64bd-b4a5-d6723d156414","FullyQualifiedName":"FastX.Tests.AllUserServiceTests.Register_NewUser_ReturnsLoginUserDTO","DisplayName":"Register_NewUser_ReturnsLoginUserDTO","ExecutorUri":"executor://NUnit3TestExecutor","Source":"C:\\Users\\A C E R\\Desktop\\FastX - BusTicketBooking\\FastXSolution\\FastXAppTest\\bin\\Debug\\net6.0\\fine-code-coverage\\build-output\\FastXAppTest.dll","CodeFilePath":null,"LineNumber":0,"Properties":[{"Key":{"Id":"NUnit.Seed","Label":"Seed","Category":"","Description":"","Attributes":0,"ValueType":"System.String"},"Value":"1751523929"}]},"Attachments":[],"Outcome":1,"ErrorMessage":null,"ErrorStackTrace":null,"DisplayName":"Register_NewUser_ReturnsLoginUserDTO","Messages":[],"ComputerName":"DESKTOP-7RD6P2A","Duration":"00:00:00.0171830","StartTime":"2024-03-04T19:18:50.6383548+00:00","EndTime":"2024-03-04T19:18:50.6555362+00:00","Properties":[{"Key":{"Id":"NUnit.Seed","Label":"Seed","Category":"","Description":"","Attributes":0,"ValueType":"System.String"},"Value":"1751523929"}]},{"TestCase":{"Id":"0cddcfc3-0cb3-18a2-8f95-550460214328","FullyQualifiedName":"FastX.Tests.BusOperatorServiceTest.AcceptRefund_Should_Update_Booking_Status_And_Delete_Tickets","DisplayName":"AcceptRefund_Should_Update_Booking_Status_And_Delete_Tickets","ExecutorUri":"executor://NUnit3TestExecutor","Source":"C:\\Users\\A C E R\\Desktop\\FastX - BusTicketBooking\\FastXSolution\\FastXAppTest\\bin\\Debug\\net6.0\\fine-code-coverage\\build-output\\FastXAppTest.dll","CodeFilePath":null,"LineNumber":0,"Properties":[{"Key":{"Id":"NUnit.Seed","Label":"Seed","Category":"","Description":"","Attributes":0,"ValueType":"System.String"},"Value":"1316208767"}]},"Attachments":[],"Outcome":1,"ErrorMessage":null,"ErrorStackTrace":null,"DisplayName":"AcceptRefund_Should_Update_Booking_Status_And_Delete_Tickets","Messages":[],"ComputerName":"DESKTOP-7RD6P2A","Duration":"00:00:00.0251000","StartTime":"2024-03-04T19:18:50.6596327+00:00","EndTime":"2024-03-04T19:18:50.6847324+00:00","Properties":[{"Key":{"Id":"NUnit.Seed","Label":"Seed","Category":"","Description":"","Attributes":0,"ValueType":"System.String"},"Value":"1316208767"}]},{"TestCase":{"Id":"5515a8bb-809c-e4ae-dcd8-f883af909632","FullyQualifiedName":"FastX.Tests.BusOperatorServiceTest.GetAllBuses_Should_Return_List","DisplayName":"GetAllBuses_Should_Return_List","ExecutorUri":"executor://NUnit3TestExecutor","Source":"C:\\Users\\A C E R\\Desktop\\FastX - BusTicketBooking\\FastXSolution\\FastXAppTest\\bin\\Debug\\net6.0\\fine-code-coverage\\build-output\\FastXAppTest.dll","CodeFilePath":null,"LineNumber":0,"Properties":[{"Key":{"Id":"NUnit.Seed","Label":"Seed","Category":"","Description":"","Attributes":0,"ValueType":"System.String"},"Value":"705993067"}]},"Attachments":[],"Outcome":1,"ErrorMessage":null,"ErrorStackTrace":null,"DisplayName":"GetAllBuses_Should_Return_List","Messages":[],"ComputerName":"DESKTOP-7RD6P2A","Duration":"00:00:00.0092960","StartTime":"2024-03-04T19:18:50.6847615+00:00","EndTime":"2024-03-04T19:18:50.6940569+00:00","Properties":[{"Key":{"Id":"NUnit.Seed","Label":"Seed","Category":"","Description":"","Attributes":0,"ValueType":"System.String"},"Value":"705993067"}]},{"TestCase":{"Id":"3149dcf9-d82d-493a-21e2-46c04dbfd4a6","FullyQualifiedName":"FastX.Tests.BusOperatorServiceTest.GetAllBuses_Should_Throw_BusOperatorNotFoundException","DisplayName":"GetAllBuses_Should_Throw_BusOperatorNotFoundException","ExecutorUri":"executor://NUnit3TestExecutor","Source":"C:\\Users\\A C E R\\Desktop\\FastX - BusTicketBooking\\FastXSolution\\FastXAppTest\\bin\\Debug\\net6.0\\fine-code-coverage\\build-output\\FastXAppTest.dll","CodeFilePath":null,"LineNumber":0,"Properties":[{"Key":{"Id":"NUnit.Seed","Label":"Seed","Category":"","Description":"","Attributes":0,"ValueType":"System.String"},"Value":"2031790914"}]},"Attachments":[],"Outcome":1,"ErrorMessage":null,"ErrorStackTrace":null,"DisplayName":"GetAllBuses_Should_Throw_BusOperatorNotFoundException","Messages":[],"ComputerName":"DESKTOP-7RD6P2A","Duration":"00:00:00.0031900","StartTime":"2024-03-04T19:18:50.6940853+00:00","EndTime":"2024-03-04T19:18:50.6972748+00:00","Properties":[{"Key":{"Id":"NUnit.Seed","Label":"Seed","Category":"","Description":"","Attributes":0,"ValueType":"System.String"},"Value":"2031790914"}]},{"TestCase":{"Id":"24cdbcc4-0669-9654-bd48-b9a5731c9623","FullyQualifiedName":"FastX.Tests.BusOperatorServiceTest.GetRefundDetailsForCancelledBookings_Should_Throw_NoSuchUserException","DisplayName":"GetRefundDetailsForCancelledBookings_Should_Throw_NoSuchUserException","ExecutorUri":"executor://NUnit3TestExecutor","Source":"C:\\Users\\A C E R\\Desktop\\FastX - BusTicketBooking\\FastXSolution\\FastXAppTest\\bin\\Debug\\net6.0\\fine-code-coverage\\build-output\\FastXAppTest.dll","CodeFilePath":null,"LineNumber":0,"Properties":[{"Key":{"Id":"NUnit.Seed","Label":"Seed","Category":"","Description":"","Attributes":0,"ValueType":"System.String"},"Value":"1113979117"}]},"Attachments":[],"Outcome":1,"ErrorMessage":null,"ErrorStackTrace":null,"DisplayName":"GetRefundDetailsForCancelledBookings_Should_Throw_NoSuchUserException","Messages":[],"ComputerName":"DESKTOP-7RD6P2A","Duration":"00:00:00.0074370","StartTime":"2024-03-04T19:18:50.6973042+00:00","EndTime":"2024-03-04T19:18:50.7047411+00:00","Properties":[{"Key":{"Id":"NUnit.Seed","Label":"Seed","Category":"","Description":"","Attributes":0,"ValueType":"System.String"},"Value":"1113979117"}]},{"TestCase":{"Id":"68545d28-6626-0188-02d4-4458facd0cd9","FullyQualifiedName":"FastX.Tests.BusServiceTests.AddBus_Should_Add_Bus","DisplayName":"AddBus_Should_Add_Bus","ExecutorUri":"executor://NUnit3TestExecutor","Source":"C:\\Users\\A C E R\\Desktop\\FastX - BusTicketBooking\\FastXSolution\\FastXAppTest\\bin\\Debug\\net6.0\\fine-code-coverage\\build-output\\FastXAppTest.dll","CodeFilePath":null,"LineNumber":0,"Properties":[{"Key":{"Id":"NUnit.Seed","Label":"Seed","Category":"","Description":"","Attributes":0,"ValueType":"System.String"},"Value":"185061812"}]},"Attachments":[],"Outcome":2,"ErrorMessage":"  Expected: <FastX.Models.Bus>\r\n  But was:  <FastX.Models.Bus>\r\n","ErrorStackTrace":"   at FastX.Tests.BusServiceTests.AddBus_Should_Add_Bus() in C:\\Users\\A C E R\\Desktop\\FastX - BusTicketBooking\\FastXSolution\\FastXAppTest\\BusServiceTest.cs:line 58\r\n   at NUnit.Framework.Internal.TaskAwaitAdapter.GenericAdapter`1.GetResult()\r\n   at NUnit.Framework.Internal.AsyncToSyncAdapter.Await(Func`1 invoke)\r\n   at NUnit.Framework.Internal.Commands.TestMethodCommand.RunTestMethod(TestExecutionContext context)\r\n   at NUnit.Framework.Internal.Commands.TestMethodCommand.Execute(TestExecutionContext context)\r\n   at NUnit.Framework.Internal.Commands.BeforeAndAfterTestCommand.<>c__DisplayClass1_0.<Execute>b__0()\r\n   at NUnit.Framework.Internal.Commands.DelegatingTestCommand.RunTestMethodInThreadAbortSafeZone(TestExecutionContext context, Action action)\r\n\n1)    at FastX.Tests.BusServiceTests.AddBus_Should_Add_Bus() in C:\\Users\\A C E R\\Desktop\\FastX - BusTicketBooking\\FastXSolution\\FastXAppTest\\BusServiceTest.cs:line 58\r\n   at System.Runtime.CompilerServices.AsyncMethodBuilderCore.Start[TStateMachine](TStateMachine& stateMachine)\r\n   at FastX.Tests.BusServiceTests.AddBus_Should_Add_Bus()\r\n\n","DisplayName":"AddBus_Should_Add_Bus","Messages":[],"ComputerName":"DESKTOP-7RD6P2A","Duration":"00:00:00.0380460","StartTime":"2024-03-04T19:18:50.705152+00:00","EndTime":"2024-03-04T19:18:50.7431978+00:00","Properties":[{"Key":{"Id":"NUnit.Seed","Label":"Seed","Category":"","Description":"","Attributes":0,"ValueType":"System.String"},"Value":"185061812"}]},{"TestCase":{"Id":"c88a797a-ab3d-7b68-67f2-08ef2a07a0ee","FullyQualifiedName":"FastX.Tests.BusServiceTests.DeleteBus_Should_Delete_Bus","DisplayName":"DeleteBus_Should_Delete_Bus","ExecutorUri":"executor://NUnit3TestExecutor","Source":"C:\\Users\\A C E R\\Desktop\\FastX - BusTicketBooking\\FastXSolution\\FastXAppTest\\bin\\Debug\\net6.0\\fine-code-coverage\\build-output\\FastXAppTest.dll","CodeFilePath":null,"LineNumber":0,"Properties":[{"Key":{"Id":"NUnit.Seed","Label":"Seed","Category":"","Description":"","Attributes":0,"ValueType":"System.String"},"Value":"985846563"}]},"Attachments":[],"Outcome":1,"ErrorMessage":null,"ErrorStackTrace":null,"DisplayName":"DeleteBus_Should_Delete_Bus","Messages":[],"ComputerName":"DESKTOP-7RD6P2A","Duration":"00:00:00.0019430","StartTime":"2024-03-04T19:18:50.7432275+00:00","EndTime":"2024-03-04T19:18:50.7451707+00:00","Properties":[{"Key":{"Id":"NUnit.Seed","Label":"Seed","Category":"","Description":"","Attributes":0,"ValueType":"System.String"},"Value":"985846563"}]}],"TestRunStatistics":{"ExecutedTests":9,"Stats":{"Failed":2,"Passed":7}},"ActiveTests":[{"Id":"2e6a2569-ec36-32c4-0d76-558cb2ab1cc7","FullyQualifiedName":"FastX.Tests.BusServiceTests.GetAvailableBuses_Should_Return_List","DisplayName":"GetAvailableBuses_Should_Return_List","ExecutorUri":"executor://NUnit3TestExecutor","Source":"C:\\Users\\A C E R\\Desktop\\FastX - BusTicketBooking\\FastXSolution\\FastXAppTest\\bin\\Debug\\net6.0\\fine-code-coverage\\build-output\\FastXAppTest.dll","CodeFilePath":null,"LineNumber":0,"Properties":[{"Key":{"Id":"NUnit.Seed","Label":"Seed","Category":"","Description":"","Attributes":0,"ValueType":"System.String"},"Value":"455993687"}]}]}}
TpTrace Verbose: 0 : 18756, 7, 2024/03/05, 00:48:50.843, 391476276455, vstest.console.dll, TestRunRequest:SendTestRunStatsChange: Starting.
TpTrace Verbose: 0 : 18756, 7, 2024/03/05, 00:48:50.843, 391476281283, vstest.console.dll, InProgress is GetAvailableBuses_Should_Return_List
TpTrace Verbose: 0 : 18756, 7, 2024/03/05, 00:48:50.844, 391476288634, vstest.console.dll, MulticastDelegateUtilities.SafeInvoke: TestRun.RunStatsChanged: Invoking callbacks was skipped because there are no subscribers.
TpTrace Information: 0 : 18756, 7, 2024/03/05, 00:48:50.844, 391476290136, vstest.console.dll, TestRunRequest:SendTestRunStatsChange: Completed.
TpTrace Verbose: 0 : 18756, 7, 2024/03/05, 00:48:50.844, 391476290732, vstest.console.dll, MulticastDelegateUtilities.SafeInvoke: LengthPrefixCommunicationChannel: MessageReceived: Invoking callback 1/1 for Microsoft.VisualStudio.TestPlatform.CommunicationUtilities.TestRequestSender+<>c__DisplayClass34_0., took 43 ms.
TpTrace Verbose: 0 : 18756, 7, 2024/03/05, 00:48:50.844, 391476291330, vstest.console.dll, TcpClientExtensions.MessageLoopAsync: Polling on remoteEndPoint: 127.0.0.1:8934 localEndPoint: 127.0.0.1:8933
TpTrace Verbose: 0 : 18756, 7, 2024/03/05, 00:48:50.844, 391476292232, vstest.console.dll, TcpClientExtensions.MessageLoopAsync: NotifyDataAvailable remoteEndPoint: 127.0.0.1:8934 localEndPoint: 127.0.0.1:8933
TpTrace Verbose: 0 : 18756, 7, 2024/03/05, 00:48:50.845, 391476303167, vstest.console.dll, TestRequestSender.OnExecutionMessageReceived: Received message: {"Version":7,"MessageType":"TestExecution.StatsChange","Payload":{"NewTestResults":[{"TestCase":{"Id":"2e6a2569-ec36-32c4-0d76-558cb2ab1cc7","FullyQualifiedName":"FastX.Tests.BusServiceTests.GetAvailableBuses_Should_Return_List","DisplayName":"GetAvailableBuses_Should_Return_List","ExecutorUri":"executor://NUnit3TestExecutor","Source":"C:\\Users\\A C E R\\Desktop\\FastX - BusTicketBooking\\FastXSolution\\FastXAppTest\\bin\\Debug\\net6.0\\fine-code-coverage\\build-output\\FastXAppTest.dll","CodeFilePath":null,"LineNumber":0,"Properties":[{"Key":{"Id":"NUnit.Seed","Label":"Seed","Category":"","Description":"","Attributes":0,"ValueType":"System.String"},"Value":"455993687"}]},"Attachments":[],"Outcome":2,"ErrorMessage":"FastX.Exceptions.BusNotFoundException : no bus found. An error occurred while searchingforbuses.","ErrorStackTrace":"   at FastX.Services.BusService.GetAvailableBuses(String origin, String destination, DateTime travelDate, String busType) in C:\\Users\\A C E R\\Desktop\\FastX - BusTicketBooking\\FastXSolution\\FastX\\Services\\BusService.cs:line 233\r\n   at FastX.Tests.BusServiceTests.GetAvailableBuses_Should_Return_List() in C:\\Users\\A C E R\\Desktop\\FastX - BusTicketBooking\\FastXSolution\\FastXAppTest\\BusServiceTest.cs:line 98\r\n   at NUnit.Framework.Internal.TaskAwaitAdapter.GenericAdapter`1.GetResult()\r\n   at NUnit.Framework.Internal.AsyncToSyncAdapter.Await(Func`1 invoke)\r\n   at NUnit.Framework.Internal.Commands.TestMethodCommand.RunTestMethod(TestExecutionContext context)\r\n   at NUnit.Framework.Internal.Commands.TestMethodCommand.Execute(TestExecutionContext context)\r\n   at NUnit.Framework.Internal.Commands.BeforeAndAfterTestCommand.<>c__DisplayClass1_0.<Execute>b__0()\r\n   at NUnit.Framework.Internal.Commands.DelegatingTestCommand.RunTestMethodInThreadAbortSafeZone(TestExecutionContext context, Action action)\n","DisplayName":"GetAvailableBuses_Should_Return_List","Messages":[],"ComputerName":"DESKTOP-7RD6P2A","Duration":"00:00:00.0083890","StartTime":"2024-03-04T19:18:50.7451903+00:00","EndTime":"2024-03-04T19:18:50.7535782+00:00","Properties":[{"Key":{"Id":"NUnit.Seed","Label":"Seed","Category":"","Description":"","Attributes":0,"ValueType":"System.String"},"Value":"455993687"}]},{"TestCase":{"Id":"33f5d624-1a39-076b-6e3f-606503ad91ed","FullyQualifiedName":"FastX.Tests.BusServiceTests.GetBus_Should_Return_Bus","DisplayName":"GetBus_Should_Return_Bus","ExecutorUri":"executor://NUnit3TestExecutor","Source":"C:\\Users\\A C E R\\Desktop\\FastX - BusTicketBooking\\FastXSolution\\FastXAppTest\\bin\\Debug\\net6.0\\fine-code-coverage\\build-output\\FastXAppTest.dll","CodeFilePath":null,"LineNumber":0,"Properties":[{"Key":{"Id":"NUnit.Seed","Label":"Seed","Category":"","Description":"","Attributes":0,"ValueType":"System.String"},"Value":"1049823571"}]},"Attachments":[],"Outcome":1,"ErrorMessage":null,"ErrorStackTrace":null,"DisplayName":"GetBus_Should_Return_Bus","Messages":[],"ComputerName":"DESKTOP-7RD6P2A","Duration":"00:00:00.0034610","StartTime":"2024-03-04T19:18:50.7536339+00:00","EndTime":"2024-03-04T19:18:50.7570943+00:00","Properties":[{"Key":{"Id":"NUnit.Seed","Label":"Seed","Category":"","Description":"","Attributes":0,"ValueType":"System.String"},"Value":"1049823571"}]},{"TestCase":{"Id":"aa19bc9d-96c2-cfa7-d534-0c40882a1802","FullyQualifiedName":"FastX.Tests.BusServiceTests.GetBusList_Should_Return_List","DisplayName":"GetBusList_Should_Return_List","ExecutorUri":"executor://NUnit3TestExecutor","Source":"C:\\Users\\A C E R\\Desktop\\FastX - BusTicketBooking\\FastXSolution\\FastXAppTest\\bin\\Debug\\net6.0\\fine-code-coverage\\build-output\\FastXAppTest.dll","CodeFilePath":null,"LineNumber":0,"Properties":[{"Key":{"Id":"NUnit.Seed","Label":"Seed","Category":"","Description":"","Attributes":0,"ValueType":"System.String"},"Value":"1409638809"}]},"Attachments":[],"Outcome":1,"ErrorMessage":null,"ErrorStackTrace":null,"DisplayName":"GetBusList_Should_Return_List","Messages":[],"ComputerName":"DESKTOP-7RD6P2A","Duration":"00:00:00.0016040","StartTime":"2024-03-04T19:18:50.7571781+00:00","EndTime":"2024-03-04T19:18:50.7587823+00:00","Properties":[{"Key":{"Id":"NUnit.Seed","Label":"Seed","Category":"","Description":"","Attributes":0,"ValueType":"System.String"},"Value":"1409638809"}]},{"TestCase":{"Id":"7af976ae-018e-cf07-29ec-ba25ff415d65","FullyQualifiedName":"FastX.Tests.BusServiceTests.GetTotalSeatsAsync_Should_Return_Int","DisplayName":"GetTotalSeatsAsync_Should_Return_Int","ExecutorUri":"executor://NUnit3TestExecutor","Source":"C:\\Users\\A C E R\\Desktop\\FastX - BusTicketBooking\\FastXSolution\\FastXAppTest\\bin\\Debug\\net6.0\\fine-code-coverage\\build-output\\FastXAppTest.dll","CodeFilePath":null,"LineNumber":0,"Properties":[{"Key":{"Id":"NUnit.Seed","Label":"Seed","Category":"","Description":"","Attributes":0,"ValueType":"System.String"},"Value":"1653684484"}]},"Attachments":[],"Outcome":1,"ErrorMessage":null,"ErrorStackTrace":null,"DisplayName":"GetTotalSeatsAsync_Should_Return_Int","Messages":[],"ComputerName":"DESKTOP-7RD6P2A","Duration":"00:00:00.0019920","StartTime":"2024-03-04T19:18:50.7587961+00:00","EndTime":"2024-03-04T19:18:50.7607874+00:00","Properties":[{"Key":{"Id":"NUnit.Seed","Label":"Seed","Category":"","Description":"","Attributes":0,"ValueType":"System.String"},"Value":"1653684484"}]},{"TestCase":{"Id":"57a9887c-7fe7-3e9f-9acf-33aea4d2b82b","FullyQualifiedName":"FastX.Tests.Services.RouteServiceTest.AddRoutee_Should_Add_Routee_Successfully","DisplayName":"AddRoutee_Should_Add_Routee_Successfully","ExecutorUri":"executor://NUnit3TestExecutor","Source":"C:\\Users\\A C E R\\Desktop\\FastX - BusTicketBooking\\FastXSolution\\FastXAppTest\\bin\\Debug\\net6.0\\fine-code-coverage\\build-output\\FastXAppTest.dll","CodeFilePath":null,"LineNumber":0,"Properties":[{"Key":{"Id":"NUnit.Seed","Label":"Seed","Category":"","Description":"","Attributes":0,"ValueType":"System.String"},"Value":"1746952712"}]},"Attachments":[],"Outcome":1,"ErrorMessage":null,"ErrorStackTrace":null,"DisplayName":"AddRoutee_Should_Add_Routee_Successfully","Messages":[],"ComputerName":"DESKTOP-7RD6P2A","Duration":"00:00:00.0070380","StartTime":"2024-03-04T19:18:50.760899+00:00","EndTime":"2024-03-04T19:18:50.767937+00:00","Properties":[{"Key":{"Id":"NUnit.Seed","Label":"Seed","Category":"","Description":"","Attributes":0,"ValueType":"System.String"},"Value":"1746952712"}]},{"TestCase":{"Id":"13e5fdc7-7071-753c-7565-494b64a71d91","FullyQualifiedName":"FastX.Tests.Services.RouteServiceTest.AddRouteeToBus_Should_Add_Routee_To_Bus_Successfully_If_Routee_Does_Not_Exist","DisplayName":"AddRouteeToBus_Should_Add_Routee_To_Bus_Successfully_If_Routee_Does_Not_Exist","ExecutorUri":"executor://NUnit3TestExecutor","Source":"C:\\Users\\A C E R\\Desktop\\FastX - BusTicketBooking\\FastXSolution\\FastXAppTest\\bin\\Debug\\net6.0\\fine-code-coverage\\build-output\\FastXAppTest.dll","CodeFilePath":null,"LineNumber":0,"Properties":[{"Key":{"Id":"NUnit.Seed","Label":"Seed","Category":"","Description":"","Attributes":0,"ValueType":"System.String"},"Value":"722133544"}]},"Attachments":[],"Outcome":1,"ErrorMessage":null,"ErrorStackTrace":null,"DisplayName":"AddRouteeToBus_Should_Add_Routee_To_Bus_Successfully_If_Routee_Does_Not_Exist","Messages":[],"ComputerName":"DESKTOP-7RD6P2A","Duration":"00:00:00.0159740","StartTime":"2024-03-04T19:18:50.7679585+00:00","EndTime":"2024-03-04T19:18:50.7839317+00:00","Properties":[{"Key":{"Id":"NUnit.Seed","Label":"Seed","Category":"","Description":"","Attributes":0,"ValueType":"System.String"},"Value":"722133544"}]},{"TestCase":{"Id":"f2ae8dfd-89d3-78d9-1b8b-de4551b46f86","FullyQualifiedName":"FastX.Tests.Services.RouteServiceTest.AddRouteeToBus_Should_Add_Routee_To_Bus_Successfully_If_Routee_Exists","DisplayName":"AddRouteeToBus_Should_Add_Routee_To_Bus_Successfully_If_Routee_Exists","ExecutorUri":"executor://NUnit3TestExecutor","Source":"C:\\Users\\A C E R\\Desktop\\FastX - BusTicketBooking\\FastXSolution\\FastXAppTest\\bin\\Debug\\net6.0\\fine-code-coverage\\build-output\\FastXAppTest.dll","CodeFilePath":null,"LineNumber":0,"Properties":[{"Key":{"Id":"NUnit.Seed","Label":"Seed","Category":"","Description":"","Attributes":0,"ValueType":"System.String"},"Value":"15006494"}]},"Attachments":[],"Outcome":1,"ErrorMessage":null,"ErrorStackTrace":null,"DisplayName":"AddRouteeToBus_Should_Add_Routee_To_Bus_Successfully_If_Routee_Exists","Messages":[],"ComputerName":"DESKTOP-7RD6P2A","Duration":"00:00:00.0036160","StartTime":"2024-03-04T19:18:50.7839559+00:00","EndTime":"2024-03-04T19:18:50.7875714+00:00","Properties":[{"Key":{"Id":"NUnit.Seed","Label":"Seed","Category":"","Description":"","Attributes":0,"ValueType":"System.String"},"Value":"15006494"}]},{"TestCase":{"Id":"ef837081-f521-3160-6f9c-7b48156be66c","FullyQualifiedName":"FastX.Tests.Services.RouteServiceTest.AddRouteeToBus_Should_Throw_BusNotFoundException_If_Bus_Does_Not_Exist","DisplayName":"AddRouteeToBus_Should_Throw_BusNotFoundException_If_Bus_Does_Not_Exist","ExecutorUri":"executor://NUnit3TestExecutor","Source":"C:\\Users\\A C E R\\Desktop\\FastX - BusTicketBooking\\FastXSolution\\FastXAppTest\\bin\\Debug\\net6.0\\fine-code-coverage\\build-output\\FastXAppTest.dll","CodeFilePath":null,"LineNumber":0,"Properties":[{"Key":{"Id":"NUnit.Seed","Label":"Seed","Category":"","Description":"","Attributes":0,"ValueType":"System.String"},"Value":"648110953"}]},"Attachments":[],"Outcome":1,"ErrorMessage":null,"ErrorStackTrace":null,"DisplayName":"AddRouteeToBus_Should_Throw_BusNotFoundException_If_Bus_Does_Not_Exist","Messages":[],"ComputerName":"DESKTOP-7RD6P2A","Duration":"00:00:00.0017750","StartTime":"2024-03-04T19:18:50.7876002+00:00","EndTime":"2024-03-04T19:18:50.7893747+00:00","Properties":[{"Key":{"Id":"NUnit.Seed","Label":"Seed","Category":"","Description":"","Attributes":0,"ValueType":"System.String"},"Value":"648110953"}]},{"TestCase":{"Id":"54b843d1-eee6-0e72-8a57-55198cffb12d","FullyQualifiedName":"FastX.Tests.Services.RouteServiceTest.DeleteRoutee_Should_Delete_Routee_Successfully_If_Exists","DisplayName":"DeleteRoutee_Should_Delete_Routee_Successfully_If_Exists","ExecutorUri":"executor://NUnit3TestExecutor","Source":"C:\\Users\\A C E R\\Desktop\\FastX - BusTicketBooking\\FastXSolution\\FastXAppTest\\bin\\Debug\\net6.0\\fine-code-coverage\\build-output\\FastXAppTest.dll","CodeFilePath":null,"LineNumber":0,"Properties":[{"Key":{"Id":"NUnit.Seed","Label":"Seed","Category":"","Description":"","Attributes":0,"ValueType":"System.String"},"Value":"566874213"}]},"Attachments":[],"Outcome":1,"ErrorMessage":null,"ErrorStackTrace":null,"DisplayName":"DeleteRoutee_Should_Delete_Routee_Successfully_If_Exists","Messages":[],"ComputerName":"DESKTOP-7RD6P2A","Duration":"00:00:00.0042850","StartTime":"2024-03-04T19:18:50.7893973+00:00","EndTime":"2024-03-04T19:18:50.7936815+00:00","Properties":[{"Key":{"Id":"NUnit.Seed","Label":"Seed","Category":"","Description":"","Attributes":0,"ValueType":"System.String"},"Value":"566874213"}]}],"TestRunStatistics":{"ExecutedTests":18,"Stats":{"Failed":3,"Passed":15}},"ActiveTests":[{"Id":"592786ea-e5ec-5298-433c-8ed82e58a908","FullyQualifiedName":"FastX.Tests.Services.RouteServiceTest.DeleteRoutee_Should_Throw_NoSuchRouteeException_If_Routee_Does_Not_Exist","DisplayName":"DeleteRoutee_Should_Throw_NoSuchRouteeException_If_Routee_Does_Not_Exist","ExecutorUri":"executor://NUnit3TestExecutor","Source":"C:\\Users\\A C E R\\Desktop\\FastX - BusTicketBooking\\FastXSolution\\FastXAppTest\\bin\\Debug\\net6.0\\fine-code-coverage\\build-output\\FastXAppTest.dll","CodeFilePath":null,"LineNumber":0,"Properties":[{"Key":{"Id":"NUnit.Seed","Label":"Seed","Category":"","Description":"","Attributes":0,"ValueType":"System.String"},"Value":"1456990551"}]}]}}
TpTrace Verbose: 0 : 18756, 7, 2024/03/05, 00:48:50.851, 391476356778, vstest.console.dll, TestRunRequest:SendTestRunStatsChange: Starting.
TpTrace Verbose: 0 : 18756, 7, 2024/03/05, 00:48:50.851, 391476357992, vstest.console.dll, InProgress is DeleteRoutee_Should_Throw_NoSuchRouteeException_If_Routee_Does_Not_Exist
TpTrace Verbose: 0 : 18756, 4, 2024/03/05, 00:48:50.851, 391476359338, vstest.console.dll, MulticastDelegateUtilities.SafeInvoke: InternalTestLoggerEvents.SendTestResult: Invoking callback 1/1 for Microsoft.VisualStudio.TestPlatform.CommandLine.Internal.ConsoleLogger., took 7 ms.
TpTrace Verbose: 0 : 18756, 7, 2024/03/05, 00:48:50.851, 391476359407, vstest.console.dll, MulticastDelegateUtilities.SafeInvoke: TestRun.RunStatsChanged: Invoking callbacks was skipped because there are no subscribers.
TpTrace Information: 0 : 18756, 7, 2024/03/05, 00:48:50.852, 391476365360, vstest.console.dll, TestRunRequest:SendTestRunStatsChange: Completed.
TpTrace Verbose: 0 : 18756, 7, 2024/03/05, 00:48:50.852, 391476367864, vstest.console.dll, MulticastDelegateUtilities.SafeInvoke: LengthPrefixCommunicationChannel: MessageReceived: Invoking callback 1/1 for Microsoft.VisualStudio.TestPlatform.CommunicationUtilities.TestRequestSender+<>c__DisplayClass34_0., took 6 ms.
TpTrace Verbose: 0 : 18756, 7, 2024/03/05, 00:48:50.852, 391476368685, vstest.console.dll, TcpClientExtensions.MessageLoopAsync: Polling on remoteEndPoint: 127.0.0.1:8934 localEndPoint: 127.0.0.1:8933
TpTrace Verbose: 0 : 18756, 4, 2024/03/05, 00:48:50.852, 391476364678, vstest.console.dll, MulticastDelegateUtilities.SafeInvoke: InternalTestLoggerEvents.SendTestResult: Invoking callback 1/1 for Microsoft.VisualStudio.TestPlatform.CommandLine.Internal.ConsoleLogger., took 0 ms.
TpTrace Verbose: 0 : 18756, 4, 2024/03/05, 00:48:50.852, 391476371135, vstest.console.dll, MulticastDelegateUtilities.SafeInvoke: InternalTestLoggerEvents.SendTestResult: Invoking callback 1/1 for Microsoft.VisualStudio.TestPlatform.CommandLine.Internal.ConsoleLogger., took 0 ms.
TpTrace Verbose: 0 : 18756, 4, 2024/03/05, 00:48:50.852, 391476372060, vstest.console.dll, MulticastDelegateUtilities.SafeInvoke: InternalTestLoggerEvents.SendTestResult: Invoking callback 1/1 for Microsoft.VisualStudio.TestPlatform.CommandLine.Internal.ConsoleLogger., took 0 ms.
TpTrace Verbose: 0 : 18756, 4, 2024/03/05, 00:48:50.852, 391476372732, vstest.console.dll, MulticastDelegateUtilities.SafeInvoke: InternalTestLoggerEvents.SendTestResult: Invoking callback 1/1 for Microsoft.VisualStudio.TestPlatform.CommandLine.Internal.ConsoleLogger., took 0 ms.
TpTrace Verbose: 0 : 18756, 4, 2024/03/05, 00:48:50.852, 391476373369, vstest.console.dll, MulticastDelegateUtilities.SafeInvoke: InternalTestLoggerEvents.SendTestResult: Invoking callback 1/1 for Microsoft.VisualStudio.TestPlatform.CommandLine.Internal.ConsoleLogger., took 0 ms.
TpTrace Verbose: 0 : 18756, 4, 2024/03/05, 00:48:50.853, 391476374153, vstest.console.dll, MulticastDelegateUtilities.SafeInvoke: InternalTestLoggerEvents.SendTestResult: Invoking callback 1/1 for Microsoft.VisualStudio.TestPlatform.CommandLine.Internal.ConsoleLogger., took 0 ms.
TpTrace Verbose: 0 : 18756, 4, 2024/03/05, 00:48:50.853, 391476378118, vstest.console.dll, MulticastDelegateUtilities.SafeInvoke: InternalTestLoggerEvents.SendTestResult: Invoking callback 1/1 for Microsoft.VisualStudio.TestPlatform.CommandLine.Internal.ConsoleLogger., took 0 ms.
TpTrace Verbose: 0 : 18756, 4, 2024/03/05, 00:48:50.853, 391476379132, vstest.console.dll, MulticastDelegateUtilities.SafeInvoke: InternalTestLoggerEvents.SendTestResult: Invoking callback 1/1 for Microsoft.VisualStudio.TestPlatform.CommandLine.Internal.ConsoleLogger., took 0 ms.
TpTrace Verbose: 0 : 18756, 4, 2024/03/05, 00:48:50.853, 391476381799, vstest.console.dll, MulticastDelegateUtilities.SafeInvoke: InternalTestLoggerEvents.SendTestResult: Invoking callback 1/1 for Microsoft.VisualStudio.TestPlatform.CommandLine.Internal.ConsoleLogger., took 0 ms.
TpTrace Verbose: 0 : 18756, 4, 2024/03/05, 00:48:50.853, 391476382593, vstest.console.dll, MulticastDelegateUtilities.SafeInvoke: InternalTestLoggerEvents.SendTestResult: Invoking callback 1/1 for Microsoft.VisualStudio.TestPlatform.CommandLine.Internal.ConsoleLogger., took 0 ms.
TpTrace Verbose: 0 : 18756, 4, 2024/03/05, 00:48:50.853, 391476383297, vstest.console.dll, MulticastDelegateUtilities.SafeInvoke: InternalTestLoggerEvents.SendTestResult: Invoking callback 1/1 for Microsoft.VisualStudio.TestPlatform.CommandLine.Internal.ConsoleLogger., took 0 ms.
TpTrace Verbose: 0 : 18756, 4, 2024/03/05, 00:48:50.855, 391476402998, vstest.console.dll, MulticastDelegateUtilities.SafeInvoke: InternalTestLoggerEvents.SendTestResult: Invoking callback 1/1 for Microsoft.VisualStudio.TestPlatform.CommandLine.Internal.ConsoleLogger., took 1 ms.
TpTrace Verbose: 0 : 18756, 4, 2024/03/05, 00:48:50.856, 391476404856, vstest.console.dll, MulticastDelegateUtilities.SafeInvoke: InternalTestLoggerEvents.SendTestResult: Invoking callback 1/1 for Microsoft.VisualStudio.TestPlatform.CommandLine.Internal.ConsoleLogger., took 0 ms.
TpTrace Verbose: 0 : 18756, 4, 2024/03/05, 00:48:50.856, 391476405883, vstest.console.dll, MulticastDelegateUtilities.SafeInvoke: InternalTestLoggerEvents.SendTestResult: Invoking callback 1/1 for Microsoft.VisualStudio.TestPlatform.CommandLine.Internal.ConsoleLogger., took 0 ms.
TpTrace Verbose: 0 : 18756, 4, 2024/03/05, 00:48:50.856, 391476406715, vstest.console.dll, MulticastDelegateUtilities.SafeInvoke: InternalTestLoggerEvents.SendTestResult: Invoking callback 1/1 for Microsoft.VisualStudio.TestPlatform.CommandLine.Internal.ConsoleLogger., took 0 ms.
TpTrace Verbose: 0 : 18756, 4, 2024/03/05, 00:48:50.856, 391476407470, vstest.console.dll, MulticastDelegateUtilities.SafeInvoke: InternalTestLoggerEvents.SendTestResult: Invoking callback 1/1 for Microsoft.VisualStudio.TestPlatform.CommandLine.Internal.ConsoleLogger., took 0 ms.
TpTrace Verbose: 0 : 18756, 4, 2024/03/05, 00:48:50.856, 391476408253, vstest.console.dll, MulticastDelegateUtilities.SafeInvoke: InternalTestLoggerEvents.SendTestResult: Invoking callback 1/1 for Microsoft.VisualStudio.TestPlatform.CommandLine.Internal.ConsoleLogger., took 0 ms.
TpTrace Verbose: 0 : 18756, 7, 2024/03/05, 00:48:50.878, 391476629555, vstest.console.dll, TcpClientExtensions.MessageLoopAsync: NotifyDataAvailable remoteEndPoint: 127.0.0.1:8934 localEndPoint: 127.0.0.1:8933
TpTrace Verbose: 0 : 18756, 7, 2024/03/05, 00:48:50.879, 391476634746, vstest.console.dll, TestRequestSender.OnExecutionMessageReceived: Received message: {"Version":7,"MessageType":"TestExecution.StatsChange","Payload":{"NewTestResults":[{"TestCase":{"Id":"592786ea-e5ec-5298-433c-8ed82e58a908","FullyQualifiedName":"FastX.Tests.Services.RouteServiceTest.DeleteRoutee_Should_Throw_NoSuchRouteeException_If_Routee_Does_Not_Exist","DisplayName":"DeleteRoutee_Should_Throw_NoSuchRouteeException_If_Routee_Does_Not_Exist","ExecutorUri":"executor://NUnit3TestExecutor","Source":"C:\\Users\\A C E R\\Desktop\\FastX - BusTicketBooking\\FastXSolution\\FastXAppTest\\bin\\Debug\\net6.0\\fine-code-coverage\\build-output\\FastXAppTest.dll","CodeFilePath":null,"LineNumber":0,"Properties":[{"Key":{"Id":"NUnit.Seed","Label":"Seed","Category":"","Description":"","Attributes":0,"ValueType":"System.String"},"Value":"1456990551"}]},"Attachments":[],"Outcome":1,"ErrorMessage":null,"ErrorStackTrace":null,"DisplayName":"DeleteRoutee_Should_Throw_NoSuchRouteeException_If_Routee_Does_Not_Exist","Messages":[],"ComputerName":"DESKTOP-7RD6P2A","Duration":"00:00:00.0020250","StartTime":"2024-03-04T19:18:50.7937229+00:00","EndTime":"2024-03-04T19:18:50.7957449+00:00","Properties":[{"Key":{"Id":"NUnit.Seed","Label":"Seed","Category":"","Description":"","Attributes":0,"ValueType":"System.String"},"Value":"1456990551"}]},{"TestCase":{"Id":"8a02affa-7e48-b960-b978-80aa8bacf23e","FullyQualifiedName":"FastX.Tests.Services.RouteServiceTest.GetRoutee_Should_Return_Null_If_Routee_Does_Not_Exist","DisplayName":"GetRoutee_Should_Return_Null_If_Routee_Does_Not_Exist","ExecutorUri":"executor://NUnit3TestExecutor","Source":"C:\\Users\\A C E R\\Desktop\\FastX - BusTicketBooking\\FastXSolution\\FastXAppTest\\bin\\Debug\\net6.0\\fine-code-coverage\\build-output\\FastXAppTest.dll","CodeFilePath":null,"LineNumber":0,"Properties":[{"Key":{"Id":"NUnit.Seed","Label":"Seed","Category":"","Description":"","Attributes":0,"ValueType":"System.String"},"Value":"1735672428"}]},"Attachments":[],"Outcome":1,"ErrorMessage":null,"ErrorStackTrace":null,"DisplayName":"GetRoutee_Should_Return_Null_If_Routee_Does_Not_Exist","Messages":[],"ComputerName":"DESKTOP-7RD6P2A","Duration":"00:00:00.0038780","StartTime":"2024-03-04T19:18:50.7957998+00:00","EndTime":"2024-03-04T19:18:50.7996773+00:00","Properties":[{"Key":{"Id":"NUnit.Seed","Label":"Seed","Category":"","Description":"","Attributes":0,"ValueType":"System.String"},"Value":"1735672428"}]},{"TestCase":{"Id":"19d19da2-f218-707a-b0f4-419f969c2489","FullyQualifiedName":"FastX.Tests.Services.RouteServiceTest.GetRoutee_Should_Return_Routee_IfExists","DisplayName":"GetRoutee_Should_Return_Routee_IfExists","ExecutorUri":"executor://NUnit3TestExecutor","Source":"C:\\Users\\A C E R\\Desktop\\FastX - BusTicketBooking\\FastXSolution\\FastXAppTest\\bin\\Debug\\net6.0\\fine-code-coverage\\build-output\\FastXAppTest.dll","CodeFilePath":null,"LineNumber":0,"Properties":[{"Key":{"Id":"NUnit.Seed","Label":"Seed","Category":"","Description":"","Attributes":0,"ValueType":"System.String"},"Value":"469838519"}]},"Attachments":[],"Outcome":1,"ErrorMessage":null,"ErrorStackTrace":null,"DisplayName":"GetRoutee_Should_Return_Routee_IfExists","Messages":[],"ComputerName":"DESKTOP-7RD6P2A","Duration":"00:00:00.0034020","StartTime":"2024-03-04T19:18:50.8003027+00:00","EndTime":"2024-03-04T19:18:50.8037053+00:00","Properties":[{"Key":{"Id":"NUnit.Seed","Label":"Seed","Category":"","Description":"","Attributes":0,"ValueType":"System.String"},"Value":"469838519"}]},{"TestCase":{"Id":"b1e07f11-5334-f4ab-ba94-c92f61a26815","FullyQualifiedName":"FastX.Tests.Services.RouteServiceTest.GetRouteeList_Should_Return_List_Of_Routees","DisplayName":"GetRouteeList_Should_Return_List_Of_Routees","ExecutorUri":"executor://NUnit3TestExecutor","Source":"C:\\Users\\A C E R\\Desktop\\FastX - BusTicketBooking\\FastXSolution\\FastXAppTest\\bin\\Debug\\net6.0\\fine-code-coverage\\build-output\\FastXAppTest.dll","CodeFilePath":null,"LineNumber":0,"Properties":[{"Key":{"Id":"NUnit.Seed","Label":"Seed","Category":"","Description":"","Attributes":0,"ValueType":"System.String"},"Value":"936012903"}]},"Attachments":[],"Outcome":1,"ErrorMessage":null,"ErrorStackTrace":null,"DisplayName":"GetRouteeList_Should_Return_List_Of_Routees","Messages":[],"ComputerName":"DESKTOP-7RD6P2A","Duration":"00:00:00.0025870","StartTime":"2024-03-04T19:18:50.8037429+00:00","EndTime":"2024-03-04T19:18:50.8063299+00:00","Properties":[{"Key":{"Id":"NUnit.Seed","Label":"Seed","Category":"","Description":"","Attributes":0,"ValueType":"System.String"},"Value":"936012903"}]},{"TestCase":{"Id":"9a44b6ac-acc2-21a5-757f-5db3860e449e","FullyQualifiedName":"FastX.Tests.Services.SeatServiceTest.ChangeSeatAvailability_Should_Set_Seat_Availability_To_True","DisplayName":"ChangeSeatAvailability_Should_Set_Seat_Availability_To_True","ExecutorUri":"executor://NUnit3TestExecutor","Source":"C:\\Users\\A C E R\\Desktop\\FastX - BusTicketBooking\\FastXSolution\\FastXAppTest\\bin\\Debug\\net6.0\\fine-code-coverage\\build-output\\FastXAppTest.dll","CodeFilePath":null,"LineNumber":0,"Properties":[{"Key":{"Id":"NUnit.Seed","Label":"Seed","Category":"","Description":"","Attributes":0,"ValueType":"System.String"},"Value":"725444604"}]},"Attachments":[],"Outcome":1,"ErrorMessage":null,"ErrorStackTrace":null,"DisplayName":"ChangeSeatAvailability_Should_Set_Seat_Availability_To_True","Messages":[],"ComputerName":"DESKTOP-7RD6P2A","Duration":"00:00:00.0092170","StartTime":"2024-03-04T19:18:50.8069221+00:00","EndTime":"2024-03-04T19:18:50.8161388+00:00","Properties":[{"Key":{"Id":"NUnit.Seed","Label":"Seed","Category":"","Description":"","Attributes":0,"ValueType":"System.String"},"Value":"725444604"}]},{"TestCase":{"Id":"0df64aac-aef9-68ee-d6ff-6095ca2f15c3","FullyQualifiedName":"FastX.Tests.Services.SeatServiceTest.ChangeSeatAvailabilityAsync_Should_Set_Seat_Availability_To_False","DisplayName":"ChangeSeatAvailabilityAsync_Should_Set_Seat_Availability_To_False","ExecutorUri":"executor://NUnit3TestExecutor","Source":"C:\\Users\\A C E R\\Desktop\\FastX - BusTicketBooking\\FastXSolution\\FastXAppTest\\bin\\Debug\\net6.0\\fine-code-coverage\\build-output\\FastXAppTest.dll","CodeFilePath":null,"LineNumber":0,"Properties":[{"Key":{"Id":"NUnit.Seed","Label":"Seed","Category":"","Description":"","Attributes":0,"ValueType":"System.String"},"Value":"2135259228"}]},"Attachments":[],"Outcome":1,"ErrorMessage":null,"ErrorStackTrace":null,"DisplayName":"ChangeSeatAvailabilityAsync_Should_Set_Seat_Availability_To_False","Messages":[],"ComputerName":"DESKTOP-7RD6P2A","Duration":"00:00:00.0062040","StartTime":"2024-03-04T19:18:50.8161818+00:00","EndTime":"2024-03-04T19:18:50.8223856+00:00","Properties":[{"Key":{"Id":"NUnit.Seed","Label":"Seed","Category":"","Description":"","Attributes":0,"ValueType":"System.String"},"Value":"2135259228"}]},{"TestCase":{"Id":"504c1600-eb84-0c05-dfc6-f487f38484b1","FullyQualifiedName":"FastX.Tests.Services.SeatServiceTest.ChangeSeatAvailabilityForCancelledBookings_Should_Change_Seat_Availability","DisplayName":"ChangeSeatAvailabilityForCancelledBookings_Should_Change_Seat_Availability","ExecutorUri":"executor://NUnit3TestExecutor","Source":"C:\\Users\\A C E R\\Desktop\\FastX - BusTicketBooking\\FastXSolution\\FastXAppTest\\bin\\Debug\\net6.0\\fine-code-coverage\\build-output\\FastXAppTest.dll","CodeFilePath":null,"LineNumber":0,"Properties":[{"Key":{"Id":"NUnit.Seed","Label":"Seed","Category":"","Description":"","Attributes":0,"ValueType":"System.String"},"Value":"1953150116"}]},"Attachments":[],"Outcome":1,"ErrorMessage":null,"ErrorStackTrace":null,"DisplayName":"ChangeSeatAvailabilityForCancelledBookings_Should_Change_Seat_Availability","Messages":[],"ComputerName":"DESKTOP-7RD6P2A","Duration":"00:00:00.0066090","StartTime":"2024-03-04T19:18:50.8224101+00:00","EndTime":"2024-03-04T19:18:50.8290183+00:00","Properties":[{"Key":{"Id":"NUnit.Seed","Label":"Seed","Category":"","Description":"","Attributes":0,"ValueType":"System.String"},"Value":"1953150116"}]},{"TestCase":{"Id":"83f8d854-526e-f9a8-b514-261be45e6893","FullyQualifiedName":"FastX.Tests.Services.SeatServiceTest.CheckWhetherSeatIsAvailableForBooking_Should_Return_False_If_Seat_Already_Booked","DisplayName":"CheckWhetherSeatIsAvailableForBooking_Should_Return_False_If_Seat_Already_Booked","ExecutorUri":"executor://NUnit3TestExecutor","Source":"C:\\Users\\A C E R\\Desktop\\FastX - BusTicketBooking\\FastXSolution\\FastXAppTest\\bin\\Debug\\net6.0\\fine-code-coverage\\build-output\\FastXAppTest.dll","CodeFilePath":null,"LineNumber":0,"Properties":[{"Key":{"Id":"NUnit.Seed","Label":"Seed","Category":"","Description":"","Attributes":0,"ValueType":"System.String"},"Value":"2054897955"}]},"Attachments":[],"Outcome":1,"ErrorMessage":null,"ErrorStackTrace":null,"DisplayName":"CheckWhetherSeatIsAvailableForBooking_Should_Return_False_If_Seat_Already_Booked","Messages":[],"ComputerName":"DESKTOP-7RD6P2A","Duration":"00:00:00.0102040","StartTime":"2024-03-04T19:18:50.829054+00:00","EndTime":"2024-03-04T19:18:50.8392582+00:00","Properties":[{"Key":{"Id":"NUnit.Seed","Label":"Seed","Category":"","Description":"","Attributes":0,"ValueType":"System.String"},"Value":"2054897955"}]},{"TestCase":{"Id":"d62004c2-2d09-566a-4a19-30e6ab143fb3","FullyQualifiedName":"FastX.Tests.Services.SeatServiceTest.CheckWhetherSeatIsAvailableForBooking_Should_Return_True_If_Seat_Available","DisplayName":"CheckWhetherSeatIsAvailableForBooking_Should_Return_True_If_Seat_Available","ExecutorUri":"executor://NUnit3TestExecutor","Source":"C:\\Users\\A C E R\\Desktop\\FastX - BusTicketBooking\\FastXSolution\\FastXAppTest\\bin\\Debug\\net6.0\\fine-code-coverage\\build-output\\FastXAppTest.dll","CodeFilePath":null,"LineNumber":0,"Properties":[{"Key":{"Id":"NUnit.Seed","Label":"Seed","Category":"","Description":"","Attributes":0,"ValueType":"System.String"},"Value":"293307648"}]},"Attachments":[],"Outcome":1,"ErrorMessage":null,"ErrorStackTrace":null,"DisplayName":"CheckWhetherSeatIsAvailableForBooking_Should_Return_True_If_Seat_Available","Messages":[],"ComputerName":"DESKTOP-7RD6P2A","Duration":"00:00:00.0070930","StartTime":"2024-03-04T19:18:50.8392889+00:00","EndTime":"2024-03-04T19:18:50.8463818+00:00","Properties":[{"Key":{"Id":"NUnit.Seed","Label":"Seed","Category":"","Description":"","Attributes":0,"ValueType":"System.String"},"Value":"293307648"}]}],"TestRunStatistics":{"ExecutedTests":27,"Stats":{"Failed":3,"Passed":24}},"ActiveTests":[{"Id":"36e85871-ea5b-3ab2-6fb2-732932552cb9","FullyQualifiedName":"FastX.Tests.Services.SeatServiceTest.GetAvailableSeats_Should_Return_Available_Seats","DisplayName":"GetAvailableSeats_Should_Return_Available_Seats","ExecutorUri":"executor://NUnit3TestExecutor","Source":"C:\\Users\\A C E R\\Desktop\\FastX - BusTicketBooking\\FastXSolution\\FastXAppTest\\bin\\Debug\\net6.0\\fine-code-coverage\\build-output\\FastXAppTest.dll","CodeFilePath":null,"LineNumber":0,"Properties":[{"Key":{"Id":"NUnit.Seed","Label":"Seed","Category":"","Description":"","Attributes":0,"ValueType":"System.String"},"Value":"707642141"}]}]}}
TpTrace Verbose: 0 : 18756, 7, 2024/03/05, 00:48:50.881, 391476654468, vstest.console.dll, TestRunRequest:SendTestRunStatsChange: Starting.
TpTrace Verbose: 0 : 18756, 7, 2024/03/05, 00:48:50.881, 391476655366, vstest.console.dll, InProgress is GetAvailableSeats_Should_Return_Available_Seats
TpTrace Verbose: 0 : 18756, 7, 2024/03/05, 00:48:50.881, 391476656454, vstest.console.dll, MulticastDelegateUtilities.SafeInvoke: TestRun.RunStatsChanged: Invoking callbacks was skipped because there are no subscribers.
TpTrace Verbose: 0 : 18756, 4, 2024/03/05, 00:48:50.881, 391476656884, vstest.console.dll, MulticastDelegateUtilities.SafeInvoke: InternalTestLoggerEvents.SendTestResult: Invoking callback 1/1 for Microsoft.VisualStudio.TestPlatform.CommandLine.Internal.ConsoleLogger., took 0 ms.
TpTrace Information: 0 : 18756, 7, 2024/03/05, 00:48:50.881, 391476657064, vstest.console.dll, TestRunRequest:SendTestRunStatsChange: Completed.
TpTrace Verbose: 0 : 18756, 4, 2024/03/05, 00:48:50.881, 391476657827, vstest.console.dll, MulticastDelegateUtilities.SafeInvoke: InternalTestLoggerEvents.SendTestResult: Invoking callback 1/1 for Microsoft.VisualStudio.TestPlatform.CommandLine.Internal.ConsoleLogger., took 0 ms.
TpTrace Verbose: 0 : 18756, 7, 2024/03/05, 00:48:50.881, 391476658311, vstest.console.dll, MulticastDelegateUtilities.SafeInvoke: LengthPrefixCommunicationChannel: MessageReceived: Invoking callback 1/1 for Microsoft.VisualStudio.TestPlatform.CommunicationUtilities.TestRequestSender+<>c__DisplayClass34_0., took 2 ms.
TpTrace Verbose: 0 : 18756, 7, 2024/03/05, 00:48:50.881, 391476659382, vstest.console.dll, TcpClientExtensions.MessageLoopAsync: Polling on remoteEndPoint: 127.0.0.1:8934 localEndPoint: 127.0.0.1:8933
TpTrace Verbose: 0 : 18756, 4, 2024/03/05, 00:48:50.881, 391476659384, vstest.console.dll, MulticastDelegateUtilities.SafeInvoke: InternalTestLoggerEvents.SendTestResult: Invoking callback 1/1 for Microsoft.VisualStudio.TestPlatform.CommandLine.Internal.ConsoleLogger., took 0 ms.
TpTrace Verbose: 0 : 18756, 4, 2024/03/05, 00:48:50.881, 391476660662, vstest.console.dll, MulticastDelegateUtilities.SafeInvoke: InternalTestLoggerEvents.SendTestResult: Invoking callback 1/1 for Microsoft.VisualStudio.TestPlatform.CommandLine.Internal.ConsoleLogger., took 0 ms.
TpTrace Verbose: 0 : 18756, 4, 2024/03/05, 00:48:50.881, 391476661142, vstest.console.dll, MulticastDelegateUtilities.SafeInvoke: InternalTestLoggerEvents.SendTestResult: Invoking callback 1/1 for Microsoft.VisualStudio.TestPlatform.CommandLine.Internal.ConsoleLogger., took 0 ms.
TpTrace Verbose: 0 : 18756, 4, 2024/03/05, 00:48:50.881, 391476661643, vstest.console.dll, MulticastDelegateUtilities.SafeInvoke: InternalTestLoggerEvents.SendTestResult: Invoking callback 1/1 for Microsoft.VisualStudio.TestPlatform.CommandLine.Internal.ConsoleLogger., took 0 ms.
TpTrace Verbose: 0 : 18756, 4, 2024/03/05, 00:48:50.881, 391476662072, vstest.console.dll, MulticastDelegateUtilities.SafeInvoke: InternalTestLoggerEvents.SendTestResult: Invoking callback 1/1 for Microsoft.VisualStudio.TestPlatform.CommandLine.Internal.ConsoleLogger., took 0 ms.
TpTrace Verbose: 0 : 18756, 4, 2024/03/05, 00:48:50.881, 391476662490, vstest.console.dll, MulticastDelegateUtilities.SafeInvoke: InternalTestLoggerEvents.SendTestResult: Invoking callback 1/1 for Microsoft.VisualStudio.TestPlatform.CommandLine.Internal.ConsoleLogger., took 0 ms.
TpTrace Verbose: 0 : 18756, 4, 2024/03/05, 00:48:50.881, 391476662905, vstest.console.dll, MulticastDelegateUtilities.SafeInvoke: InternalTestLoggerEvents.SendTestResult: Invoking callback 1/1 for Microsoft.VisualStudio.TestPlatform.CommandLine.Internal.ConsoleLogger., took 0 ms.
TpTrace Verbose: 0 : 18756, 7, 2024/03/05, 00:48:50.916, 391477003984, vstest.console.dll, TcpClientExtensions.MessageLoopAsync: NotifyDataAvailable remoteEndPoint: 127.0.0.1:8934 localEndPoint: 127.0.0.1:8933
TpTrace Verbose: 0 : 18756, 7, 2024/03/05, 00:48:50.916, 391477008753, vstest.console.dll, TestRequestSender.OnExecutionMessageReceived: Received message: {"Version":7,"MessageType":"TestExecution.StatsChange","Payload":{"NewTestResults":[{"TestCase":{"Id":"36e85871-ea5b-3ab2-6fb2-732932552cb9","FullyQualifiedName":"FastX.Tests.Services.SeatServiceTest.GetAvailableSeats_Should_Return_Available_Seats","DisplayName":"GetAvailableSeats_Should_Return_Available_Seats","ExecutorUri":"executor://NUnit3TestExecutor","Source":"C:\\Users\\A C E R\\Desktop\\FastX - BusTicketBooking\\FastXSolution\\FastXAppTest\\bin\\Debug\\net6.0\\fine-code-coverage\\build-output\\FastXAppTest.dll","CodeFilePath":null,"LineNumber":0,"Properties":[{"Key":{"Id":"NUnit.Seed","Label":"Seed","Category":"","Description":"","Attributes":0,"ValueType":"System.String"},"Value":"707642141"}]},"Attachments":[],"Outcome":1,"ErrorMessage":null,"ErrorStackTrace":null,"DisplayName":"GetAvailableSeats_Should_Return_Available_Seats","Messages":[],"ComputerName":"DESKTOP-7RD6P2A","Duration":"00:00:00.0083810","StartTime":"2024-03-04T19:18:50.8470377+00:00","EndTime":"2024-03-04T19:18:50.8554187+00:00","Properties":[{"Key":{"Id":"NUnit.Seed","Label":"Seed","Category":"","Description":"","Attributes":0,"ValueType":"System.String"},"Value":"707642141"}]},{"TestCase":{"Id":"6cd22de3-2150-039a-b184-da3c89eb86bc","FullyQualifiedName":"FastX.Tests.Services.SeatServiceTest.GetSeatPriceAsync_Should_Return_Seat_Price","DisplayName":"GetSeatPriceAsync_Should_Return_Seat_Price","ExecutorUri":"executor://NUnit3TestExecutor","Source":"C:\\Users\\A C E R\\Desktop\\FastX - BusTicketBooking\\FastXSolution\\FastXAppTest\\bin\\Debug\\net6.0\\fine-code-coverage\\build-output\\FastXAppTest.dll","CodeFilePath":null,"LineNumber":0,"Properties":[{"Key":{"Id":"NUnit.Seed","Label":"Seed","Category":"","Description":"","Attributes":0,"ValueType":"System.String"},"Value":"1659118593"}]},"Attachments":[],"Outcome":1,"ErrorMessage":null,"ErrorStackTrace":null,"DisplayName":"GetSeatPriceAsync_Should_Return_Seat_Price","Messages":[],"ComputerName":"DESKTOP-7RD6P2A","Duration":"00:00:00.0056410","StartTime":"2024-03-04T19:18:50.8555935+00:00","EndTime":"2024-03-04T19:18:50.8612341+00:00","Properties":[{"Key":{"Id":"NUnit.Seed","Label":"Seed","Category":"","Description":"","Attributes":0,"ValueType":"System.String"},"Value":"1659118593"}]},{"TestCase":{"Id":"288df24e-6995-1c73-cd1e-90a3dfe337f5","FullyQualifiedName":"FastX.Tests.Services.SeatServiceTest.GetSeatPriceAsync_Should_Throw_NoSeatsAvailableException_If_Seat_Not_Found","DisplayName":"GetSeatPriceAsync_Should_Throw_NoSeatsAvailableException_If_Seat_Not_Found","ExecutorUri":"executor://NUnit3TestExecutor","Source":"C:\\Users\\A C E R\\Desktop\\FastX - BusTicketBooking\\FastXSolution\\FastXAppTest\\bin\\Debug\\net6.0\\fine-code-coverage\\build-output\\FastXAppTest.dll","CodeFilePath":null,"LineNumber":0,"Properties":[{"Key":{"Id":"NUnit.Seed","Label":"Seed","Category":"","Description":"","Attributes":0,"ValueType":"System.String"},"Value":"2106135918"}]},"Attachments":[],"Outcome":1,"ErrorMessage":null,"ErrorStackTrace":null,"DisplayName":"GetSeatPriceAsync_Should_Throw_NoSeatsAvailableException_If_Seat_Not_Found","Messages":[],"ComputerName":"DESKTOP-7RD6P2A","Duration":"00:00:00.0039620","StartTime":"2024-03-04T19:18:50.8612537+00:00","EndTime":"2024-03-04T19:18:50.8652155+00:00","Properties":[{"Key":{"Id":"NUnit.Seed","Label":"Seed","Category":"","Description":"","Attributes":0,"ValueType":"System.String"},"Value":"2106135918"}]},{"TestCase":{"Id":"f469b64e-02ed-4f36-a9d9-badd5903aa7b","FullyQualifiedName":"FastX.Tests.Services.TicketServiceTest.AddTicket_Should_Add_Ticket","DisplayName":"AddTicket_Should_Add_Ticket","ExecutorUri":"executor://NUnit3TestExecutor","Source":"C:\\Users\\A C E R\\Desktop\\FastX - BusTicketBooking\\FastXSolution\\FastXAppTest\\bin\\Debug\\net6.0\\fine-code-coverage\\build-output\\FastXAppTest.dll","CodeFilePath":null,"LineNumber":0,"Properties":[{"Key":{"Id":"NUnit.Seed","Label":"Seed","Category":"","Description":"","Attributes":0,"ValueType":"System.String"},"Value":"1712603650"}]},"Attachments":[],"Outcome":1,"ErrorMessage":null,"ErrorStackTrace":null,"DisplayName":"AddTicket_Should_Add_Ticket","Messages":[],"ComputerName":"DESKTOP-7RD6P2A","Duration":"00:00:00.0050840","StartTime":"2024-03-04T19:18:50.8654383+00:00","EndTime":"2024-03-04T19:18:50.8705218+00:00","Properties":[{"Key":{"Id":"NUnit.Seed","Label":"Seed","Category":"","Description":"","Attributes":0,"ValueType":"System.String"},"Value":"1712603650"}]},{"TestCase":{"Id":"b3c7c2c9-de91-d23e-7fce-e21fe4ba56c9","FullyQualifiedName":"FastX.Tests.Services.TicketServiceTest.DeleteCancelledBookingTickets_Should_Delete_Cancelled_Booking_Tickets","DisplayName":"DeleteCancelledBookingTickets_Should_Delete_Cancelled_Booking_Tickets","ExecutorUri":"executor://NUnit3TestExecutor","Source":"C:\\Users\\A C E R\\Desktop\\FastX - BusTicketBooking\\FastXSolution\\FastXAppTest\\bin\\Debug\\net6.0\\fine-code-coverage\\build-output\\FastXAppTest.dll","CodeFilePath":null,"LineNumber":0,"Properties":[{"Key":{"Id":"NUnit.Seed","Label":"Seed","Category":"","Description":"","Attributes":0,"ValueType":"System.String"},"Value":"376635950"}]},"Attachments":[],"Outcome":1,"ErrorMessage":null,"ErrorStackTrace":null,"DisplayName":"DeleteCancelledBookingTickets_Should_Delete_Cancelled_Booking_Tickets","Messages":[],"ComputerName":"DESKTOP-7RD6P2A","Duration":"00:00:00.0061350","StartTime":"2024-03-04T19:18:50.870545+00:00","EndTime":"2024-03-04T19:18:50.8766797+00:00","Properties":[{"Key":{"Id":"NUnit.Seed","Label":"Seed","Category":"","Description":"","Attributes":0,"ValueType":"System.String"},"Value":"376635950"}]},{"TestCase":{"Id":"afe2d4ee-2a8c-6b53-548c-29c7f8c63ff4","FullyQualifiedName":"FastX.Tests.Services.TicketServiceTest.DeleteCancelledBookingTickets_Should_Not_Delete_Tickets_If_Booking_Not_Cancelled","DisplayName":"DeleteCancelledBookingTickets_Should_Not_Delete_Tickets_If_Booking_Not_Cancelled","ExecutorUri":"executor://NUnit3TestExecutor","Source":"C:\\Users\\A C E R\\Desktop\\FastX - BusTicketBooking\\FastXSolution\\FastXAppTest\\bin\\Debug\\net6.0\\fine-code-coverage\\build-output\\FastXAppTest.dll","CodeFilePath":null,"LineNumber":0,"Properties":[{"Key":{"Id":"NUnit.Seed","Label":"Seed","Category":"","Description":"","Attributes":0,"ValueType":"System.String"},"Value":"417685430"}]},"Attachments":[],"Outcome":1,"ErrorMessage":null,"ErrorStackTrace":null,"DisplayName":"DeleteCancelledBookingTickets_Should_Not_Delete_Tickets_If_Booking_Not_Cancelled","Messages":[],"ComputerName":"DESKTOP-7RD6P2A","Duration":"00:00:00.0017460","StartTime":"2024-03-04T19:18:50.8767011+00:00","EndTime":"2024-03-04T19:18:50.8784472+00:00","Properties":[{"Key":{"Id":"NUnit.Seed","Label":"Seed","Category":"","Description":"","Attributes":0,"ValueType":"System.String"},"Value":"417685430"}]},{"TestCase":{"Id":"5fd48823-457d-7d2d-eb92-9208237ecf5a","FullyQualifiedName":"FastX.Tests.Services.TicketServiceTest.DeleteTicket_Should_Delete_Ticket","DisplayName":"DeleteTicket_Should_Delete_Ticket","ExecutorUri":"executor://NUnit3TestExecutor","Source":"C:\\Users\\A C E R\\Desktop\\FastX - BusTicketBooking\\FastXSolution\\FastXAppTest\\bin\\Debug\\net6.0\\fine-code-coverage\\build-output\\FastXAppTest.dll","CodeFilePath":null,"LineNumber":0,"Properties":[{"Key":{"Id":"NUnit.Seed","Label":"Seed","Category":"","Description":"","Attributes":0,"ValueType":"System.String"},"Value":"1063844819"}]},"Attachments":[],"Outcome":1,"ErrorMessage":null,"ErrorStackTrace":null,"DisplayName":"DeleteTicket_Should_Delete_Ticket","Messages":[],"ComputerName":"DESKTOP-7RD6P2A","Duration":"00:00:00.0025450","StartTime":"2024-03-04T19:18:50.8784621+00:00","EndTime":"2024-03-04T19:18:50.8810065+00:00","Properties":[{"Key":{"Id":"NUnit.Seed","Label":"Seed","Category":"","Description":"","Attributes":0,"ValueType":"System.String"},"Value":"1063844819"}]},{"TestCase":{"Id":"6d0f8e16-a9df-3b43-98f3-20ac2c9e1aef","FullyQualifiedName":"FastX.Tests.Services.TicketServiceTest.GetTicket_Should_Return_Ticket","DisplayName":"GetTicket_Should_Return_Ticket","ExecutorUri":"executor://NUnit3TestExecutor","Source":"C:\\Users\\A C E R\\Desktop\\FastX - BusTicketBooking\\FastXSolution\\FastXAppTest\\bin\\Debug\\net6.0\\fine-code-coverage\\build-output\\FastXAppTest.dll","CodeFilePath":null,"LineNumber":0,"Properties":[{"Key":{"Id":"NUnit.Seed","Label":"Seed","Category":"","Description":"","Attributes":0,"ValueType":"System.String"},"Value":"790528305"}]},"Attachments":[],"Outcome":1,"ErrorMessage":null,"ErrorStackTrace":null,"DisplayName":"GetTicket_Should_Return_Ticket","Messages":[],"ComputerName":"DESKTOP-7RD6P2A","Duration":"00:00:00.0025770","StartTime":"2024-03-04T19:18:50.8810283+00:00","EndTime":"2024-03-04T19:18:50.8836049+00:00","Properties":[{"Key":{"Id":"NUnit.Seed","Label":"Seed","Category":"","Description":"","Attributes":0,"ValueType":"System.String"},"Value":"790528305"}]},{"TestCase":{"Id":"c1f9f104-f2f6-d928-7d2f-a23a6d02b6e3","FullyQualifiedName":"FastX.Tests.Services.TicketServiceTest.GetTicketList_Should_Return_List_Of_Tickets","DisplayName":"GetTicketList_Should_Return_List_Of_Tickets","ExecutorUri":"executor://NUnit3TestExecutor","Source":"C:\\Users\\A C E R\\Desktop\\FastX - BusTicketBooking\\FastXSolution\\FastXAppTest\\bin\\Debug\\net6.0\\fine-code-coverage\\build-output\\FastXAppTest.dll","CodeFilePath":null,"LineNumber":0,"Properties":[{"Key":{"Id":"NUnit.Seed","Label":"Seed","Category":"","Description":"","Attributes":0,"ValueType":"System.String"},"Value":"584514773"}]},"Attachments":[],"Outcome":1,"ErrorMessage":null,"ErrorStackTrace":null,"DisplayName":"GetTicketList_Should_Return_List_Of_Tickets","Messages":[],"ComputerName":"DESKTOP-7RD6P2A","Duration":"00:00:00.0016390","StartTime":"2024-03-04T19:18:50.8836257+00:00","EndTime":"2024-03-04T19:18:50.8852641+00:00","Properties":[{"Key":{"Id":"NUnit.Seed","Label":"Seed","Category":"","Description":"","Attributes":0,"ValueType":"System.String"},"Value":"584514773"}]}],"TestRunStatistics":{"ExecutedTests":36,"Stats":{"Failed":3,"Passed":33}},"ActiveTests":[{"Id":"25629705-c0a5-5848-cb41-eaee7691c018","FullyQualifiedName":"FastX.Tests.Services.TicketServiceTest.GetTicketsForUser_Should_Return_Tickets_For_User","DisplayName":"GetTicketsForUser_Should_Return_Tickets_For_User","ExecutorUri":"executor://NUnit3TestExecutor","Source":"C:\\Users\\A C E R\\Desktop\\FastX - BusTicketBooking\\FastXSolution\\FastXAppTest\\bin\\Debug\\net6.0\\fine-code-coverage\\build-output\\FastXAppTest.dll","CodeFilePath":null,"LineNumber":0,"Properties":[{"Key":{"Id":"NUnit.Seed","Label":"Seed","Category":"","Description":"","Attributes":0,"ValueType":"System.String"},"Value":"1256336130"}]}]}}
TpTrace Verbose: 0 : 18756, 7, 2024/03/05, 00:48:50.919, 391477034415, vstest.console.dll, TestRunRequest:SendTestRunStatsChange: Starting.
TpTrace Verbose: 0 : 18756, 7, 2024/03/05, 00:48:50.919, 391477035491, vstest.console.dll, InProgress is GetTicketsForUser_Should_Return_Tickets_For_User
TpTrace Verbose: 0 : 18756, 7, 2024/03/05, 00:48:50.919, 391477036675, vstest.console.dll, MulticastDelegateUtilities.SafeInvoke: TestRun.RunStatsChanged: Invoking callbacks was skipped because there are no subscribers.
TpTrace Information: 0 : 18756, 7, 2024/03/05, 00:48:50.919, 391477037182, vstest.console.dll, TestRunRequest:SendTestRunStatsChange: Completed.
TpTrace Verbose: 0 : 18756, 4, 2024/03/05, 00:48:50.919, 391477037475, vstest.console.dll, MulticastDelegateUtilities.SafeInvoke: InternalTestLoggerEvents.SendTestResult: Invoking callback 1/1 for Microsoft.VisualStudio.TestPlatform.CommandLine.Internal.ConsoleLogger., took 0 ms.
TpTrace Verbose: 0 : 18756, 7, 2024/03/05, 00:48:50.919, 391477037826, vstest.console.dll, MulticastDelegateUtilities.SafeInvoke: LengthPrefixCommunicationChannel: MessageReceived: Invoking callback 1/1 for Microsoft.VisualStudio.TestPlatform.CommunicationUtilities.TestRequestSender+<>c__DisplayClass34_0., took 2 ms.
TpTrace Verbose: 0 : 18756, 4, 2024/03/05, 00:48:50.919, 391477038830, vstest.console.dll, MulticastDelegateUtilities.SafeInvoke: InternalTestLoggerEvents.SendTestResult: Invoking callback 1/1 for Microsoft.VisualStudio.TestPlatform.CommandLine.Internal.ConsoleLogger., took 0 ms.
TpTrace Verbose: 0 : 18756, 7, 2024/03/05, 00:48:50.919, 391477038956, vstest.console.dll, TcpClientExtensions.MessageLoopAsync: Polling on remoteEndPoint: 127.0.0.1:8934 localEndPoint: 127.0.0.1:8933
TpTrace Verbose: 0 : 18756, 4, 2024/03/05, 00:48:50.919, 391477039729, vstest.console.dll, MulticastDelegateUtilities.SafeInvoke: InternalTestLoggerEvents.SendTestResult: Invoking callback 1/1 for Microsoft.VisualStudio.TestPlatform.CommandLine.Internal.ConsoleLogger., took 0 ms.
TpTrace Verbose: 0 : 18756, 4, 2024/03/05, 00:48:50.919, 391477041150, vstest.console.dll, MulticastDelegateUtilities.SafeInvoke: InternalTestLoggerEvents.SendTestResult: Invoking callback 1/1 for Microsoft.VisualStudio.TestPlatform.CommandLine.Internal.ConsoleLogger., took 0 ms.
TpTrace Verbose: 0 : 18756, 4, 2024/03/05, 00:48:50.919, 391477041882, vstest.console.dll, MulticastDelegateUtilities.SafeInvoke: InternalTestLoggerEvents.SendTestResult: Invoking callback 1/1 for Microsoft.VisualStudio.TestPlatform.CommandLine.Internal.ConsoleLogger., took 0 ms.
TpTrace Verbose: 0 : 18756, 4, 2024/03/05, 00:48:50.919, 391477042528, vstest.console.dll, MulticastDelegateUtilities.SafeInvoke: InternalTestLoggerEvents.SendTestResult: Invoking callback 1/1 for Microsoft.VisualStudio.TestPlatform.CommandLine.Internal.ConsoleLogger., took 0 ms.
TpTrace Verbose: 0 : 18756, 4, 2024/03/05, 00:48:50.919, 391477043329, vstest.console.dll, MulticastDelegateUtilities.SafeInvoke: InternalTestLoggerEvents.SendTestResult: Invoking callback 1/1 for Microsoft.VisualStudio.TestPlatform.CommandLine.Internal.ConsoleLogger., took 0 ms.
TpTrace Verbose: 0 : 18756, 4, 2024/03/05, 00:48:50.920, 391477043893, vstest.console.dll, MulticastDelegateUtilities.SafeInvoke: InternalTestLoggerEvents.SendTestResult: Invoking callback 1/1 for Microsoft.VisualStudio.TestPlatform.CommandLine.Internal.ConsoleLogger., took 0 ms.
TpTrace Verbose: 0 : 18756, 4, 2024/03/05, 00:48:50.920, 391477044868, vstest.console.dll, MulticastDelegateUtilities.SafeInvoke: InternalTestLoggerEvents.SendTestResult: Invoking callback 1/1 for Microsoft.VisualStudio.TestPlatform.CommandLine.Internal.ConsoleLogger., took 0 ms.
TpTrace Verbose: 0 : 18756, 7, 2024/03/05, 00:48:51.121, 391479063091, vstest.console.dll, TcpClientExtensions.MessageLoopAsync: NotifyDataAvailable remoteEndPoint: 127.0.0.1:8934 localEndPoint: 127.0.0.1:8933
TpTrace Verbose: 0 : 18756, 7, 2024/03/05, 00:48:51.122, 391479066564, vstest.console.dll, TestRequestSender.OnExecutionMessageReceived: Received message: {"Version":7,"MessageType":"TestExecution.StatsChange","Payload":{"NewTestResults":[{"TestCase":{"Id":"25629705-c0a5-5848-cb41-eaee7691c018","FullyQualifiedName":"FastX.Tests.Services.TicketServiceTest.GetTicketsForUser_Should_Return_Tickets_For_User","DisplayName":"GetTicketsForUser_Should_Return_Tickets_For_User","ExecutorUri":"executor://NUnit3TestExecutor","Source":"C:\\Users\\A C E R\\Desktop\\FastX - BusTicketBooking\\FastXSolution\\FastXAppTest\\bin\\Debug\\net6.0\\fine-code-coverage\\build-output\\FastXAppTest.dll","CodeFilePath":null,"LineNumber":0,"Properties":[{"Key":{"Id":"NUnit.Seed","Label":"Seed","Category":"","Description":"","Attributes":0,"ValueType":"System.String"},"Value":"1256336130"}]},"Attachments":[],"Outcome":1,"ErrorMessage":null,"ErrorStackTrace":null,"DisplayName":"GetTicketsForUser_Should_Return_Tickets_For_User","Messages":[],"ComputerName":"DESKTOP-7RD6P2A","Duration":"00:00:00.0046320","StartTime":"2024-03-04T19:18:50.8852862+00:00","EndTime":"2024-03-04T19:18:50.8899182+00:00","Properties":[{"Key":{"Id":"NUnit.Seed","Label":"Seed","Category":"","Description":"","Attributes":0,"ValueType":"System.String"},"Value":"1256336130"}]},{"TestCase":{"Id":"9ec65534-0c67-8855-1c03-ffcf48b0ee46","FullyQualifiedName":"FastX.Tests.Services.TicketServiceTest.GetTicketsForUser_Should_Throw_NoTicketsAvailableException_If_No_Tickets_Found","DisplayName":"GetTicketsForUser_Should_Throw_NoTicketsAvailableException_If_No_Tickets_Found","ExecutorUri":"executor://NUnit3TestExecutor","Source":"C:\\Users\\A C E R\\Desktop\\FastX - BusTicketBooking\\FastXSolution\\FastXAppTest\\bin\\Debug\\net6.0\\fine-code-coverage\\build-output\\FastXAppTest.dll","CodeFilePath":null,"LineNumber":0,"Properties":[{"Key":{"Id":"NUnit.Seed","Label":"Seed","Category":"","Description":"","Attributes":0,"ValueType":"System.String"},"Value":"2119603039"}]},"Attachments":[],"Outcome":1,"ErrorMessage":null,"ErrorStackTrace":null,"DisplayName":"GetTicketsForUser_Should_Throw_NoTicketsAvailableException_If_No_Tickets_Found","Messages":[],"ComputerName":"DESKTOP-7RD6P2A","Duration":"00:00:00.0021830","StartTime":"2024-03-04T19:18:50.8900137+00:00","EndTime":"2024-03-04T19:18:50.8921959+00:00","Properties":[{"Key":{"Id":"NUnit.Seed","Label":"Seed","Category":"","Description":"","Attributes":0,"ValueType":"System.String"},"Value":"2119603039"}]},{"TestCase":{"Id":"9238394e-ce70-85e1-8390-067734379d66","FullyQualifiedName":"FastXAppTest.AmenityServiceTest.AddAmenitiesToBus_Should_Add_Amenities_To_Bus_Successfully","DisplayName":"AddAmenitiesToBus_Should_Add_Amenities_To_Bus_Successfully","ExecutorUri":"executor://NUnit3TestExecutor","Source":"C:\\Users\\A C E R\\Desktop\\FastX - BusTicketBooking\\FastXSolution\\FastXAppTest\\bin\\Debug\\net6.0\\fine-code-coverage\\build-output\\FastXAppTest.dll","CodeFilePath":null,"LineNumber":0,"Properties":[{"Key":{"Id":"NUnit.Seed","Label":"Seed","Category":"","Description":"","Attributes":0,"ValueType":"System.String"},"Value":"953690351"}]},"Attachments":[],"Outcome":1,"ErrorMessage":null,"ErrorStackTrace":null,"DisplayName":"AddAmenitiesToBus_Should_Add_Amenities_To_Bus_Successfully","Messages":[],"ComputerName":"DESKTOP-7RD6P2A","Duration":"00:00:00.2001350","StartTime":"2024-03-04T19:18:50.8925081+00:00","EndTime":"2024-03-04T19:18:51.092643+00:00","Properties":[{"Key":{"Id":"NUnit.Seed","Label":"Seed","Category":"","Description":"","Attributes":0,"ValueType":"System.String"},"Value":"953690351"}]},{"TestCase":{"Id":"8a76faee-9f48-4f9c-d9a1-70e86726a03d","FullyQualifiedName":"FastXAppTest.AmenityServiceTest.AddAmenitiesToBus_Should_Throw_AmenityAlreadyExistsException_When_Amenity_Already_Exists_On_Bus","DisplayName":"AddAmenitiesToBus_Should_Throw_AmenityAlreadyExistsException_When_Amenity_Already_Exists_On_Bus","ExecutorUri":"executor://NUnit3TestExecutor","Source":"C:\\Users\\A C E R\\Desktop\\FastX - BusTicketBooking\\FastXSolution\\FastXAppTest\\bin\\Debug\\net6.0\\fine-code-coverage\\build-output\\FastXAppTest.dll","CodeFilePath":null,"LineNumber":0,"Properties":[{"Key":{"Id":"NUnit.Seed","Label":"Seed","Category":"","Description":"","Attributes":0,"ValueType":"System.String"},"Value":"952828231"}]},"Attachments":[],"Outcome":1,"ErrorMessage":null,"ErrorStackTrace":null,"DisplayName":"AddAmenitiesToBus_Should_Throw_AmenityAlreadyExistsException_When_Amenity_Already_Exists_On_Bus","Messages":[],"ComputerName":"DESKTOP-7RD6P2A","Duration":"00:00:00.0120660","StartTime":"2024-03-04T19:18:51.0928287+00:00","EndTime":"2024-03-04T19:18:51.1048947+00:00","Properties":[{"Key":{"Id":"NUnit.Seed","Label":"Seed","Category":"","Description":"","Attributes":0,"ValueType":"System.String"},"Value":"952828231"}]},{"TestCase":{"Id":"fec852ce-3f1e-c316-f411-0d19d71ca0f4","FullyQualifiedName":"FastXAppTest.AmenityServiceTest.AddAmenitiesToBus_Should_Throw_BusNotFoundException_When_Bus_Not_Exists","DisplayName":"AddAmenitiesToBus_Should_Throw_BusNotFoundException_When_Bus_Not_Exists","ExecutorUri":"executor://NUnit3TestExecutor","Source":"C:\\Users\\A C E R\\Desktop\\FastX - BusTicketBooking\\FastXSolution\\FastXAppTest\\bin\\Debug\\net6.0\\fine-code-coverage\\build-output\\FastXAppTest.dll","CodeFilePath":null,"LineNumber":0,"Properties":[{"Key":{"Id":"NUnit.Seed","Label":"Seed","Category":"","Description":"","Attributes":0,"ValueType":"System.String"},"Value":"899225774"}]},"Attachments":[],"Outcome":1,"ErrorMessage":null,"ErrorStackTrace":null,"DisplayName":"AddAmenitiesToBus_Should_Throw_BusNotFoundException_When_Bus_Not_Exists","Messages":[],"ComputerName":"DESKTOP-7RD6P2A","Duration":"00:00:00.0019870","StartTime":"2024-03-04T19:18:51.1049211+00:00","EndTime":"2024-03-04T19:18:51.1069078+00:00","Properties":[{"Key":{"Id":"NUnit.Seed","Label":"Seed","Category":"","Description":"","Attributes":0,"ValueType":"System.String"},"Value":"899225774"}]},{"TestCase":{"Id":"d330d126-a3b6-9e2e-bc5b-f688ccbd82de","FullyQualifiedName":"FastXAppTest.AmenityServiceTest.AddAmenityToBus_Should_Add_Amenity_To_Bus_Successfully","DisplayName":"AddAmenityToBus_Should_Add_Amenity_To_Bus_Successfully","ExecutorUri":"executor://NUnit3TestExecutor","Source":"C:\\Users\\A C E R\\Desktop\\FastX - BusTicketBooking\\FastXSolution\\FastXAppTest\\bin\\Debug\\net6.0\\fine-code-coverage\\build-output\\FastXAppTest.dll","CodeFilePath":null,"LineNumber":0,"Properties":[{"Key":{"Id":"NUnit.Seed","Label":"Seed","Category":"","Description":"","Attributes":0,"ValueType":"System.String"},"Value":"194887264"}]},"Attachments":[],"Outcome":1,"ErrorMessage":null,"ErrorStackTrace":null,"DisplayName":"AddAmenityToBus_Should_Add_Amenity_To_Bus_Successfully","Messages":[],"ComputerName":"DESKTOP-7RD6P2A","Duration":"00:00:00.0046920","StartTime":"2024-03-04T19:18:51.106929+00:00","EndTime":"2024-03-04T19:18:51.1116204+00:00","Properties":[{"Key":{"Id":"NUnit.Seed","Label":"Seed","Category":"","Description":"","Attributes":0,"ValueType":"System.String"},"Value":"194887264"}]},{"TestCase":{"Id":"13ec67d2-b925-430f-8d87-0fc2fd7fbbef","FullyQualifiedName":"FastXAppTest.AmenityServiceTest.AddAmenityToBus_Should_Log_Exception_When_Exception_Occurs","DisplayName":"AddAmenityToBus_Should_Log_Exception_When_Exception_Occurs","ExecutorUri":"executor://NUnit3TestExecutor","Source":"C:\\Users\\A C E R\\Desktop\\FastX - BusTicketBooking\\FastXSolution\\FastXAppTest\\bin\\Debug\\net6.0\\fine-code-coverage\\build-output\\FastXAppTest.dll","CodeFilePath":null,"LineNumber":0,"Properties":[{"Key":{"Id":"NUnit.Seed","Label":"Seed","Category":"","Description":"","Attributes":0,"ValueType":"System.String"},"Value":"401887564"}]},"Attachments":[],"Outcome":1,"ErrorMessage":null,"ErrorStackTrace":null,"DisplayName":"AddAmenityToBus_Should_Log_Exception_When_Exception_Occurs","Messages":[],"ComputerName":"DESKTOP-7RD6P2A","Duration":"00:00:00.0029430","StartTime":"2024-03-04T19:18:51.1116535+00:00","EndTime":"2024-03-04T19:18:51.1145961+00:00","Properties":[{"Key":{"Id":"NUnit.Seed","Label":"Seed","Category":"","Description":"","Attributes":0,"ValueType":"System.String"},"Value":"401887564"}]},{"TestCase":{"Id":"64fdd79c-858b-4c8a-b423-05e6206913dd","FullyQualifiedName":"FastXAppTest.AmenityServiceTest.AddAmenityToBus_Should_Throw_AmenityAlreadyExistsException_When_Amenity_Already_Exists_On_Bus","DisplayName":"AddAmenityToBus_Should_Throw_AmenityAlreadyExistsException_When_Amenity_Already_Exists_On_Bus","ExecutorUri":"executor://NUnit3TestExecutor","Source":"C:\\Users\\A C E R\\Desktop\\FastX - BusTicketBooking\\FastXSolution\\FastXAppTest\\bin\\Debug\\net6.0\\fine-code-coverage\\build-output\\FastXAppTest.dll","CodeFilePath":null,"LineNumber":0,"Properties":[{"Key":{"Id":"NUnit.Seed","Label":"Seed","Category":"","Description":"","Attributes":0,"ValueType":"System.String"},"Value":"1289997989"}]},"Attachments":[],"Outcome":1,"ErrorMessage":null,"ErrorStackTrace":null,"DisplayName":"AddAmenityToBus_Should_Throw_AmenityAlreadyExistsException_When_Amenity_Already_Exists_On_Bus","Messages":[],"ComputerName":"DESKTOP-7RD6P2A","Duration":"00:00:00.0035350","StartTime":"2024-03-04T19:18:51.1146213+00:00","EndTime":"2024-03-04T19:18:51.1181562+00:00","Properties":[{"Key":{"Id":"NUnit.Seed","Label":"Seed","Category":"","Description":"","Attributes":0,"ValueType":"System.String"},"Value":"1289997989"}]},{"TestCase":{"Id":"852c7714-94fe-0051-bc03-2d9f58349943","FullyQualifiedName":"FastXAppTest.AmenityServiceTest.AddAmenityToBus_Should_Throw_BusNotFoundException_When_Bus_Not_Exists","DisplayName":"AddAmenityToBus_Should_Throw_BusNotFoundException_When_Bus_Not_Exists","ExecutorUri":"executor://NUnit3TestExecutor","Source":"C:\\Users\\A C E R\\Desktop\\FastX - BusTicketBooking\\FastXSolution\\FastXAppTest\\bin\\Debug\\net6.0\\fine-code-coverage\\build-output\\FastXAppTest.dll","CodeFilePath":null,"LineNumber":0,"Properties":[{"Key":{"Id":"NUnit.Seed","Label":"Seed","Category":"","Description":"","Attributes":0,"ValueType":"System.String"},"Value":"692425097"}]},"Attachments":[],"Outcome":1,"ErrorMessage":null,"ErrorStackTrace":null,"DisplayName":"AddAmenityToBus_Should_Throw_BusNotFoundException_When_Bus_Not_Exists","Messages":[],"ComputerName":"DESKTOP-7RD6P2A","Duration":"00:00:00.0019230","StartTime":"2024-03-04T19:18:51.11818+00:00","EndTime":"2024-03-04T19:18:51.120103+00:00","Properties":[{"Key":{"Id":"NUnit.Seed","Label":"Seed","Category":"","Description":"","Attributes":0,"ValueType":"System.String"},"Value":"692425097"}]}],"TestRunStatistics":{"ExecutedTests":45,"Stats":{"Failed":3,"Passed":42}},"ActiveTests":[{"Id":"983cd521-9163-d086-1db2-413fd6992081","FullyQualifiedName":"FastXAppTest.AmenityServiceTest.ChangeAmenityNameAsync_Should_Change_Amenity_Name_And_Log_Information","DisplayName":"ChangeAmenityNameAsync_Should_Change_Amenity_Name_And_Log_Information","ExecutorUri":"executor://NUnit3TestExecutor","Source":"C:\\Users\\A C E R\\Desktop\\FastX - BusTicketBooking\\FastXSolution\\FastXAppTest\\bin\\Debug\\net6.0\\fine-code-coverage\\build-output\\FastXAppTest.dll","CodeFilePath":null,"LineNumber":0,"Properties":[{"Key":{"Id":"NUnit.Seed","Label":"Seed","Category":"","Description":"","Attributes":0,"ValueType":"System.String"},"Value":"511344224"}]}]}}
TpTrace Verbose: 0 : 18756, 7, 2024/03/05, 00:48:51.124, 391479085817, vstest.console.dll, TestRunRequest:SendTestRunStatsChange: Starting.
TpTrace Verbose: 0 : 18756, 7, 2024/03/05, 00:48:51.124, 391479086762, vstest.console.dll, InProgress is ChangeAmenityNameAsync_Should_Change_Amenity_Name_And_Log_Information
TpTrace Verbose: 0 : 18756, 7, 2024/03/05, 00:48:51.124, 391479087564, vstest.console.dll, MulticastDelegateUtilities.SafeInvoke: TestRun.RunStatsChanged: Invoking callbacks was skipped because there are no subscribers.
TpTrace Information: 0 : 18756, 7, 2024/03/05, 00:48:51.124, 391479088028, vstest.console.dll, TestRunRequest:SendTestRunStatsChange: Completed.
TpTrace Verbose: 0 : 18756, 4, 2024/03/05, 00:48:51.124, 391479088150, vstest.console.dll, MulticastDelegateUtilities.SafeInvoke: InternalTestLoggerEvents.SendTestResult: Invoking callback 1/1 for Microsoft.VisualStudio.TestPlatform.CommandLine.Internal.ConsoleLogger., took 0 ms.
TpTrace Verbose: 0 : 18756, 7, 2024/03/05, 00:48:51.124, 391479088555, vstest.console.dll, MulticastDelegateUtilities.SafeInvoke: LengthPrefixCommunicationChannel: MessageReceived: Invoking callback 1/1 for Microsoft.VisualStudio.TestPlatform.CommunicationUtilities.TestRequestSender+<>c__DisplayClass34_0., took 2 ms.
TpTrace Verbose: 0 : 18756, 4, 2024/03/05, 00:48:51.124, 391479089449, vstest.console.dll, MulticastDelegateUtilities.SafeInvoke: InternalTestLoggerEvents.SendTestResult: Invoking callback 1/1 for Microsoft.VisualStudio.TestPlatform.CommandLine.Internal.ConsoleLogger., took 0 ms.
TpTrace Verbose: 0 : 18756, 4, 2024/03/05, 00:48:51.124, 391479090039, vstest.console.dll, MulticastDelegateUtilities.SafeInvoke: InternalTestLoggerEvents.SendTestResult: Invoking callback 1/1 for Microsoft.VisualStudio.TestPlatform.CommandLine.Internal.ConsoleLogger., took 0 ms.
TpTrace Verbose: 0 : 18756, 7, 2024/03/05, 00:48:51.124, 391479090027, vstest.console.dll, TcpClientExtensions.MessageLoopAsync: Polling on remoteEndPoint: 127.0.0.1:8934 localEndPoint: 127.0.0.1:8933
TpTrace Verbose: 0 : 18756, 4, 2024/03/05, 00:48:51.124, 391479090510, vstest.console.dll, MulticastDelegateUtilities.SafeInvoke: InternalTestLoggerEvents.SendTestResult: Invoking callback 1/1 for Microsoft.VisualStudio.TestPlatform.CommandLine.Internal.ConsoleLogger., took 0 ms.
TpTrace Verbose: 0 : 18756, 4, 2024/03/05, 00:48:51.124, 391479091834, vstest.console.dll, MulticastDelegateUtilities.SafeInvoke: InternalTestLoggerEvents.SendTestResult: Invoking callback 1/1 for Microsoft.VisualStudio.TestPlatform.CommandLine.Internal.ConsoleLogger., took 0 ms.
TpTrace Verbose: 0 : 18756, 4, 2024/03/05, 00:48:51.124, 391479092284, vstest.console.dll, MulticastDelegateUtilities.SafeInvoke: InternalTestLoggerEvents.SendTestResult: Invoking callback 1/1 for Microsoft.VisualStudio.TestPlatform.CommandLine.Internal.ConsoleLogger., took 0 ms.
TpTrace Verbose: 0 : 18756, 4, 2024/03/05, 00:48:51.124, 391479092793, vstest.console.dll, MulticastDelegateUtilities.SafeInvoke: InternalTestLoggerEvents.SendTestResult: Invoking callback 1/1 for Microsoft.VisualStudio.TestPlatform.CommandLine.Internal.ConsoleLogger., took 0 ms.
TpTrace Verbose: 0 : 18756, 4, 2024/03/05, 00:48:51.125, 391479093746, vstest.console.dll, MulticastDelegateUtilities.SafeInvoke: InternalTestLoggerEvents.SendTestResult: Invoking callback 1/1 for Microsoft.VisualStudio.TestPlatform.CommandLine.Internal.ConsoleLogger., took 0 ms.
TpTrace Verbose: 0 : 18756, 4, 2024/03/05, 00:48:51.125, 391479094209, vstest.console.dll, MulticastDelegateUtilities.SafeInvoke: InternalTestLoggerEvents.SendTestResult: Invoking callback 1/1 for Microsoft.VisualStudio.TestPlatform.CommandLine.Internal.ConsoleLogger., took 0 ms.
TpTrace Verbose: 0 : 18756, 7, 2024/03/05, 00:48:51.139, 391479240520, vstest.console.dll, TcpClientExtensions.MessageLoopAsync: NotifyDataAvailable remoteEndPoint: 127.0.0.1:8934 localEndPoint: 127.0.0.1:8933
TpTrace Verbose: 0 : 18756, 7, 2024/03/05, 00:48:51.139, 391479241606, vstest.console.dll, TestRequestSender.OnExecutionMessageReceived: Received message: {"Version":7,"MessageType":"TestSession.Message","Payload":{"MessageLevel":0,"Message":"DeleteAmenityFromBus_Should_Delete_Amenity_From_Bus_Successfully: Amenity"}}
TpTrace Verbose: 0 : 18756, 7, 2024/03/05, 00:48:51.139, 391479242581, vstest.console.dll, TestRunRequest:SendTestRunMessage: Starting.
TpTrace Verbose: 0 : 18756, 7, 2024/03/05, 00:48:51.139, 391479243128, vstest.console.dll, MulticastDelegateUtilities.SafeInvoke: TestRun.LogMessages: Invoking callback 1/1 for Microsoft.VisualStudio.TestPlatform.CommandLine.TestRunResultAggregator., took 0 ms.
TpTrace Information: 0 : 18756, 7, 2024/03/05, 00:48:51.139, 391479243476, vstest.console.dll, TestRunRequest:SendTestRunMessage: Completed.
TpTrace Verbose: 0 : 18756, 4, 2024/03/05, 00:48:51.139, 391479243622, vstest.console.dll, MulticastDelegateUtilities.SafeInvoke: InternalTestLoggerEvents.SendTestRunMessage: Invoking callback 1/1 for Microsoft.VisualStudio.TestPlatform.CommandLine.Internal.ConsoleLogger., took 0 ms.
TpTrace Verbose: 0 : 18756, 7, 2024/03/05, 00:48:51.140, 391479244112, vstest.console.dll, MulticastDelegateUtilities.SafeInvoke: LengthPrefixCommunicationChannel: MessageReceived: Invoking callback 1/1 for Microsoft.VisualStudio.TestPlatform.CommunicationUtilities.TestRequestSender+<>c__DisplayClass34_0., took 0 ms.
TpTrace Verbose: 0 : 18756, 7, 2024/03/05, 00:48:51.140, 391479245391, vstest.console.dll, TcpClientExtensions.MessageLoopAsync: Polling on remoteEndPoint: 127.0.0.1:8934 localEndPoint: 127.0.0.1:8933
TpTrace Verbose: 0 : 18756, 7, 2024/03/05, 00:48:51.163, 391479482438, vstest.console.dll, TcpClientExtensions.MessageLoopAsync: NotifyDataAvailable remoteEndPoint: 127.0.0.1:8934 localEndPoint: 127.0.0.1:8933
TpTrace Verbose: 0 : 18756, 7, 2024/03/05, 00:48:51.164, 391479485822, vstest.console.dll, TestRequestSender.OnExecutionMessageReceived: Received message: {"Version":7,"MessageType":"TestExecution.StatsChange","Payload":{"NewTestResults":[{"TestCase":{"Id":"983cd521-9163-d086-1db2-413fd6992081","FullyQualifiedName":"FastXAppTest.AmenityServiceTest.ChangeAmenityNameAsync_Should_Change_Amenity_Name_And_Log_Information","DisplayName":"ChangeAmenityNameAsync_Should_Change_Amenity_Name_And_Log_Information","ExecutorUri":"executor://NUnit3TestExecutor","Source":"C:\\Users\\A C E R\\Desktop\\FastX - BusTicketBooking\\FastXSolution\\FastXAppTest\\bin\\Debug\\net6.0\\fine-code-coverage\\build-output\\FastXAppTest.dll","CodeFilePath":null,"LineNumber":0,"Properties":[{"Key":{"Id":"NUnit.Seed","Label":"Seed","Category":"","Description":"","Attributes":0,"ValueType":"System.String"},"Value":"511344224"}]},"Attachments":[],"Outcome":1,"ErrorMessage":null,"ErrorStackTrace":null,"DisplayName":"ChangeAmenityNameAsync_Should_Change_Amenity_Name_And_Log_Information","Messages":[],"ComputerName":"DESKTOP-7RD6P2A","Duration":"00:00:00.0038080","StartTime":"2024-03-04T19:18:51.1201207+00:00","EndTime":"2024-03-04T19:18:51.123928+00:00","Properties":[{"Key":{"Id":"NUnit.Seed","Label":"Seed","Category":"","Description":"","Attributes":0,"ValueType":"System.String"},"Value":"511344224"}]},{"TestCase":{"Id":"8a09f302-d8ee-4760-3fd9-c8e745260fac","FullyQualifiedName":"FastXAppTest.AmenityServiceTest.CreateAmenity_Should_Call_AmenityRepository_Create_Method","DisplayName":"CreateAmenity_Should_Call_AmenityRepository_Create_Method","ExecutorUri":"executor://NUnit3TestExecutor","Source":"C:\\Users\\A C E R\\Desktop\\FastX - BusTicketBooking\\FastXSolution\\FastXAppTest\\bin\\Debug\\net6.0\\fine-code-coverage\\build-output\\FastXAppTest.dll","CodeFilePath":null,"LineNumber":0,"Properties":[{"Key":{"Id":"NUnit.Seed","Label":"Seed","Category":"","Description":"","Attributes":0,"ValueType":"System.String"},"Value":"1073988077"}]},"Attachments":[],"Outcome":1,"ErrorMessage":null,"ErrorStackTrace":null,"DisplayName":"CreateAmenity_Should_Call_AmenityRepository_Create_Method","Messages":[],"ComputerName":"DESKTOP-7RD6P2A","Duration":"00:00:00.0024660","StartTime":"2024-03-04T19:18:51.1239582+00:00","EndTime":"2024-03-04T19:18:51.1264243+00:00","Properties":[{"Key":{"Id":"NUnit.Seed","Label":"Seed","Category":"","Description":"","Attributes":0,"ValueType":"System.String"},"Value":"1073988077"}]},{"TestCase":{"Id":"17c15d69-1b37-80ae-d66d-473aa9f4cc63","FullyQualifiedName":"FastXAppTest.AmenityServiceTest.DeleteAmenity_Should_Delete_Amenity_When_Exists","DisplayName":"DeleteAmenity_Should_Delete_Amenity_When_Exists","ExecutorUri":"executor://NUnit3TestExecutor","Source":"C:\\Users\\A C E R\\Desktop\\FastX - BusTicketBooking\\FastXSolution\\FastXAppTest\\bin\\Debug\\net6.0\\fine-code-coverage\\build-output\\FastXAppTest.dll","CodeFilePath":null,"LineNumber":0,"Properties":[{"Key":{"Id":"NUnit.Seed","Label":"Seed","Category":"","Description":"","Attributes":0,"ValueType":"System.String"},"Value":"1318792683"}]},"Attachments":[],"Outcome":1,"ErrorMessage":null,"ErrorStackTrace":null,"DisplayName":"DeleteAmenity_Should_Delete_Amenity_When_Exists","Messages":[],"ComputerName":"DESKTOP-7RD6P2A","Duration":"00:00:00.0070090","StartTime":"2024-03-04T19:18:51.1264456+00:00","EndTime":"2024-03-04T19:18:51.1334538+00:00","Properties":[{"Key":{"Id":"NUnit.Seed","Label":"Seed","Category":"","Description":"","Attributes":0,"ValueType":"System.String"},"Value":"1318792683"}]},{"TestCase":{"Id":"d5dbab2a-2b29-758c-74ab-2a40fb5c6c05","FullyQualifiedName":"FastXAppTest.AmenityServiceTest.DeleteAmenity_Should_Throw_Exception_When_Amenity_Not_Exists","DisplayName":"DeleteAmenity_Should_Throw_Exception_When_Amenity_Not_Exists","ExecutorUri":"executor://NUnit3TestExecutor","Source":"C:\\Users\\A C E R\\Desktop\\FastX - BusTicketBooking\\FastXSolution\\FastXAppTest\\bin\\Debug\\net6.0\\fine-code-coverage\\build-output\\FastXAppTest.dll","CodeFilePath":null,"LineNumber":0,"Properties":[{"Key":{"Id":"NUnit.Seed","Label":"Seed","Category":"","Description":"","Attributes":0,"ValueType":"System.String"},"Value":"1916287149"}]},"Attachments":[],"Outcome":1,"ErrorMessage":null,"ErrorStackTrace":null,"DisplayName":"DeleteAmenity_Should_Throw_Exception_When_Amenity_Not_Exists","Messages":[],"ComputerName":"DESKTOP-7RD6P2A","Duration":"00:00:00.0024500","StartTime":"2024-03-04T19:18:51.1335061+00:00","EndTime":"2024-03-04T19:18:51.1359559+00:00","Properties":[{"Key":{"Id":"NUnit.Seed","Label":"Seed","Category":"","Description":"","Attributes":0,"ValueType":"System.String"},"Value":"1916287149"}]},{"TestCase":{"Id":"9140b129-35f3-0a34-7715-c91cbcc78993","FullyQualifiedName":"FastXAppTest.AmenityServiceTest.DeleteAmenityFromBus_Should_Delete_Amenity_From_Bus_Successfully","DisplayName":"DeleteAmenityFromBus_Should_Delete_Amenity_From_Bus_Successfully","ExecutorUri":"executor://NUnit3TestExecutor","Source":"C:\\Users\\A C E R\\Desktop\\FastX - BusTicketBooking\\FastXSolution\\FastXAppTest\\bin\\Debug\\net6.0\\fine-code-coverage\\build-output\\FastXAppTest.dll","CodeFilePath":null,"LineNumber":0,"Properties":[{"Key":{"Id":"NUnit.Seed","Label":"Seed","Category":"","Description":"","Attributes":0,"ValueType":"System.String"},"Value":"1709915867"}]},"Attachments":[],"Outcome":3,"ErrorMessage":"Amenity","ErrorStackTrace":null,"DisplayName":"DeleteAmenityFromBus_Should_Delete_Amenity_From_Bus_Successfully","Messages":[{"Category":"StdOutMsgs","Text":"Amenity"}],"ComputerName":"DESKTOP-7RD6P2A","Duration":"00:00:00.0004710","StartTime":"2024-03-04T19:18:51.1359793+00:00","EndTime":"2024-03-04T19:18:51.1364502+00:00","Properties":[{"Key":{"Id":"NUnit.Seed","Label":"Seed","Category":"","Description":"","Attributes":0,"ValueType":"System.String"},"Value":"1709915867"}]},{"TestCase":{"Id":"de2b6950-f5bc-4655-8437-6acfafd642e0","FullyQualifiedName":"FastXAppTest.AmenityServiceTest.DeleteAmenityFromBus_Should_Throw_AmenitiesNotFoundException_When_Amenity_Not_Exists","DisplayName":"DeleteAmenityFromBus_Should_Throw_AmenitiesNotFoundException_When_Amenity_Not_Exists","ExecutorUri":"executor://NUnit3TestExecutor","Source":"C:\\Users\\A C E R\\Desktop\\FastX - BusTicketBooking\\FastXSolution\\FastXAppTest\\bin\\Debug\\net6.0\\fine-code-coverage\\build-output\\FastXAppTest.dll","CodeFilePath":null,"LineNumber":0,"Properties":[{"Key":{"Id":"NUnit.Seed","Label":"Seed","Category":"","Description":"","Attributes":0,"ValueType":"System.String"},"Value":"62536308"}]},"Attachments":[],"Outcome":1,"ErrorMessage":null,"ErrorStackTrace":null,"DisplayName":"DeleteAmenityFromBus_Should_Throw_AmenitiesNotFoundException_When_Amenity_Not_Exists","Messages":[],"ComputerName":"DESKTOP-7RD6P2A","Duration":"00:00:00.0035230","StartTime":"2024-03-04T19:18:51.1364642+00:00","EndTime":"2024-03-04T19:18:51.1399874+00:00","Properties":[{"Key":{"Id":"NUnit.Seed","Label":"Seed","Category":"","Description":"","Attributes":0,"ValueType":"System.String"},"Value":"62536308"}]},{"TestCase":{"Id":"36f9f2e4-aad7-da9c-3b91-ea6a4318b5db","FullyQualifiedName":"FastXAppTest.AmenityServiceTest.DeleteAmenityFromBus_Should_Throw_AmenitiesNotFoundException_When_Amenity_Not_Exists_On_Bus","DisplayName":"DeleteAmenityFromBus_Should_Throw_AmenitiesNotFoundException_When_Amenity_Not_Exists_On_Bus","ExecutorUri":"executor://NUnit3TestExecutor","Source":"C:\\Users\\A C E R\\Desktop\\FastX - BusTicketBooking\\FastXSolution\\FastXAppTest\\bin\\Debug\\net6.0\\fine-code-coverage\\build-output\\FastXAppTest.dll","CodeFilePath":null,"LineNumber":0,"Properties":[{"Key":{"Id":"NUnit.Seed","Label":"Seed","Category":"","Description":"","Attributes":0,"ValueType":"System.String"},"Value":"212980551"}]},"Attachments":[],"Outcome":1,"ErrorMessage":null,"ErrorStackTrace":null,"DisplayName":"DeleteAmenityFromBus_Should_Throw_AmenitiesNotFoundException_When_Amenity_Not_Exists_On_Bus","Messages":[],"ComputerName":"DESKTOP-7RD6P2A","Duration":"00:00:00.0027460","StartTime":"2024-03-04T19:18:51.1400083+00:00","EndTime":"2024-03-04T19:18:51.1427542+00:00","Properties":[{"Key":{"Id":"NUnit.Seed","Label":"Seed","Category":"","Description":"","Attributes":0,"ValueType":"System.String"},"Value":"212980551"}]},{"TestCase":{"Id":"1f9b5e70-f4ba-9636-1c13-cc57e2568aff","FullyQualifiedName":"FastXAppTest.AmenityServiceTest.DeleteAmenityFromBus_Should_Throw_BusNotFoundException_When_Bus_Not_Exists","DisplayName":"DeleteAmenityFromBus_Should_Throw_BusNotFoundException_When_Bus_Not_Exists","ExecutorUri":"executor://NUnit3TestExecutor","Source":"C:\\Users\\A C E R\\Desktop\\FastX - BusTicketBooking\\FastXSolution\\FastXAppTest\\bin\\Debug\\net6.0\\fine-code-coverage\\build-output\\FastXAppTest.dll","CodeFilePath":null,"LineNumber":0,"Properties":[{"Key":{"Id":"NUnit.Seed","Label":"Seed","Category":"","Description":"","Attributes":0,"ValueType":"System.String"},"Value":"777824230"}]},"Attachments":[],"Outcome":1,"ErrorMessage":null,"ErrorStackTrace":null,"DisplayName":"DeleteAmenityFromBus_Should_Throw_BusNotFoundException_When_Bus_Not_Exists","Messages":[],"ComputerName":"DESKTOP-7RD6P2A","Duration":"00:00:00.0032650","StartTime":"2024-03-04T19:18:51.1427738+00:00","EndTime":"2024-03-04T19:18:51.1460386+00:00","Properties":[{"Key":{"Id":"NUnit.Seed","Label":"Seed","Category":"","Description":"","Attributes":0,"ValueType":"System.String"},"Value":"777824230"}]},{"TestCase":{"Id":"2e0c3f40-0927-7558-3d76-407d1634d4fc","FullyQualifiedName":"FastXAppTest.AmenityServiceTest.GetAmenity_Should_Return_Amenity_When_Exists","DisplayName":"GetAmenity_Should_Return_Amenity_When_Exists","ExecutorUri":"executor://NUnit3TestExecutor","Source":"C:\\Users\\A C E R\\Desktop\\FastX - BusTicketBooking\\FastXSolution\\FastXAppTest\\bin\\Debug\\net6.0\\fine-code-coverage\\build-output\\FastXAppTest.dll","CodeFilePath":null,"LineNumber":0,"Properties":[{"Key":{"Id":"NUnit.Seed","Label":"Seed","Category":"","Description":"","Attributes":0,"ValueType":"System.String"},"Value":"2011223609"}]},"Attachments":[],"Outcome":1,"ErrorMessage":null,"ErrorStackTrace":null,"DisplayName":"GetAmenity_Should_Return_Amenity_When_Exists","Messages":[],"ComputerName":"DESKTOP-7RD6P2A","Duration":"00:00:00.0019790","StartTime":"2024-03-04T19:18:51.1460666+00:00","EndTime":"2024-03-04T19:18:51.1480455+00:00","Properties":[{"Key":{"Id":"NUnit.Seed","Label":"Seed","Category":"","Description":"","Attributes":0,"ValueType":"System.String"},"Value":"2011223609"}]}],"TestRunStatistics":{"ExecutedTests":54,"Stats":{"Failed":3,"Passed":50,"Skipped":1}},"ActiveTests":[{"Id":"743778f3-55c4-3e5d-3b4a-80a88ee9069f","FullyQualifiedName":"FastXAppTest.AmenityServiceTest.GetAmenity_Should_Throw_Exception_When_Amenity_Not_Exists","DisplayName":"GetAmenity_Should_Throw_Exception_When_Amenity_Not_Exists","ExecutorUri":"executor://NUnit3TestExecutor","Source":"C:\\Users\\A C E R\\Desktop\\FastX - BusTicketBooking\\FastXSolution\\FastXAppTest\\bin\\Debug\\net6.0\\fine-code-coverage\\build-output\\FastXAppTest.dll","CodeFilePath":null,"LineNumber":0,"Properties":[{"Key":{"Id":"NUnit.Seed","Label":"Seed","Category":"","Description":"","Attributes":0,"ValueType":"System.String"},"Value":"1582705037"}]}]}}
TpTrace Verbose: 0 : 18756, 7, 2024/03/05, 00:48:51.166, 391479508810, vstest.console.dll, TestRunRequest:SendTestRunStatsChange: Starting.
TpTrace Verbose: 0 : 18756, 7, 2024/03/05, 00:48:51.166, 391479509853, vstest.console.dll, InProgress is GetAmenity_Should_Throw_Exception_When_Amenity_Not_Exists
TpTrace Verbose: 0 : 18756, 4, 2024/03/05, 00:48:51.166, 391479511171, vstest.console.dll, MulticastDelegateUtilities.SafeInvoke: InternalTestLoggerEvents.SendTestResult: Invoking callback 1/1 for Microsoft.VisualStudio.TestPlatform.CommandLine.Internal.ConsoleLogger., took 0 ms.
TpTrace Verbose: 0 : 18756, 4, 2024/03/05, 00:48:51.166, 391479511842, vstest.console.dll, MulticastDelegateUtilities.SafeInvoke: InternalTestLoggerEvents.SendTestResult: Invoking callback 1/1 for Microsoft.VisualStudio.TestPlatform.CommandLine.Internal.ConsoleLogger., took 0 ms.
TpTrace Verbose: 0 : 18756, 7, 2024/03/05, 00:48:51.166, 391479511830, vstest.console.dll, MulticastDelegateUtilities.SafeInvoke: TestRun.RunStatsChanged: Invoking callbacks was skipped because there are no subscribers.
TpTrace Verbose: 0 : 18756, 4, 2024/03/05, 00:48:51.166, 391479512339, vstest.console.dll, MulticastDelegateUtilities.SafeInvoke: InternalTestLoggerEvents.SendTestResult: Invoking callback 1/1 for Microsoft.VisualStudio.TestPlatform.CommandLine.Internal.ConsoleLogger., took 0 ms.
TpTrace Information: 0 : 18756, 7, 2024/03/05, 00:48:51.166, 391479512817, vstest.console.dll, TestRunRequest:SendTestRunStatsChange: Completed.
TpTrace Verbose: 0 : 18756, 4, 2024/03/05, 00:48:51.166, 391479513522, vstest.console.dll, MulticastDelegateUtilities.SafeInvoke: InternalTestLoggerEvents.SendTestResult: Invoking callback 1/1 for Microsoft.VisualStudio.TestPlatform.CommandLine.Internal.ConsoleLogger., took 0 ms.
TpTrace Verbose: 0 : 18756, 7, 2024/03/05, 00:48:51.167, 391479513895, vstest.console.dll, MulticastDelegateUtilities.SafeInvoke: LengthPrefixCommunicationChannel: MessageReceived: Invoking callback 1/1 for Microsoft.VisualStudio.TestPlatform.CommunicationUtilities.TestRequestSender+<>c__DisplayClass34_0., took 2 ms.
TpTrace Verbose: 0 : 18756, 7, 2024/03/05, 00:48:51.167, 391479514712, vstest.console.dll, TcpClientExtensions.MessageLoopAsync: Polling on remoteEndPoint: 127.0.0.1:8934 localEndPoint: 127.0.0.1:8933
TpTrace Verbose: 0 : 18756, 4, 2024/03/05, 00:48:51.167, 391479515178, vstest.console.dll, MulticastDelegateUtilities.SafeInvoke: InternalTestLoggerEvents.SendTestResult: Invoking callback 1/1 for Microsoft.VisualStudio.TestPlatform.CommandLine.Internal.ConsoleLogger., took 0 ms.
TpTrace Verbose: 0 : 18756, 4, 2024/03/05, 00:48:51.167, 391479517309, vstest.console.dll, MulticastDelegateUtilities.SafeInvoke: InternalTestLoggerEvents.SendTestResult: Invoking callback 1/1 for Microsoft.VisualStudio.TestPlatform.CommandLine.Internal.ConsoleLogger., took 0 ms.
TpTrace Verbose: 0 : 18756, 4, 2024/03/05, 00:48:51.167, 391479518055, vstest.console.dll, MulticastDelegateUtilities.SafeInvoke: InternalTestLoggerEvents.SendTestResult: Invoking callback 1/1 for Microsoft.VisualStudio.TestPlatform.CommandLine.Internal.ConsoleLogger., took 0 ms.
TpTrace Verbose: 0 : 18756, 4, 2024/03/05, 00:48:51.167, 391479518835, vstest.console.dll, MulticastDelegateUtilities.SafeInvoke: InternalTestLoggerEvents.SendTestResult: Invoking callback 1/1 for Microsoft.VisualStudio.TestPlatform.CommandLine.Internal.ConsoleLogger., took 0 ms.
TpTrace Verbose: 0 : 18756, 4, 2024/03/05, 00:48:51.167, 391479519298, vstest.console.dll, MulticastDelegateUtilities.SafeInvoke: InternalTestLoggerEvents.SendTestResult: Invoking callback 1/1 for Microsoft.VisualStudio.TestPlatform.CommandLine.Internal.ConsoleLogger., took 0 ms.
TpTrace Verbose: 0 : 18756, 7, 2024/03/05, 00:48:51.193, 391479779335, vstest.console.dll, TcpClientExtensions.MessageLoopAsync: NotifyDataAvailable remoteEndPoint: 127.0.0.1:8934 localEndPoint: 127.0.0.1:8933
TpTrace Verbose: 0 : 18756, 7, 2024/03/05, 00:48:51.193, 391479782218, vstest.console.dll, TestRequestSender.OnExecutionMessageReceived: Received message: {"Version":7,"MessageType":"TestExecution.StatsChange","Payload":{"NewTestResults":[{"TestCase":{"Id":"743778f3-55c4-3e5d-3b4a-80a88ee9069f","FullyQualifiedName":"FastXAppTest.AmenityServiceTest.GetAmenity_Should_Throw_Exception_When_Amenity_Not_Exists","DisplayName":"GetAmenity_Should_Throw_Exception_When_Amenity_Not_Exists","ExecutorUri":"executor://NUnit3TestExecutor","Source":"C:\\Users\\A C E R\\Desktop\\FastX - BusTicketBooking\\FastXSolution\\FastXAppTest\\bin\\Debug\\net6.0\\fine-code-coverage\\build-output\\FastXAppTest.dll","CodeFilePath":null,"LineNumber":0,"Properties":[{"Key":{"Id":"NUnit.Seed","Label":"Seed","Category":"","Description":"","Attributes":0,"ValueType":"System.String"},"Value":"1582705037"}]},"Attachments":[],"Outcome":1,"ErrorMessage":null,"ErrorStackTrace":null,"DisplayName":"GetAmenity_Should_Throw_Exception_When_Amenity_Not_Exists","Messages":[],"ComputerName":"DESKTOP-7RD6P2A","Duration":"00:00:00.0024660","StartTime":"2024-03-04T19:18:51.1480725+00:00","EndTime":"2024-03-04T19:18:51.1505381+00:00","Properties":[{"Key":{"Id":"NUnit.Seed","Label":"Seed","Category":"","Description":"","Attributes":0,"ValueType":"System.String"},"Value":"1582705037"}]},{"TestCase":{"Id":"523d3269-18c2-5ed0-9a4c-ad664384b758","FullyQualifiedName":"FastXAppTest.AmenityServiceTest.GetAmenityList_Should_Return_Amenity_List_When_Exists","DisplayName":"GetAmenityList_Should_Return_Amenity_List_When_Exists","ExecutorUri":"executor://NUnit3TestExecutor","Source":"C:\\Users\\A C E R\\Desktop\\FastX - BusTicketBooking\\FastXSolution\\FastXAppTest\\bin\\Debug\\net6.0\\fine-code-coverage\\build-output\\FastXAppTest.dll","CodeFilePath":null,"LineNumber":0,"Properties":[{"Key":{"Id":"NUnit.Seed","Label":"Seed","Category":"","Description":"","Attributes":0,"ValueType":"System.String"},"Value":"278193886"}]},"Attachments":[],"Outcome":1,"ErrorMessage":null,"ErrorStackTrace":null,"DisplayName":"GetAmenityList_Should_Return_Amenity_List_When_Exists","Messages":[],"ComputerName":"DESKTOP-7RD6P2A","Duration":"00:00:00.0088170","StartTime":"2024-03-04T19:18:51.1505648+00:00","EndTime":"2024-03-04T19:18:51.1593818+00:00","Properties":[{"Key":{"Id":"NUnit.Seed","Label":"Seed","Category":"","Description":"","Attributes":0,"ValueType":"System.String"},"Value":"278193886"}]},{"TestCase":{"Id":"caa2baa3-c09a-7a96-80e2-fa13adcc7cc1","FullyQualifiedName":"FastXAppTest.AmenityServiceTest.GetAmenityList_Should_Throw_Exception_When_Amenities_Not_Exist","DisplayName":"GetAmenityList_Should_Throw_Exception_When_Amenities_Not_Exist","ExecutorUri":"executor://NUnit3TestExecutor","Source":"C:\\Users\\A C E R\\Desktop\\FastX - BusTicketBooking\\FastXSolution\\FastXAppTest\\bin\\Debug\\net6.0\\fine-code-coverage\\build-output\\FastXAppTest.dll","CodeFilePath":null,"LineNumber":0,"Properties":[{"Key":{"Id":"NUnit.Seed","Label":"Seed","Category":"","Description":"","Attributes":0,"ValueType":"System.String"},"Value":"1686930154"}]},"Attachments":[],"Outcome":1,"ErrorMessage":null,"ErrorStackTrace":null,"DisplayName":"GetAmenityList_Should_Throw_Exception_When_Amenities_Not_Exist","Messages":[],"ComputerName":"DESKTOP-7RD6P2A","Duration":"00:00:00.0020850","StartTime":"2024-03-04T19:18:51.1594135+00:00","EndTime":"2024-03-04T19:18:51.1614986+00:00","Properties":[{"Key":{"Id":"NUnit.Seed","Label":"Seed","Category":"","Description":"","Attributes":0,"ValueType":"System.String"},"Value":"1686930154"}]},{"TestCase":{"Id":"bc6bee69-0c84-666c-fbed-a8f5a428bc78","FullyQualifiedName":"FastXAppTest.BookingServiceTest.CancelBooking_Should_Throw_BookingNotFoundException_When_Booking_Not_Found","DisplayName":"CancelBooking_Should_Throw_BookingNotFoundException_When_Booking_Not_Found","ExecutorUri":"executor://NUnit3TestExecutor","Source":"C:\\Users\\A C E R\\Desktop\\FastX - BusTicketBooking\\FastXSolution\\FastXAppTest\\bin\\Debug\\net6.0\\fine-code-coverage\\build-output\\FastXAppTest.dll","CodeFilePath":null,"LineNumber":0,"Properties":[{"Key":{"Id":"NUnit.Seed","Label":"Seed","Category":"","Description":"","Attributes":0,"ValueType":"System.String"},"Value":"8048649"}]},"Attachments":[],"Outcome":1,"ErrorMessage":null,"ErrorStackTrace":null,"DisplayName":"CancelBooking_Should_Throw_BookingNotFoundException_When_Booking_Not_Found","Messages":[],"ComputerName":"DESKTOP-7RD6P2A","Duration":"00:00:00.0109390","StartTime":"2024-03-04T19:18:51.161649+00:00","EndTime":"2024-03-04T19:18:51.1725874+00:00","Properties":[{"Key":{"Id":"NUnit.Seed","Label":"Seed","Category":"","Description":"","Attributes":0,"ValueType":"System.String"},"Value":"8048649"}]},{"TestCase":{"Id":"13f47426-9167-6965-4cfe-e46dff6e43f5","FullyQualifiedName":"FastXAppTest.BookingServiceTest.ChangeNoOfSeatsAsync_Should_Update_Number_Of_Seats","DisplayName":"ChangeNoOfSeatsAsync_Should_Update_Number_Of_Seats","ExecutorUri":"executor://NUnit3TestExecutor","Source":"C:\\Users\\A C E R\\Desktop\\FastX - BusTicketBooking\\FastXSolution\\FastXAppTest\\bin\\Debug\\net6.0\\fine-code-coverage\\build-output\\FastXAppTest.dll","CodeFilePath":null,"LineNumber":0,"Properties":[{"Key":{"Id":"NUnit.Seed","Label":"Seed","Category":"","Description":"","Attributes":0,"ValueType":"System.String"},"Value":"498813112"}]},"Attachments":[],"Outcome":1,"ErrorMessage":null,"ErrorStackTrace":null,"DisplayName":"ChangeNoOfSeatsAsync_Should_Update_Number_Of_Seats","Messages":[],"ComputerName":"DESKTOP-7RD6P2A","Duration":"00:00:00.0036310","StartTime":"2024-03-04T19:18:51.1726122+00:00","EndTime":"2024-03-04T19:18:51.1762435+00:00","Properties":[{"Key":{"Id":"NUnit.Seed","Label":"Seed","Category":"","Description":"","Attributes":0,"ValueType":"System.String"},"Value":"498813112"}]},{"TestCase":{"Id":"bc0de850-6a09-773f-bb43-b0406a9054fc","FullyQualifiedName":"FastXAppTest.BookingServiceTest.GetBookingList_Should_Return_List_Of_Bookings","DisplayName":"GetBookingList_Should_Return_List_Of_Bookings","ExecutorUri":"executor://NUnit3TestExecutor","Source":"C:\\Users\\A C E R\\Desktop\\FastX - BusTicketBooking\\FastXSolution\\FastXAppTest\\bin\\Debug\\net6.0\\fine-code-coverage\\build-output\\FastXAppTest.dll","CodeFilePath":null,"LineNumber":0,"Properties":[{"Key":{"Id":"NUnit.Seed","Label":"Seed","Category":"","Description":"","Attributes":0,"ValueType":"System.String"},"Value":"2143600468"}]},"Attachments":[],"Outcome":1,"ErrorMessage":null,"ErrorStackTrace":null,"DisplayName":"GetBookingList_Should_Return_List_Of_Bookings","Messages":[],"ComputerName":"DESKTOP-7RD6P2A","Duration":"00:00:00.0040590","StartTime":"2024-03-04T19:18:51.1762748+00:00","EndTime":"2024-03-04T19:18:51.1803333+00:00","Properties":[{"Key":{"Id":"NUnit.Seed","Label":"Seed","Category":"","Description":"","Attributes":0,"ValueType":"System.String"},"Value":"2143600468"}]},{"TestCase":{"Id":"827503b4-0037-7c0a-0010-b7c96bc513d0","FullyQualifiedName":"FastXAppTest.BookingServiceTest.GetCancelledBookings_Should_Throw_NoSuchUserException_When_User_Not_Found","DisplayName":"GetCancelledBookings_Should_Throw_NoSuchUserException_When_User_Not_Found","ExecutorUri":"executor://NUnit3TestExecutor","Source":"C:\\Users\\A C E R\\Desktop\\FastX - BusTicketBooking\\FastXSolution\\FastXAppTest\\bin\\Debug\\net6.0\\fine-code-coverage\\build-output\\FastXAppTest.dll","CodeFilePath":null,"LineNumber":0,"Properties":[{"Key":{"Id":"NUnit.Seed","Label":"Seed","Category":"","Description":"","Attributes":0,"ValueType":"System.String"},"Value":"1021211009"}]},"Attachments":[],"Outcome":1,"ErrorMessage":null,"ErrorStackTrace":null,"DisplayName":"GetCancelledBookings_Should_Throw_NoSuchUserException_When_User_Not_Found","Messages":[],"ComputerName":"DESKTOP-7RD6P2A","Duration":"00:00:00.0046280","StartTime":"2024-03-04T19:18:51.180374+00:00","EndTime":"2024-03-04T19:18:51.1850015+00:00","Properties":[{"Key":{"Id":"NUnit.Seed","Label":"Seed","Category":"","Description":"","Attributes":0,"ValueType":"System.String"},"Value":"1021211009"}]},{"TestCase":{"Id":"fa9c02c0-f49c-e606-1fe4-8b8a03e8f489","FullyQualifiedName":"FastXAppTest.BookingServiceTest.GetPastBookings_Should_Throw_NullReferenceException_When_No_Completed_Bookings","DisplayName":"GetPastBookings_Should_Throw_NullReferenceException_When_No_Completed_Bookings","ExecutorUri":"executor://NUnit3TestExecutor","Source":"C:\\Users\\A C E R\\Desktop\\FastX - BusTicketBooking\\FastXSolution\\FastXAppTest\\bin\\Debug\\net6.0\\fine-code-coverage\\build-output\\FastXAppTest.dll","CodeFilePath":null,"LineNumber":0,"Properties":[{"Key":{"Id":"NUnit.Seed","Label":"Seed","Category":"","Description":"","Attributes":0,"ValueType":"System.String"},"Value":"1418721025"}]},"Attachments":[],"Outcome":1,"ErrorMessage":null,"ErrorStackTrace":null,"DisplayName":"GetPastBookings_Should_Throw_NullReferenceException_When_No_Completed_Bookings","Messages":[],"ComputerName":"DESKTOP-7RD6P2A","Duration":"00:00:00.0038540","StartTime":"2024-03-04T19:18:51.1850266+00:00","EndTime":"2024-03-04T19:18:51.18888+00:00","Properties":[{"Key":{"Id":"NUnit.Seed","Label":"Seed","Category":"","Description":"","Attributes":0,"ValueType":"System.String"},"Value":"1418721025"}]},{"TestCase":{"Id":"3ea6cde2-0423-9153-179d-b0040223761e","FullyQualifiedName":"FastXAppTest.BookingServiceTest.GetUpcomingBookings_Should_Throw_NullReferenceException_When_No_Completed_Bookings","DisplayName":"GetUpcomingBookings_Should_Throw_NullReferenceException_When_No_Completed_Bookings","ExecutorUri":"executor://NUnit3TestExecutor","Source":"C:\\Users\\A C E R\\Desktop\\FastX - BusTicketBooking\\FastXSolution\\FastXAppTest\\bin\\Debug\\net6.0\\fine-code-coverage\\build-output\\FastXAppTest.dll","CodeFilePath":null,"LineNumber":0,"Properties":[{"Key":{"Id":"NUnit.Seed","Label":"Seed","Category":"","Description":"","Attributes":0,"ValueType":"System.String"},"Value":"1277431640"}]},"Attachments":[],"Outcome":1,"ErrorMessage":null,"ErrorStackTrace":null,"DisplayName":"GetUpcomingBookings_Should_Throw_NullReferenceException_When_No_Completed_Bookings","Messages":[],"ComputerName":"DESKTOP-7RD6P2A","Duration":"00:00:00.0026570","StartTime":"2024-03-04T19:18:51.1889044+00:00","EndTime":"2024-03-04T19:18:51.1915616+00:00","Properties":[{"Key":{"Id":"NUnit.Seed","Label":"Seed","Category":"","Description":"","Attributes":0,"ValueType":"System.String"},"Value":"1277431640"}]}],"TestRunStatistics":{"ExecutedTests":63,"Stats":{"Failed":3,"Passed":59,"Skipped":1}},"ActiveTests":[{"Id":"5bf3d0dd-5cbb-a483-7e21-aaa53b952a71","FullyQualifiedName":"FastXAppTest.BookingServiceTest.MakeBooking_Should_Throw_Exception_When_No_Seats_Available","DisplayName":"MakeBooking_Should_Throw_Exception_When_No_Seats_Available","ExecutorUri":"executor://NUnit3TestExecutor","Source":"C:\\Users\\A C E R\\Desktop\\FastX - BusTicketBooking\\FastXSolution\\FastXAppTest\\bin\\Debug\\net6.0\\fine-code-coverage\\build-output\\FastXAppTest.dll","CodeFilePath":null,"LineNumber":0,"Properties":[{"Key":{"Id":"NUnit.Seed","Label":"Seed","Category":"","Description":"","Attributes":0,"ValueType":"System.String"},"Value":"2077175843"}]}]}}
TpTrace Verbose: 0 : 18756, 7, 2024/03/05, 00:48:51.194, 391479793283, vstest.console.dll, TestRunRequest:SendTestRunStatsChange: Starting.
TpTrace Verbose: 0 : 18756, 7, 2024/03/05, 00:48:51.195, 391479793921, vstest.console.dll, InProgress is MakeBooking_Should_Throw_Exception_When_No_Seats_Available
TpTrace Verbose: 0 : 18756, 7, 2024/03/05, 00:48:51.195, 391479794432, vstest.console.dll, MulticastDelegateUtilities.SafeInvoke: TestRun.RunStatsChanged: Invoking callbacks was skipped because there are no subscribers.
TpTrace Information: 0 : 18756, 7, 2024/03/05, 00:48:51.195, 391479794700, vstest.console.dll, TestRunRequest:SendTestRunStatsChange: Completed.
TpTrace Verbose: 0 : 18756, 7, 2024/03/05, 00:48:51.195, 391479794982, vstest.console.dll, MulticastDelegateUtilities.SafeInvoke: LengthPrefixCommunicationChannel: MessageReceived: Invoking callback 1/1 for Microsoft.VisualStudio.TestPlatform.CommunicationUtilities.TestRequestSender+<>c__DisplayClass34_0., took 1 ms.
TpTrace Verbose: 0 : 18756, 7, 2024/03/05, 00:48:51.195, 391479795287, vstest.console.dll, TcpClientExtensions.MessageLoopAsync: Polling on remoteEndPoint: 127.0.0.1:8934 localEndPoint: 127.0.0.1:8933
TpTrace Verbose: 0 : 18756, 4, 2024/03/05, 00:48:51.195, 391479795631, vstest.console.dll, MulticastDelegateUtilities.SafeInvoke: InternalTestLoggerEvents.SendTestResult: Invoking callback 1/1 for Microsoft.VisualStudio.TestPlatform.CommandLine.Internal.ConsoleLogger., took 0 ms.
TpTrace Verbose: 0 : 18756, 4, 2024/03/05, 00:48:51.195, 391479796563, vstest.console.dll, MulticastDelegateUtilities.SafeInvoke: InternalTestLoggerEvents.SendTestResult: Invoking callback 1/1 for Microsoft.VisualStudio.TestPlatform.CommandLine.Internal.ConsoleLogger., took 0 ms.
TpTrace Verbose: 0 : 18756, 4, 2024/03/05, 00:48:51.195, 391479797356, vstest.console.dll, MulticastDelegateUtilities.SafeInvoke: InternalTestLoggerEvents.SendTestResult: Invoking callback 1/1 for Microsoft.VisualStudio.TestPlatform.CommandLine.Internal.ConsoleLogger., took 0 ms.
TpTrace Verbose: 0 : 18756, 4, 2024/03/05, 00:48:51.195, 391479797825, vstest.console.dll, MulticastDelegateUtilities.SafeInvoke: InternalTestLoggerEvents.SendTestResult: Invoking callback 1/1 for Microsoft.VisualStudio.TestPlatform.CommandLine.Internal.ConsoleLogger., took 0 ms.
TpTrace Verbose: 0 : 18756, 4, 2024/03/05, 00:48:51.195, 391479798197, vstest.console.dll, MulticastDelegateUtilities.SafeInvoke: InternalTestLoggerEvents.SendTestResult: Invoking callback 1/1 for Microsoft.VisualStudio.TestPlatform.CommandLine.Internal.ConsoleLogger., took 0 ms.
TpTrace Verbose: 0 : 18756, 4, 2024/03/05, 00:48:51.195, 391479798551, vstest.console.dll, MulticastDelegateUtilities.SafeInvoke: InternalTestLoggerEvents.SendTestResult: Invoking callback 1/1 for Microsoft.VisualStudio.TestPlatform.CommandLine.Internal.ConsoleLogger., took 0 ms.
TpTrace Verbose: 0 : 18756, 4, 2024/03/05, 00:48:51.195, 391479798912, vstest.console.dll, MulticastDelegateUtilities.SafeInvoke: InternalTestLoggerEvents.SendTestResult: Invoking callback 1/1 for Microsoft.VisualStudio.TestPlatform.CommandLine.Internal.ConsoleLogger., took 0 ms.
TpTrace Verbose: 0 : 18756, 4, 2024/03/05, 00:48:51.195, 391479799417, vstest.console.dll, MulticastDelegateUtilities.SafeInvoke: InternalTestLoggerEvents.SendTestResult: Invoking callback 1/1 for Microsoft.VisualStudio.TestPlatform.CommandLine.Internal.ConsoleLogger., took 0 ms.
TpTrace Verbose: 0 : 18756, 4, 2024/03/05, 00:48:51.195, 391479800595, vstest.console.dll, MulticastDelegateUtilities.SafeInvoke: InternalTestLoggerEvents.SendTestResult: Invoking callback 1/1 for Microsoft.VisualStudio.TestPlatform.CommandLine.Internal.ConsoleLogger., took 0 ms.
TpTrace Verbose: 0 : 18756, 7, 2024/03/05, 00:48:51.356, 391481409408, vstest.console.dll, TcpClientExtensions.MessageLoopAsync: NotifyDataAvailable remoteEndPoint: 127.0.0.1:8934 localEndPoint: 127.0.0.1:8933
TpTrace Verbose: 0 : 18756, 7, 2024/03/05, 00:48:51.356, 391481410917, vstest.console.dll, TestRequestSender.OnExecutionMessageReceived: Received message: {"Version":7,"MessageType":"TestSession.Message","Payload":{"MessageLevel":0,"Message":"NUnit Adapter 4.4.0.0: Test execution complete"}}
TpTrace Verbose: 0 : 18756, 7, 2024/03/05, 00:48:51.356, 391481412071, vstest.console.dll, TestRunRequest:SendTestRunMessage: Starting.
TpTrace Verbose: 0 : 18756, 7, 2024/03/05, 00:48:51.356, 391481412861, vstest.console.dll, MulticastDelegateUtilities.SafeInvoke: TestRun.LogMessages: Invoking callback 1/1 for Microsoft.VisualStudio.TestPlatform.CommandLine.TestRunResultAggregator., took 0 ms.
TpTrace Information: 0 : 18756, 7, 2024/03/05, 00:48:51.356, 391481413185, vstest.console.dll, TestRunRequest:SendTestRunMessage: Completed.
TpTrace Verbose: 0 : 18756, 4, 2024/03/05, 00:48:51.356, 391481413309, vstest.console.dll, MulticastDelegateUtilities.SafeInvoke: InternalTestLoggerEvents.SendTestRunMessage: Invoking callback 1/1 for Microsoft.VisualStudio.TestPlatform.CommandLine.Internal.ConsoleLogger., took 0 ms.
TpTrace Verbose: 0 : 18756, 7, 2024/03/05, 00:48:51.356, 391481413462, vstest.console.dll, MulticastDelegateUtilities.SafeInvoke: LengthPrefixCommunicationChannel: MessageReceived: Invoking callback 1/1 for Microsoft.VisualStudio.TestPlatform.CommunicationUtilities.TestRequestSender+<>c__DisplayClass34_0., took 0 ms.
TpTrace Verbose: 0 : 18756, 7, 2024/03/05, 00:48:51.357, 391481414815, vstest.console.dll, TcpClientExtensions.MessageLoopAsync: Polling on remoteEndPoint: 127.0.0.1:8934 localEndPoint: 127.0.0.1:8933
TpTrace Verbose: 0 : 18756, 7, 2024/03/05, 00:48:51.381, 391481662836, vstest.console.dll, TcpClientExtensions.MessageLoopAsync: NotifyDataAvailable remoteEndPoint: 127.0.0.1:8934 localEndPoint: 127.0.0.1:8933
TpTrace Verbose: 0 : 18756, 7, 2024/03/05, 00:48:51.382, 391481666677, vstest.console.dll, TestRequestSender.OnExecutionMessageReceived: Received message: {"Version":7,"MessageType":"TestExecution.Completed","Payload":{"TestRunCompleteArgs":{"TestRunStatistics":{"ExecutedTests":70,"Stats":{"Failed":3,"Passed":66,"Skipped":1}},"IsCanceled":false,"IsAborted":false,"Error":null,"AttachmentSets":[],"InvokedDataCollectors":[],"ElapsedTimeInRunningTests":"00:00:01.2667628","Metrics":{},"DiscoveredExtensions":{"TestDiscoverers":["NUnit.VisualStudio.TestAdapter.NUnit3TestDiscoverer, NUnit3.TestAdapter, Version=4.4.0.0, Culture=neutral, PublicKeyToken=4cb40d35494691ac"],"TestExecutors":["executor://NUnit3TestExecutor"],"TestExecutors2":[],"TestSettingsProviders":[]}},"LastRunTests":{"NewTestResults":[{"TestCase":{"Id":"5bf3d0dd-5cbb-a483-7e21-aaa53b952a71","FullyQualifiedName":"FastXAppTest.BookingServiceTest.MakeBooking_Should_Throw_Exception_When_No_Seats_Available","DisplayName":"MakeBooking_Should_Throw_Exception_When_No_Seats_Available","ExecutorUri":"executor://NUnit3TestExecutor","Source":"C:\\Users\\A C E R\\Desktop\\FastX - BusTicketBooking\\FastXSolution\\FastXAppTest\\bin\\Debug\\net6.0\\fine-code-coverage\\build-output\\FastXAppTest.dll","CodeFilePath":null,"LineNumber":0,"Properties":[{"Key":{"Id":"NUnit.Seed","Label":"Seed","Category":"","Description":"","Attributes":0,"ValueType":"System.String"},"Value":"2077175843"}]},"Attachments":[],"Outcome":1,"ErrorMessage":null,"ErrorStackTrace":null,"DisplayName":"MakeBooking_Should_Throw_Exception_When_No_Seats_Available","Messages":[],"ComputerName":"DESKTOP-7RD6P2A","Duration":"00:00:00.0075540","StartTime":"2024-03-04T19:18:51.1915877+00:00","EndTime":"2024-03-04T19:18:51.1991409+00:00","Properties":[{"Key":{"Id":"NUnit.Seed","Label":"Seed","Category":"","Description":"","Attributes":0,"ValueType":"System.String"},"Value":"2077175843"}]},{"TestCase":{"Id":"3ff548cc-e48f-54e7-91e8-01a3a8dd66e3","FullyQualifiedName":"FastXAppTest.BookingServiceTest.UpdateOngoingBookingsAndResetSeats_Should_Throw_NullReferenceException_When_No_Ongoing_Bookings","DisplayName":"UpdateOngoingBookingsAndResetSeats_Should_Throw_NullReferenceException_When_No_Ongoing_Bookings","ExecutorUri":"executor://NUnit3TestExecutor","Source":"C:\\Users\\A C E R\\Desktop\\FastX - BusTicketBooking\\FastXSolution\\FastXAppTest\\bin\\Debug\\net6.0\\fine-code-coverage\\build-output\\FastXAppTest.dll","CodeFilePath":null,"LineNumber":0,"Properties":[{"Key":{"Id":"NUnit.Seed","Label":"Seed","Category":"","Description":"","Attributes":0,"ValueType":"System.String"},"Value":"677186561"}]},"Attachments":[],"Outcome":1,"ErrorMessage":null,"ErrorStackTrace":null,"DisplayName":"UpdateOngoingBookingsAndResetSeats_Should_Throw_NullReferenceException_When_No_Ongoing_Bookings","Messages":[],"ComputerName":"DESKTOP-7RD6P2A","Duration":"00:00:00.0013290","StartTime":"2024-03-04T19:18:51.1991775+00:00","EndTime":"2024-03-04T19:18:51.2005069+00:00","Properties":[{"Key":{"Id":"NUnit.Seed","Label":"Seed","Category":"","Description":"","Attributes":0,"ValueType":"System.String"},"Value":"677186561"}]},{"TestCase":{"Id":"0f0e2de5-c86b-af86-d561-1135f47aa4e7","FullyQualifiedName":"FastXAppTest.PaymentServiceTest.AddPayment_Should_Add_Payment_Successfully","DisplayName":"AddPayment_Should_Add_Payment_Successfully","ExecutorUri":"executor://NUnit3TestExecutor","Source":"C:\\Users\\A C E R\\Desktop\\FastX - BusTicketBooking\\FastXSolution\\FastXAppTest\\bin\\Debug\\net6.0\\fine-code-coverage\\build-output\\FastXAppTest.dll","CodeFilePath":null,"LineNumber":0,"Properties":[{"Key":{"Id":"NUnit.Seed","Label":"Seed","Category":"","Description":"","Attributes":0,"ValueType":"System.String"},"Value":"1825278355"}]},"Attachments":[],"Outcome":1,"ErrorMessage":null,"ErrorStackTrace":null,"DisplayName":"AddPayment_Should_Add_Payment_Successfully","Messages":[],"ComputerName":"DESKTOP-7RD6P2A","Duration":"00:00:00.0083030","StartTime":"2024-03-04T19:18:51.2006744+00:00","EndTime":"2024-03-04T19:18:51.2089767+00:00","Properties":[{"Key":{"Id":"NUnit.Seed","Label":"Seed","Category":"","Description":"","Attributes":0,"ValueType":"System.String"},"Value":"1825278355"}]},{"TestCase":{"Id":"a3ccc7dc-4444-7a5c-860c-913a10773c0e","FullyQualifiedName":"FastXAppTest.PaymentServiceTest.FindRefundPrice_Should_Return_Refund_Price_For_Booking","DisplayName":"FindRefundPrice_Should_Return_Refund_Price_For_Booking","ExecutorUri":"executor://NUnit3TestExecutor","Source":"C:\\Users\\A C E R\\Desktop\\FastX - BusTicketBooking\\FastXSolution\\FastXAppTest\\bin\\Debug\\net6.0\\fine-code-coverage\\build-output\\FastXAppTest.dll","CodeFilePath":null,"LineNumber":0,"Properties":[{"Key":{"Id":"NUnit.Seed","Label":"Seed","Category":"","Description":"","Attributes":0,"ValueType":"System.String"},"Value":"1396259672"}]},"Attachments":[],"Outcome":1,"ErrorMessage":null,"ErrorStackTrace":null,"DisplayName":"FindRefundPrice_Should_Return_Refund_Price_For_Booking","Messages":[],"ComputerName":"DESKTOP-7RD6P2A","Duration":"00:00:00.0036670","StartTime":"2024-03-04T19:18:51.2090094+00:00","EndTime":"2024-03-04T19:18:51.212676+00:00","Properties":[{"Key":{"Id":"NUnit.Seed","Label":"Seed","Category":"","Description":"","Attributes":0,"ValueType":"System.String"},"Value":"1396259672"}]},{"TestCase":{"Id":"3d751a11-e8c1-b1b4-9015-1dcc0736ca79","FullyQualifiedName":"FastXAppTest.PaymentServiceTest.GetPaymentBy_Should_Return_Payment_By_Id","DisplayName":"GetPaymentBy_Should_Return_Payment_By_Id","ExecutorUri":"executor://NUnit3TestExecutor","Source":"C:\\Users\\A C E R\\Desktop\\FastX - BusTicketBooking\\FastXSolution\\FastXAppTest\\bin\\Debug\\net6.0\\fine-code-coverage\\build-output\\FastXAppTest.dll","CodeFilePath":null,"LineNumber":0,"Properties":[{"Key":{"Id":"NUnit.Seed","Label":"Seed","Category":"","Description":"","Attributes":0,"ValueType":"System.String"},"Value":"2146981976"}]},"Attachments":[],"Outcome":1,"ErrorMessage":null,"ErrorStackTrace":null,"DisplayName":"GetPaymentBy_Should_Return_Payment_By_Id","Messages":[],"ComputerName":"DESKTOP-7RD6P2A","Duration":"00:00:00.0026640","StartTime":"2024-03-04T19:18:51.2127012+00:00","EndTime":"2024-03-04T19:18:51.2153647+00:00","Properties":[{"Key":{"Id":"NUnit.Seed","Label":"Seed","Category":"","Description":"","Attributes":0,"ValueType":"System.String"},"Value":"2146981976"}]},{"TestCase":{"Id":"295290f1-7c42-77eb-6599-758e41cfac94","FullyQualifiedName":"FastXAppTest.PaymentServiceTest.GetPaymentList_Should_Return_List_Of_Payments","DisplayName":"GetPaymentList_Should_Return_List_Of_Payments","ExecutorUri":"executor://NUnit3TestExecutor","Source":"C:\\Users\\A C E R\\Desktop\\FastX - BusTicketBooking\\FastXSolution\\FastXAppTest\\bin\\Debug\\net6.0\\fine-code-coverage\\build-output\\FastXAppTest.dll","CodeFilePath":null,"LineNumber":0,"Properties":[{"Key":{"Id":"NUnit.Seed","Label":"Seed","Category":"","Description":"","Attributes":0,"ValueType":"System.String"},"Value":"404724174"}]},"Attachments":[],"Outcome":1,"ErrorMessage":null,"ErrorStackTrace":null,"DisplayName":"GetPaymentList_Should_Return_List_Of_Payments","Messages":[],"ComputerName":"DESKTOP-7RD6P2A","Duration":"00:00:00.0012750","StartTime":"2024-03-04T19:18:51.2153913+00:00","EndTime":"2024-03-04T19:18:51.2166662+00:00","Properties":[{"Key":{"Id":"NUnit.Seed","Label":"Seed","Category":"","Description":"","Attributes":0,"ValueType":"System.String"},"Value":"404724174"}]},{"TestCase":{"Id":"992cdb33-7c73-03ed-7703-61f3a0162ff5","FullyQualifiedName":"FastXAppTest.TokenServiceTest.GenerateToken","DisplayName":"GenerateToken","ExecutorUri":"executor://NUnit3TestExecutor","Source":"C:\\Users\\A C E R\\Desktop\\FastX - BusTicketBooking\\FastXSolution\\FastXAppTest\\bin\\Debug\\net6.0\\fine-code-coverage\\build-output\\FastXAppTest.dll","CodeFilePath":null,"LineNumber":0,"Properties":[{"Key":{"Id":"NUnit.Seed","Label":"Seed","Category":"","Description":"","Attributes":0,"ValueType":"System.String"},"Value":"1998535045"}]},"Attachments":[],"Outcome":1,"ErrorMessage":null,"ErrorStackTrace":null,"DisplayName":"GenerateToken","Messages":[],"ComputerName":"DESKTOP-7RD6P2A","Duration":"00:00:00.1220460","StartTime":"2024-03-04T19:18:51.2168518+00:00","EndTime":"2024-03-04T19:18:51.3388979+00:00","Properties":[{"Key":{"Id":"NUnit.Seed","Label":"Seed","Category":"","Description":"","Attributes":0,"ValueType":"System.String"},"Value":"1998535045"}]}],"TestRunStatistics":{"ExecutedTests":70,"Stats":{"Failed":3,"Passed":66,"Skipped":1}},"ActiveTests":[]},"RunAttachments":[],"ExecutorUris":["executor://nunit3testexecutor/"]}}
TpTrace Verbose: 0 : 18756, 7, 2024/03/05, 00:48:51.382, 391481669339, vstest.console.dll, TestRequestSender.EndSession: Sending end session.
TpTrace Verbose: 0 : 18756, 7, 2024/03/05, 00:48:51.382, 391481671369, vstest.console.dll, ProxyOperationManager.Close: waiting for test host to exit for 100 ms
TpTrace Verbose: 0 : 18756, 11, 2024/03/05, 00:48:51.406, 391481910097, vstest.console.dll, TestHostManagerCallbacks.ctor: Experimental forwarding output is disabled.
TpTrace Warning: 0 : 18756, 11, 2024/03/05, 00:48:51.406, 391481911076, vstest.console.dll, TestHostManagerCallbacks.ErrorReceivedCallback Test host standard error line: 
TpTrace Verbose: 0 : 18756, 11, 2024/03/05, 00:48:51.417, 391482021715, vstest.console.dll, TestHostProvider.ExitCallBack: Host exited starting callback.
TpTrace Information: 0 : 18756, 11, 2024/03/05, 00:48:51.418, 391482025982, vstest.console.dll, TestHostManagerCallbacks.ExitCallBack: Testhost processId: 11244 exited with exitcode: 0 error: ''
TpTrace Verbose: 0 : 18756, 11, 2024/03/05, 00:48:51.418, 391482026846, vstest.console.dll, DotnetTestHostManager.OnHostExited: invoking OnHostExited callback
TpTrace Verbose: 0 : 18756, 11, 2024/03/05, 00:48:51.418, 391482027549, vstest.console.dll, CrossPlatEngine.TestHostManagerHostExited: calling on client process exit callback.
TpTrace Information: 0 : 18756, 11, 2024/03/05, 00:48:51.418, 391482028399, vstest.console.dll, TestRequestSender.OnClientProcessExit: Test host process exited. Standard error: 
TpTrace Information: 0 : 18756, 11, 2024/03/05, 00:48:51.418, 391482029088, vstest.console.dll, SocketServer.Stop: Stop server endPoint: 127.0.0.1:8933
TpTrace Information: 0 : 18756, 11, 2024/03/05, 00:48:51.418, 391482029657, vstest.console.dll, SocketServer.Stop: Cancellation requested. Stopping message loop.
TpTrace Information: 0 : 18756, 7, 2024/03/05, 00:48:51.418, 391482030097, vstest.console.dll, SocketServer.Stop: Stop server endPoint: 127.0.0.1:8933
TpTrace Information: 0 : 18756, 7, 2024/03/05, 00:48:51.418, 391482030938, vstest.console.dll, SocketServer.Stop: Cancellation requested. Stopping message loop.
TpTrace Verbose: 0 : 18756, 11, 2024/03/05, 00:48:51.418, 391482031261, vstest.console.dll, MulticastDelegateUtilities.SafeInvoke: HostProviderEvents.OnHostExited: Invoking callback 1/1 for Microsoft.VisualStudio.TestPlatform.CrossPlatEngine.Client.ProxyOperationManager., took 0 ms.
TpTrace Information: 0 : 18756, 7, 2024/03/05, 00:48:51.418, 391482031576, vstest.console.dll, Closing the connection
TpTrace Verbose: 0 : 18756, 7, 2024/03/05, 00:48:51.419, 391482035449, vstest.console.dll, ProxyDataCollectionManager.InvokeDataCollectionServiceAction: Starting.
TpTrace Information: 0 : 18756, 7, 2024/03/05, 00:48:51.419, 391482036016, vstest.console.dll, ProxyDataCollectionManager.AfterTestRunEnd: Get attachment set and invoked data collectors processId: 13640 port: 8930
TpTrace Verbose: 0 : 18756, 7, 2024/03/05, 00:48:51.419, 391482036693, vstest.console.dll, DataCollectionRequestSender.SendAfterTestRunStartAndGetResult: Send AfterTestRunEnd message with isCancelled: False
TpTrace Verbose: 0 : 18756, 7, 2024/03/05, 00:48:51.434, 391482192105, vstest.console.dll, DataCollectionRequestSender.SendAfterTestRunStartAndGetResult: Received message: (DataCollection.AfterTestRunEndResult) -> {"MessageType":"DataCollection.AfterTestRunEndResult","Payload":{"AttachmentSets":[],"InvokedDataCollectors":[{"Uri":"datacollector://Microsoft/TestPlatform/Extensions/Blame/v1","FriendlyName":"Blame","AssemblyQualifiedName":"Microsoft.TestPlatform.Extensions.BlameDataCollector.BlameCollector, Microsoft.TestPlatform.Extensions.BlameDataCollector, Version=15.0.0.0, Culture=neutral, PublicKeyToken=b03f5f7f11d50a3a","FilePath":"C:\\Program Files\\dotnet\\sdk\\7.0.402\\Extensions\\Microsoft.TestPlatform.Extensions.BlameDataCollector.dll","HasAttachmentProcessor":false}],"Metrics":{}}}
TpTrace Warning: 0 : 18756, 10, 2024/03/05, 00:48:51.439, 391482234009, vstest.console.dll, DataCollectionLauncher.ErrorReceivedCallback datacollector standard error line: 
TpTrace Information: 0 : 18756, 7, 2024/03/05, 00:48:51.440, 391482249172, vstest.console.dll, ProxyDataCollectionManager.InvokeDataCollectionServiceAction: Completed.
TpTrace Information: 0 : 18756, 10, 2024/03/05, 00:48:51.448, 391482330517, vstest.console.dll, DataCollectionLauncher.ExitCallBack: Data collector exited with exitcode: 0 error: ''
TpTrace Verbose: 0 : 18756, 7, 2024/03/05, 00:48:51.488, 391482732274, vstest.console.dll, TestRunRequest:SendTestRunStatsChange: Starting.
TpTrace Verbose: 0 : 18756, 7, 2024/03/05, 00:48:51.488, 391482733383, vstest.console.dll, MulticastDelegateUtilities.SafeInvoke: TestRun.RunStatsChanged: Invoking callbacks was skipped because there are no subscribers.
TpTrace Information: 0 : 18756, 7, 2024/03/05, 00:48:51.489, 391482733713, vstest.console.dll, TestRunRequest:SendTestRunStatsChange: Completed.
TpTrace Verbose: 0 : 18756, 4, 2024/03/05, 00:48:51.489, 391482733979, vstest.console.dll, MulticastDelegateUtilities.SafeInvoke: InternalTestLoggerEvents.SendTestResult: Invoking callback 1/1 for Microsoft.VisualStudio.TestPlatform.CommandLine.Internal.ConsoleLogger., took 0 ms.
TpTrace Verbose: 0 : 18756, 4, 2024/03/05, 00:48:51.489, 391482734705, vstest.console.dll, MulticastDelegateUtilities.SafeInvoke: InternalTestLoggerEvents.SendTestResult: Invoking callback 1/1 for Microsoft.VisualStudio.TestPlatform.CommandLine.Internal.ConsoleLogger., took 0 ms.
TpTrace Verbose: 0 : 18756, 4, 2024/03/05, 00:48:51.489, 391482735337, vstest.console.dll, MulticastDelegateUtilities.SafeInvoke: InternalTestLoggerEvents.SendTestResult: Invoking callback 1/1 for Microsoft.VisualStudio.TestPlatform.CommandLine.Internal.ConsoleLogger., took 0 ms.
TpTrace Verbose: 0 : 18756, 4, 2024/03/05, 00:48:51.489, 391482736173, vstest.console.dll, MulticastDelegateUtilities.SafeInvoke: InternalTestLoggerEvents.SendTestResult: Invoking callback 1/1 for Microsoft.VisualStudio.TestPlatform.CommandLine.Internal.ConsoleLogger., took 0 ms.
TpTrace Verbose: 0 : 18756, 4, 2024/03/05, 00:48:51.489, 391482736759, vstest.console.dll, MulticastDelegateUtilities.SafeInvoke: InternalTestLoggerEvents.SendTestResult: Invoking callback 1/1 for Microsoft.VisualStudio.TestPlatform.CommandLine.Internal.ConsoleLogger., took 0 ms.
TpTrace Verbose: 0 : 18756, 4, 2024/03/05, 00:48:51.489, 391482737176, vstest.console.dll, MulticastDelegateUtilities.SafeInvoke: InternalTestLoggerEvents.SendTestResult: Invoking callback 1/1 for Microsoft.VisualStudio.TestPlatform.CommandLine.Internal.ConsoleLogger., took 0 ms.
TpTrace Verbose: 0 : 18756, 4, 2024/03/05, 00:48:51.489, 391482737763, vstest.console.dll, MulticastDelegateUtilities.SafeInvoke: InternalTestLoggerEvents.SendTestResult: Invoking callback 1/1 for Microsoft.VisualStudio.TestPlatform.CommandLine.Internal.ConsoleLogger., took 0 ms.
TpTrace Verbose: 0 : 18756, 7, 2024/03/05, 00:48:51.489, 391482738640, vstest.console.dll, ParallelProxyExecutionManager: HandlePartialRunComplete: Total workloads = 1, Total started clients = 1 Total completed clients = 1, Run complete = True, Run canceled: False.
TpTrace Verbose: 0 : 18756, 7, 2024/03/05, 00:48:51.489, 391482739077, vstest.console.dll, ParallelProxyExecutionManager: HandlePartialRunComplete: All runs completed stopping all managers.
TpTrace Verbose: 0 : 18756, 7, 2024/03/05, 00:48:51.489, 391482739411, vstest.console.dll, ParallelOperationManager.StopAllManagers: Stopping all managers.
TpTrace Verbose: 0 : 18756, 7, 2024/03/05, 00:48:51.489, 391482739711, vstest.console.dll, ParallelOperationManager.ClearSlots: Clearing all slots. Slots should accept more work: False
TpTrace Verbose: 0 : 18756, 7, 2024/03/05, 00:48:51.489, 391482740139, vstest.console.dll, ParallelOperationManager.SetOccupiedSlotCount: Setting slot counts AvailableSlotCount = 1, OccupiedSlotCount = 0.
TpTrace Verbose: 0 : 18756, 7, 2024/03/05, 00:48:51.489, 391482740621, vstest.console.dll, Occupied slots:

TpTrace Verbose: 0 : 18756, 4, 2024/03/05, 00:48:51.499, 391482838039, vstest.console.dll, MulticastDelegateUtilities.SafeInvoke: InternalTestLoggerEvents.SendTestRunComplete: Invoking callback 1/2 for Microsoft.TestPlatform.Extensions.BlameDataCollector.BlameLogger., took 0 ms.
TpTrace Verbose: 0 : 18756, 4, 2024/03/05, 00:48:51.505, 391482902082, vstest.console.dll, MulticastDelegateUtilities.SafeInvoke: InternalTestLoggerEvents.SendTestRunComplete: Invoking callback 2/2 for Microsoft.VisualStudio.TestPlatform.CommandLine.Internal.ConsoleLogger., took 6 ms.
TpTrace Verbose: 0 : 18756, 7, 2024/03/05, 00:48:51.506, 391482908295, vstest.console.dll, TestRunRequest:TestRunComplete: Starting. IsAborted:False IsCanceled:False.
TpTrace Verbose: 0 : 18756, 7, 2024/03/05, 00:48:51.506, 391482910420, vstest.console.dll, ParallelOperationManager.DoActionOnAllManagers: Calling an action on all managers.
TpTrace Verbose: 0 : 18756, 7, 2024/03/05, 00:48:51.508, 391482927258, vstest.console.dll, TestLoggerManager.HandleTestRunComplete: Ignoring as the object is disposed.
TpTrace Verbose: 0 : 18756, 7, 2024/03/05, 00:48:51.508, 391482930968, vstest.console.dll, MulticastDelegateUtilities.SafeInvoke: TestRun.TestRunComplete: Invoking callback 1/2 for Microsoft.VisualStudio.TestPlatform.CommandLine.TestRunResultAggregator., took 0 ms.
TpTrace Verbose: 0 : 18756, 7, 2024/03/05, 00:48:51.508, 391482933149, vstest.console.dll, MulticastDelegateUtilities.SafeInvoke: TestRun.TestRunComplete: Invoking callback 2/2 for Microsoft.VisualStudio.TestPlatform.CommandLine.Processors.RunTestsArgumentExecutor+TestRunRequestEventsRegistrar., took 0 ms.
TpTrace Information: 0 : 18756, 7, 2024/03/05, 00:48:51.509, 391482934902, vstest.console.dll, TestRunRequest:TestRunComplete: Completed.
TpTrace Verbose: 0 : 18756, 1, 2024/03/05, 00:48:51.509, 391482935390, vstest.console.dll, TestRunRequest.Dispose: Starting.
TpTrace Verbose: 0 : 18756, 7, 2024/03/05, 00:48:51.509, 391482936317, vstest.console.dll, TestRequestSender.SetOperationComplete: Setting operation complete.
TpTrace Information: 0 : 18756, 1, 2024/03/05, 00:48:51.509, 391482937244, vstest.console.dll, TestRunRequest.Dispose: Completed.
TpTrace Information: 0 : 18756, 7, 2024/03/05, 00:48:51.509, 391482939042, vstest.console.dll, SocketServer.Stop: Stop server endPoint: 127.0.0.1:8933
TpTrace Information: 0 : 18756, 1, 2024/03/05, 00:48:51.509, 391482940149, vstest.console.dll, TestRequestManager.RunTests: run tests completed.
TpTrace Information: 0 : 18756, 7, 2024/03/05, 00:48:51.509, 391482940303, vstest.console.dll, SocketServer.Stop: Cancellation requested. Stopping message loop.
TpTrace Verbose: 0 : 18756, 7, 2024/03/05, 00:48:51.509, 391482941994, vstest.console.dll, MulticastDelegateUtilities.SafeInvoke: LengthPrefixCommunicationChannel: MessageReceived: Invoking callback 1/1 for Microsoft.VisualStudio.TestPlatform.CommunicationUtilities.TestRequestSender+<>c__DisplayClass34_0., took 127 ms.
TpTrace Information: 0 : 18756, 7, 2024/03/05, 00:48:51.509, 391482942999, vstest.console.dll, SocketServer.PrivateStop: Stopping server endPoint: 127.0.0.1:8933 error: 
TpTrace Information: 0 : 18756, 1, 2024/03/05, 00:48:51.509, 391482942995, vstest.console.dll, RunTestsArgumentProcessor:Execute: Test run is completed.
TpTrace Verbose: 0 : 18756, 1, 2024/03/05, 00:48:51.510, 391482947669, vstest.console.dll, Executor.Execute: Exiting with exit code of 1
TpTrace Verbose: 0 : 18756, 7, 2024/03/05, 00:48:51.510, 391482951765, vstest.console.dll, LengthPrefixCommunicationChannel.Dispose: Dispose reader and writer.
TpTrace Information: 0 : 18756, 7, 2024/03/05, 00:48:51.510, 391482953000, vstest.console.dll, SocketServer.Stop: Raise disconnected event endPoint: 127.0.0.1:8933 error: 
TpTrace Verbose: 0 : 18756, 7, 2024/03/05, 00:48:51.511, 391482955255, vstest.console.dll, TestRequestSender: OnTestRunAbort: Operation is already complete. Skip error message.
